<?xml version="1.0" encoding="UTF-8"?>
<testsuite xmlns:xsi="http://www.w3.org/2001/XMLSchema-instance" xsi:noNamespaceSchemaLocation="https://maven.apache.org/surefire/maven-surefire-plugin/xsd/surefire-test-report.xsd" version="3.0.2" name="com.pedidos.hw.controller.PedidoControllerIntegrationTest" time="11.304" tests="8" errors="0" skipped="0" failures="0">
  <properties>
[...]
</properties>
  <testcase name="shouldNotReturnPedido" classname="com.pedidos.hw.controller.PedidoControllerIntegrationTest" time="0.677">
    <system-out><![CDATA[23:30:35.892 [main] INFO org.springframework.test.context.support.AnnotationConfigContextLoaderUtils -- Could not detect default configuration classes for test class [com.pedidos.hw.controller.PedidoControllerIntegrationTest]: PedidoControllerIntegrationTest does not declare any static, non-private, non-final, nested classes annotated with @Configuration.
23:30:36.038 [main] INFO org.springframework.boot.test.context.SpringBootTestContextBootstrapper -- Found @SpringBootConfiguration com.pedidos.hw.HwApplication for test class com.pedidos.hw.controller.PedidoControllerIntegrationTest

  .   ____          _            __ _ _
 /\\ / ___'_ __ _ _(_)_ __  __ _ \ \ \ \
( ( )\___ | '_ | '_| | '_ \/ _` | \ \ \ \
 \\/  ___)| |_)| | | | | || (_| |  ) ) ) )
  '  |____| .__|_| |_|_| |_\__, | / / / /
 =========|_|==============|___/=/_/_/_/

 :: Spring Boot ::                (v3.4.7)

2025-06-26T23:30:36.624-04:00  INFO 11948 --- [hw] [           main] c.p.h.c.PedidoControllerIntegrationTest  : Starting PedidoControllerIntegrationTest using Java 21.0.5 with PID 11948 (started by colom in c:\Users\colom\Documents\hw_local\pedidos-hw)
2025-06-26T23:30:36.626-04:00  INFO 11948 --- [hw] [           main] c.p.h.c.PedidoControllerIntegrationTest  : No active profile set, falling back to 1 default profile: "default"
2025-06-26T23:30:37.340-04:00  INFO 11948 --- [hw] [           main] .s.d.r.c.RepositoryConfigurationDelegate : Multiple Spring Data modules found, entering strict repository configuration mode
2025-06-26T23:30:37.341-04:00  INFO 11948 --- [hw] [           main] .s.d.r.c.RepositoryConfigurationDelegate : Bootstrapping Spring Data JDBC repositories in DEFAULT mode.
2025-06-26T23:30:37.369-04:00  INFO 11948 --- [hw] [           main] .RepositoryConfigurationExtensionSupport : Spring Data JDBC - Could not safely identify store assignment for repository candidate interface com.pedidos.hw.repository.DetallePedidoRepository; If you want this repository to be a JDBC repository, consider annotating your entities with one of these annotations: org.springframework.data.relational.core.mapping.Table.
2025-06-26T23:30:37.371-04:00  INFO 11948 --- [hw] [           main] .RepositoryConfigurationExtensionSupport : Spring Data JDBC - Could not safely identify store assignment for repository candidate interface com.pedidos.hw.repository.PedidoRepository; If you want this repository to be a JDBC repository, consider annotating your entities with one of these annotations: org.springframework.data.relational.core.mapping.Table.
2025-06-26T23:30:37.372-04:00  INFO 11948 --- [hw] [           main] .s.d.r.c.RepositoryConfigurationDelegate : Finished Spring Data repository scanning in 24 ms. Found 0 JDBC repository interfaces.
2025-06-26T23:30:37.382-04:00  INFO 11948 --- [hw] [           main] .s.d.r.c.RepositoryConfigurationDelegate : Multiple Spring Data modules found, entering strict repository configuration mode
2025-06-26T23:30:37.383-04:00  INFO 11948 --- [hw] [           main] .s.d.r.c.RepositoryConfigurationDelegate : Bootstrapping Spring Data JPA repositories in DEFAULT mode.
2025-06-26T23:30:37.408-04:00  INFO 11948 --- [hw] [           main] .s.d.r.c.RepositoryConfigurationDelegate : Finished Spring Data repository scanning in 20 ms. Found 2 JPA repository interfaces.
2025-06-26T23:30:37.537-04:00  INFO 11948 --- [hw] [           main] o.s.cloud.context.scope.GenericScope     : BeanFactory id=d453d71d-d9b2-3620-b54a-244220f6be21
2025-06-26T23:30:37.701-04:00 DEBUG 11948 --- [hw] [           main] com.zaxxer.hikari.HikariConfig           : Driver class oracle.jdbc.OracleDriver found in Thread context class loader jdk.internal.loader.ClassLoaders$AppClassLoader@70dea4e
2025-06-26T23:30:37.928-04:00 DEBUG 11948 --- [hw] [           main] o.hibernate.jpa.internal.util.LogHelper  : PersistenceUnitInfo [
	name: default
	persistence provider classname: null
	classloader: jdk.internal.loader.ClassLoaders$AppClassLoader@70dea4e
	excludeUnlistedClasses: true
	JTA datasource: null
	Non JTA datasource: HikariDataSource (null)
	Transaction type: RESOURCE_LOCAL
	PU root URL: file:/C:/Users/colom/Documents/hw_local/pedidos-hw/target/test-classes/
	Shared Cache Mode: UNSPECIFIED
	Validation Mode: AUTO
	Jar files URLs []
	Managed classes names [
		com.pedidos.hw.model.DetallePedido
		com.pedidos.hw.model.Pedido]
	Mapping files names []
	Properties []
2025-06-26T23:30:37.935-04:00 DEBUG 11948 --- [hw] [           main] o.h.i.internal.IntegratorServiceImpl     : Adding Integrator [org.hibernate.boot.beanvalidation.BeanValidationIntegrator].
2025-06-26T23:30:37.936-04:00 DEBUG 11948 --- [hw] [           main] o.h.i.internal.IntegratorServiceImpl     : Adding Integrator [org.hibernate.cache.internal.CollectionCacheInvalidator].
2025-06-26T23:30:37.991-04:00  INFO 11948 --- [hw] [           main] org.hibernate.Version                    : HHH000412: Hibernate ORM core version 6.6.18.Final
2025-06-26T23:30:37.992-04:00 DEBUG 11948 --- [hw] [           main] org.hibernate.cfg.Environment            : HHH000206: 'hibernate.properties' not found
2025-06-26T23:30:38.012-04:00 DEBUG 11948 --- [hw] [           main] org.hibernate.orm.idgen.factory          : Registering IdentifierGenerator strategy [uuid2] -> [org.hibernate.id.UUIDGenerator]
2025-06-26T23:30:38.013-04:00 DEBUG 11948 --- [hw] [           main] org.hibernate.orm.idgen.factory          : Registering IdentifierGenerator strategy [guid] -> [org.hibernate.id.GUIDGenerator]
2025-06-26T23:30:38.014-04:00 DEBUG 11948 --- [hw] [           main] org.hibernate.orm.idgen.factory          : Registering IdentifierGenerator strategy [uuid] -> [org.hibernate.id.UUIDHexGenerator]
2025-06-26T23:30:38.014-04:00 DEBUG 11948 --- [hw] [           main] org.hibernate.orm.idgen.factory          : Registering IdentifierGenerator strategy [uuid.hex] -> [org.hibernate.id.UUIDHexGenerator]
2025-06-26T23:30:38.014-04:00 DEBUG 11948 --- [hw] [           main] org.hibernate.orm.idgen.factory          : Registering IdentifierGenerator strategy [assigned] -> [org.hibernate.id.Assigned]
2025-06-26T23:30:38.015-04:00 DEBUG 11948 --- [hw] [           main] org.hibernate.orm.idgen.factory          : Registering IdentifierGenerator strategy [identity] -> [org.hibernate.id.IdentityGenerator]
2025-06-26T23:30:38.015-04:00 DEBUG 11948 --- [hw] [           main] org.hibernate.orm.idgen.factory          : Registering IdentifierGenerator strategy [select] -> [org.hibernate.id.SelectGenerator]
2025-06-26T23:30:38.016-04:00 DEBUG 11948 --- [hw] [           main] org.hibernate.orm.idgen.factory          : Registering IdentifierGenerator strategy [sequence] -> [org.hibernate.id.enhanced.SequenceStyleGenerator]
2025-06-26T23:30:38.017-04:00 DEBUG 11948 --- [hw] [           main] org.hibernate.orm.idgen.factory          : Registering IdentifierGenerator strategy [increment] -> [org.hibernate.id.IncrementGenerator]
2025-06-26T23:30:38.017-04:00 DEBUG 11948 --- [hw] [           main] org.hibernate.orm.idgen.factory          : Registering IdentifierGenerator strategy [foreign] -> [org.hibernate.id.ForeignGenerator]
2025-06-26T23:30:38.017-04:00 DEBUG 11948 --- [hw] [           main] org.hibernate.orm.idgen.factory          : Registering IdentifierGenerator strategy [enhanced-sequence] -> [org.hibernate.id.enhanced.SequenceStyleGenerator]
2025-06-26T23:30:38.018-04:00 DEBUG 11948 --- [hw] [           main] org.hibernate.orm.idgen.factory          : Registering IdentifierGenerator strategy [enhanced-table] -> [org.hibernate.id.enhanced.TableGenerator]
2025-06-26T23:30:38.025-04:00 DEBUG 11948 --- [hw] [           main] o.h.c.internal.RegionFactoryInitiator    : Cannot default RegionFactory based on registered strategies as `[]` RegionFactory strategies were registered
2025-06-26T23:30:38.026-04:00  INFO 11948 --- [hw] [           main] o.h.c.internal.RegionFactoryInitiator    : HHH000026: Second-level cache disabled
2025-06-26T23:30:38.112-04:00 DEBUG 11948 --- [hw] [           main] org.hibernate.type.BasicTypeRegistry     : Adding type registration boolean -> org.hibernate.type.BasicTypeReference@2d2fc130
2025-06-26T23:30:38.112-04:00 DEBUG 11948 --- [hw] [           main] org.hibernate.type.BasicTypeRegistry     : Adding type registration boolean -> org.hibernate.type.BasicTypeReference@2d2fc130
2025-06-26T23:30:38.112-04:00 DEBUG 11948 --- [hw] [           main] org.hibernate.type.BasicTypeRegistry     : Adding type registration java.lang.Boolean -> org.hibernate.type.BasicTypeReference@2d2fc130
2025-06-26T23:30:38.112-04:00 DEBUG 11948 --- [hw] [           main] org.hibernate.type.BasicTypeRegistry     : Adding type registration numeric_boolean -> org.hibernate.type.BasicTypeReference@7bbdb220
2025-06-26T23:30:38.112-04:00 DEBUG 11948 --- [hw] [           main] org.hibernate.type.BasicTypeRegistry     : Adding type registration org.hibernate.type.NumericBooleanConverter -> org.hibernate.type.BasicTypeReference@7bbdb220
2025-06-26T23:30:38.112-04:00 DEBUG 11948 --- [hw] [           main] org.hibernate.type.BasicTypeRegistry     : Adding type registration true_false -> org.hibernate.type.BasicTypeReference@6d001fbe
2025-06-26T23:30:38.112-04:00 DEBUG 11948 --- [hw] [           main] org.hibernate.type.BasicTypeRegistry     : Adding type registration org.hibernate.type.TrueFalseConverter -> org.hibernate.type.BasicTypeReference@6d001fbe
2025-06-26T23:30:38.112-04:00 DEBUG 11948 --- [hw] [           main] org.hibernate.type.BasicTypeRegistry     : Adding type registration yes_no -> org.hibernate.type.BasicTypeReference@d120d7c
2025-06-26T23:30:38.113-04:00 DEBUG 11948 --- [hw] [           main] org.hibernate.type.BasicTypeRegistry     : Adding type registration org.hibernate.type.YesNoConverter -> org.hibernate.type.BasicTypeReference@d120d7c
2025-06-26T23:30:38.113-04:00 DEBUG 11948 --- [hw] [           main] org.hibernate.type.BasicTypeRegistry     : Adding type registration byte -> org.hibernate.type.BasicTypeReference@5ee77baf
2025-06-26T23:30:38.113-04:00 DEBUG 11948 --- [hw] [           main] org.hibernate.type.BasicTypeRegistry     : Adding type registration byte -> org.hibernate.type.BasicTypeReference@5ee77baf
2025-06-26T23:30:38.113-04:00 DEBUG 11948 --- [hw] [           main] org.hibernate.type.BasicTypeRegistry     : Adding type registration java.lang.Byte -> org.hibernate.type.BasicTypeReference@5ee77baf
2025-06-26T23:30:38.113-04:00 DEBUG 11948 --- [hw] [           main] org.hibernate.type.BasicTypeRegistry     : Adding type registration binary -> org.hibernate.type.BasicTypeReference@485deee1
2025-06-26T23:30:38.113-04:00 DEBUG 11948 --- [hw] [           main] org.hibernate.type.BasicTypeRegistry     : Adding type registration byte[] -> org.hibernate.type.BasicTypeReference@485deee1
2025-06-26T23:30:38.113-04:00 DEBUG 11948 --- [hw] [           main] org.hibernate.type.BasicTypeRegistry     : Adding type registration [B -> org.hibernate.type.BasicTypeReference@485deee1
2025-06-26T23:30:38.113-04:00 DEBUG 11948 --- [hw] [           main] org.hibernate.type.BasicTypeRegistry     : Adding type registration binary_wrapper -> org.hibernate.type.BasicTypeReference@25cde5bb
2025-06-26T23:30:38.113-04:00 DEBUG 11948 --- [hw] [           main] org.hibernate.type.BasicTypeRegistry     : Adding type registration wrapper-binary -> org.hibernate.type.BasicTypeReference@25cde5bb
2025-06-26T23:30:38.113-04:00 DEBUG 11948 --- [hw] [           main] org.hibernate.type.BasicTypeRegistry     : Adding type registration image -> org.hibernate.type.BasicTypeReference@38a96593
2025-06-26T23:30:38.113-04:00 DEBUG 11948 --- [hw] [           main] org.hibernate.type.BasicTypeRegistry     : Adding type registration blob -> org.hibernate.type.BasicTypeReference@5df64b2a
2025-06-26T23:30:38.114-04:00 DEBUG 11948 --- [hw] [           main] org.hibernate.type.BasicTypeRegistry     : Adding type registration java.sql.Blob -> org.hibernate.type.BasicTypeReference@5df64b2a
2025-06-26T23:30:38.114-04:00 DEBUG 11948 --- [hw] [           main] org.hibernate.type.BasicTypeRegistry     : Adding type registration materialized_blob -> org.hibernate.type.BasicTypeReference@7afb9c93
2025-06-26T23:30:38.114-04:00 DEBUG 11948 --- [hw] [           main] org.hibernate.type.BasicTypeRegistry     : Adding type registration materialized_blob_wrapper -> org.hibernate.type.BasicTypeReference@30d15e4a
2025-06-26T23:30:38.114-04:00 DEBUG 11948 --- [hw] [           main] org.hibernate.type.BasicTypeRegistry     : Adding type registration short -> org.hibernate.type.BasicTypeReference@43a7203e
2025-06-26T23:30:38.114-04:00 DEBUG 11948 --- [hw] [           main] org.hibernate.type.BasicTypeRegistry     : Adding type registration short -> org.hibernate.type.BasicTypeReference@43a7203e
2025-06-26T23:30:38.114-04:00 DEBUG 11948 --- [hw] [           main] org.hibernate.type.BasicTypeRegistry     : Adding type registration java.lang.Short -> org.hibernate.type.BasicTypeReference@43a7203e
2025-06-26T23:30:38.114-04:00 DEBUG 11948 --- [hw] [           main] org.hibernate.type.BasicTypeRegistry     : Adding type registration integer -> org.hibernate.type.BasicTypeReference@2c678c7b
2025-06-26T23:30:38.114-04:00 DEBUG 11948 --- [hw] [           main] org.hibernate.type.BasicTypeRegistry     : Adding type registration int -> org.hibernate.type.BasicTypeReference@2c678c7b
2025-06-26T23:30:38.114-04:00 DEBUG 11948 --- [hw] [           main] org.hibernate.type.BasicTypeRegistry     : Adding type registration java.lang.Integer -> org.hibernate.type.BasicTypeReference@2c678c7b
2025-06-26T23:30:38.114-04:00 DEBUG 11948 --- [hw] [           main] org.hibernate.type.BasicTypeRegistry     : Adding type registration long -> org.hibernate.type.BasicTypeReference@a5e8260
2025-06-26T23:30:38.114-04:00 DEBUG 11948 --- [hw] [           main] org.hibernate.type.BasicTypeRegistry     : Adding type registration long -> org.hibernate.type.BasicTypeReference@a5e8260
2025-06-26T23:30:38.114-04:00 DEBUG 11948 --- [hw] [           main] org.hibernate.type.BasicTypeRegistry     : Adding type registration java.lang.Long -> org.hibernate.type.BasicTypeReference@a5e8260
2025-06-26T23:30:38.115-04:00 DEBUG 11948 --- [hw] [           main] org.hibernate.type.BasicTypeRegistry     : Adding type registration float -> org.hibernate.type.BasicTypeReference@30c7be6f
2025-06-26T23:30:38.115-04:00 DEBUG 11948 --- [hw] [           main] org.hibernate.type.BasicTypeRegistry     : Adding type registration float -> org.hibernate.type.BasicTypeReference@30c7be6f
2025-06-26T23:30:38.115-04:00 DEBUG 11948 --- [hw] [           main] org.hibernate.type.BasicTypeRegistry     : Adding type registration java.lang.Float -> org.hibernate.type.BasicTypeReference@30c7be6f
2025-06-26T23:30:38.115-04:00 DEBUG 11948 --- [hw] [           main] org.hibernate.type.BasicTypeRegistry     : Adding type registration double -> org.hibernate.type.BasicTypeReference@4a9bce99
2025-06-26T23:30:38.115-04:00 DEBUG 11948 --- [hw] [           main] org.hibernate.type.BasicTypeRegistry     : Adding type registration double -> org.hibernate.type.BasicTypeReference@4a9bce99
2025-06-26T23:30:38.115-04:00 DEBUG 11948 --- [hw] [           main] org.hibernate.type.BasicTypeRegistry     : Adding type registration java.lang.Double -> org.hibernate.type.BasicTypeReference@4a9bce99
2025-06-26T23:30:38.115-04:00 DEBUG 11948 --- [hw] [           main] org.hibernate.type.BasicTypeRegistry     : Adding type registration big_integer -> org.hibernate.type.BasicTypeReference@5a0f87e5
2025-06-26T23:30:38.115-04:00 DEBUG 11948 --- [hw] [           main] org.hibernate.type.BasicTypeRegistry     : Adding type registration java.math.BigInteger -> org.hibernate.type.BasicTypeReference@5a0f87e5
2025-06-26T23:30:38.115-04:00 DEBUG 11948 --- [hw] [           main] org.hibernate.type.BasicTypeRegistry     : Adding type registration big_decimal -> org.hibernate.type.BasicTypeReference@243c4346
2025-06-26T23:30:38.115-04:00 DEBUG 11948 --- [hw] [           main] org.hibernate.type.BasicTypeRegistry     : Adding type registration java.math.BigDecimal -> org.hibernate.type.BasicTypeReference@243c4346
2025-06-26T23:30:38.115-04:00 DEBUG 11948 --- [hw] [           main] org.hibernate.type.BasicTypeRegistry     : Adding type registration character -> org.hibernate.type.BasicTypeReference@2905b568
2025-06-26T23:30:38.115-04:00 DEBUG 11948 --- [hw] [           main] org.hibernate.type.BasicTypeRegistry     : Adding type registration char -> org.hibernate.type.BasicTypeReference@2905b568
2025-06-26T23:30:38.116-04:00 DEBUG 11948 --- [hw] [           main] org.hibernate.type.BasicTypeRegistry     : Adding type registration java.lang.Character -> org.hibernate.type.BasicTypeReference@2905b568
2025-06-26T23:30:38.116-04:00 DEBUG 11948 --- [hw] [           main] org.hibernate.type.BasicTypeRegistry     : Adding type registration character_nchar -> org.hibernate.type.BasicTypeReference@3dfe59d7
2025-06-26T23:30:38.116-04:00 DEBUG 11948 --- [hw] [           main] org.hibernate.type.BasicTypeRegistry     : Adding type registration string -> org.hibernate.type.BasicTypeReference@1be8c122
2025-06-26T23:30:38.116-04:00 DEBUG 11948 --- [hw] [           main] org.hibernate.type.BasicTypeRegistry     : Adding type registration java.lang.String -> org.hibernate.type.BasicTypeReference@1be8c122
2025-06-26T23:30:38.116-04:00 DEBUG 11948 --- [hw] [           main] org.hibernate.type.BasicTypeRegistry     : Adding type registration nstring -> org.hibernate.type.BasicTypeReference@5d08976a
2025-06-26T23:30:38.116-04:00 DEBUG 11948 --- [hw] [           main] org.hibernate.type.BasicTypeRegistry     : Adding type registration characters -> org.hibernate.type.BasicTypeReference@59a2d756
2025-06-26T23:30:38.116-04:00 DEBUG 11948 --- [hw] [           main] org.hibernate.type.BasicTypeRegistry     : Adding type registration char[] -> org.hibernate.type.BasicTypeReference@59a2d756
2025-06-26T23:30:38.116-04:00 DEBUG 11948 --- [hw] [           main] org.hibernate.type.BasicTypeRegistry     : Adding type registration [C -> org.hibernate.type.BasicTypeReference@59a2d756
2025-06-26T23:30:38.116-04:00 DEBUG 11948 --- [hw] [           main] org.hibernate.type.BasicTypeRegistry     : Adding type registration wrapper-characters -> org.hibernate.type.BasicTypeReference@165d1d54
2025-06-26T23:30:38.116-04:00 DEBUG 11948 --- [hw] [           main] org.hibernate.type.BasicTypeRegistry     : Adding type registration text -> org.hibernate.type.BasicTypeReference@4be12f6c
2025-06-26T23:30:38.116-04:00 DEBUG 11948 --- [hw] [           main] org.hibernate.type.BasicTypeRegistry     : Adding type registration ntext -> org.hibernate.type.BasicTypeReference@52cb52bd
2025-06-26T23:30:38.116-04:00 DEBUG 11948 --- [hw] [           main] org.hibernate.type.BasicTypeRegistry     : Adding type registration clob -> org.hibernate.type.BasicTypeReference@1d1c37d5
2025-06-26T23:30:38.116-04:00 DEBUG 11948 --- [hw] [           main] org.hibernate.type.BasicTypeRegistry     : Adding type registration java.sql.Clob -> org.hibernate.type.BasicTypeReference@1d1c37d5
2025-06-26T23:30:38.117-04:00 DEBUG 11948 --- [hw] [           main] org.hibernate.type.BasicTypeRegistry     : Adding type registration nclob -> org.hibernate.type.BasicTypeReference@63553e9f
2025-06-26T23:30:38.117-04:00 DEBUG 11948 --- [hw] [           main] org.hibernate.type.BasicTypeRegistry     : Adding type registration java.sql.NClob -> org.hibernate.type.BasicTypeReference@63553e9f
2025-06-26T23:30:38.117-04:00 DEBUG 11948 --- [hw] [           main] org.hibernate.type.BasicTypeRegistry     : Adding type registration materialized_clob -> org.hibernate.type.BasicTypeReference@218df7d6
2025-06-26T23:30:38.117-04:00 DEBUG 11948 --- [hw] [           main] org.hibernate.type.BasicTypeRegistry     : Adding type registration materialized_clob_char_array -> org.hibernate.type.BasicTypeReference@295b07e0
2025-06-26T23:30:38.117-04:00 DEBUG 11948 --- [hw] [           main] org.hibernate.type.BasicTypeRegistry     : Adding type registration materialized_clob_character_array -> org.hibernate.type.BasicTypeReference@55053f81
2025-06-26T23:30:38.117-04:00 DEBUG 11948 --- [hw] [           main] org.hibernate.type.BasicTypeRegistry     : Adding type registration materialized_nclob -> org.hibernate.type.BasicTypeReference@1fee4278
2025-06-26T23:30:38.117-04:00 DEBUG 11948 --- [hw] [           main] org.hibernate.type.BasicTypeRegistry     : Adding type registration materialized_nclob_character_array -> org.hibernate.type.BasicTypeReference@51132514
2025-06-26T23:30:38.117-04:00 DEBUG 11948 --- [hw] [           main] org.hibernate.type.BasicTypeRegistry     : Adding type registration materialized_nclob_char_array -> org.hibernate.type.BasicTypeReference@20864cd1
2025-06-26T23:30:38.117-04:00 DEBUG 11948 --- [hw] [           main] org.hibernate.type.BasicTypeRegistry     : Adding type registration Duration -> org.hibernate.type.BasicTypeReference@5c839677
2025-06-26T23:30:38.117-04:00 DEBUG 11948 --- [hw] [           main] org.hibernate.type.BasicTypeRegistry     : Adding type registration java.time.Duration -> org.hibernate.type.BasicTypeReference@5c839677
2025-06-26T23:30:38.117-04:00 DEBUG 11948 --- [hw] [           main] org.hibernate.type.BasicTypeRegistry     : Adding type registration LocalDateTime -> org.hibernate.type.BasicTypeReference@3193e21d
2025-06-26T23:30:38.118-04:00 DEBUG 11948 --- [hw] [           main] org.hibernate.type.BasicTypeRegistry     : Adding type registration java.time.LocalDateTime -> org.hibernate.type.BasicTypeReference@3193e21d
2025-06-26T23:30:38.118-04:00 DEBUG 11948 --- [hw] [           main] org.hibernate.type.BasicTypeRegistry     : Adding type registration LocalDate -> org.hibernate.type.BasicTypeReference@79604abe
2025-06-26T23:30:38.118-04:00 DEBUG 11948 --- [hw] [           main] org.hibernate.type.BasicTypeRegistry     : Adding type registration java.time.LocalDate -> org.hibernate.type.BasicTypeReference@79604abe
2025-06-26T23:30:38.118-04:00 DEBUG 11948 --- [hw] [           main] org.hibernate.type.BasicTypeRegistry     : Adding type registration LocalTime -> org.hibernate.type.BasicTypeReference@6b126187
2025-06-26T23:30:38.118-04:00 DEBUG 11948 --- [hw] [           main] org.hibernate.type.BasicTypeRegistry     : Adding type registration java.time.LocalTime -> org.hibernate.type.BasicTypeReference@6b126187
2025-06-26T23:30:38.118-04:00 DEBUG 11948 --- [hw] [           main] org.hibernate.type.BasicTypeRegistry     : Adding type registration OffsetDateTime -> org.hibernate.type.BasicTypeReference@2b6262bc
2025-06-26T23:30:38.118-04:00 DEBUG 11948 --- [hw] [           main] org.hibernate.type.BasicTypeRegistry     : Adding type registration java.time.OffsetDateTime -> org.hibernate.type.BasicTypeReference@2b6262bc
2025-06-26T23:30:38.118-04:00 DEBUG 11948 --- [hw] [           main] org.hibernate.type.BasicTypeRegistry     : Adding type registration OffsetDateTimeWithTimezone -> org.hibernate.type.BasicTypeReference@5cffec7
2025-06-26T23:30:38.118-04:00 DEBUG 11948 --- [hw] [           main] org.hibernate.type.BasicTypeRegistry     : Adding type registration OffsetDateTimeWithoutTimezone -> org.hibernate.type.BasicTypeReference@7e81617a
2025-06-26T23:30:38.118-04:00 DEBUG 11948 --- [hw] [           main] org.hibernate.type.BasicTypeRegistry     : Adding type registration OffsetTime -> org.hibernate.type.BasicTypeReference@6e73974
2025-06-26T23:30:38.118-04:00 DEBUG 11948 --- [hw] [           main] org.hibernate.type.BasicTypeRegistry     : Adding type registration java.time.OffsetTime -> org.hibernate.type.BasicTypeReference@6e73974
2025-06-26T23:30:38.119-04:00 DEBUG 11948 --- [hw] [           main] org.hibernate.type.BasicTypeRegistry     : Adding type registration OffsetTimeUtc -> org.hibernate.type.BasicTypeReference@3e28dc96
2025-06-26T23:30:38.119-04:00 DEBUG 11948 --- [hw] [           main] org.hibernate.type.BasicTypeRegistry     : Adding type registration OffsetTimeWithTimezone -> org.hibernate.type.BasicTypeReference@44eb2452
2025-06-26T23:30:38.119-04:00 DEBUG 11948 --- [hw] [           main] org.hibernate.type.BasicTypeRegistry     : Adding type registration OffsetTimeWithoutTimezone -> org.hibernate.type.BasicTypeReference@31940704
2025-06-26T23:30:38.119-04:00 DEBUG 11948 --- [hw] [           main] org.hibernate.type.BasicTypeRegistry     : Adding type registration ZonedDateTime -> org.hibernate.type.BasicTypeReference@e07b4db
2025-06-26T23:30:38.119-04:00 DEBUG 11948 --- [hw] [           main] org.hibernate.type.BasicTypeRegistry     : Adding type registration java.time.ZonedDateTime -> org.hibernate.type.BasicTypeReference@e07b4db
2025-06-26T23:30:38.119-04:00 DEBUG 11948 --- [hw] [           main] org.hibernate.type.BasicTypeRegistry     : Adding type registration ZonedDateTimeWithTimezone -> org.hibernate.type.BasicTypeReference@76b305e1
2025-06-26T23:30:38.119-04:00 DEBUG 11948 --- [hw] [           main] org.hibernate.type.BasicTypeRegistry     : Adding type registration ZonedDateTimeWithoutTimezone -> org.hibernate.type.BasicTypeReference@6be766d1
2025-06-26T23:30:38.119-04:00 DEBUG 11948 --- [hw] [           main] org.hibernate.type.BasicTypeRegistry     : Adding type registration date -> org.hibernate.type.BasicTypeReference@7adae08e
2025-06-26T23:30:38.119-04:00 DEBUG 11948 --- [hw] [           main] org.hibernate.type.BasicTypeRegistry     : Adding type registration java.sql.Date -> org.hibernate.type.BasicTypeReference@7adae08e
2025-06-26T23:30:38.119-04:00 DEBUG 11948 --- [hw] [           main] org.hibernate.type.BasicTypeRegistry     : Adding type registration time -> org.hibernate.type.BasicTypeReference@49c83262
2025-06-26T23:30:38.120-04:00 DEBUG 11948 --- [hw] [           main] org.hibernate.type.BasicTypeRegistry     : Adding type registration java.sql.Time -> org.hibernate.type.BasicTypeReference@49c83262
2025-06-26T23:30:38.120-04:00 DEBUG 11948 --- [hw] [           main] org.hibernate.type.BasicTypeRegistry     : Adding type registration timestamp -> org.hibernate.type.BasicTypeReference@273aaab7
2025-06-26T23:30:38.120-04:00 DEBUG 11948 --- [hw] [           main] org.hibernate.type.BasicTypeRegistry     : Adding type registration java.sql.Timestamp -> org.hibernate.type.BasicTypeReference@273aaab7
2025-06-26T23:30:38.120-04:00 DEBUG 11948 --- [hw] [           main] org.hibernate.type.BasicTypeRegistry     : Adding type registration java.util.Date -> org.hibernate.type.BasicTypeReference@273aaab7
2025-06-26T23:30:38.120-04:00 DEBUG 11948 --- [hw] [           main] org.hibernate.type.BasicTypeRegistry     : Adding type registration calendar -> org.hibernate.type.BasicTypeReference@77bb916f
2025-06-26T23:30:38.120-04:00 DEBUG 11948 --- [hw] [           main] org.hibernate.type.BasicTypeRegistry     : Adding type registration java.util.Calendar -> org.hibernate.type.BasicTypeReference@77bb916f
2025-06-26T23:30:38.120-04:00 DEBUG 11948 --- [hw] [           main] org.hibernate.type.BasicTypeRegistry     : Adding type registration java.util.GregorianCalendar -> org.hibernate.type.BasicTypeReference@77bb916f
2025-06-26T23:30:38.120-04:00 DEBUG 11948 --- [hw] [           main] org.hibernate.type.BasicTypeRegistry     : Adding type registration calendar_date -> org.hibernate.type.BasicTypeReference@5a48d186
2025-06-26T23:30:38.120-04:00 DEBUG 11948 --- [hw] [           main] org.hibernate.type.BasicTypeRegistry     : Adding type registration calendar_time -> org.hibernate.type.BasicTypeReference@521ba38f
2025-06-26T23:30:38.120-04:00 DEBUG 11948 --- [hw] [           main] org.hibernate.type.BasicTypeRegistry     : Adding type registration instant -> org.hibernate.type.BasicTypeReference@2086d469
2025-06-26T23:30:38.120-04:00 DEBUG 11948 --- [hw] [           main] org.hibernate.type.BasicTypeRegistry     : Adding type registration java.time.Instant -> org.hibernate.type.BasicTypeReference@2086d469
2025-06-26T23:30:38.120-04:00 DEBUG 11948 --- [hw] [           main] org.hibernate.type.BasicTypeRegistry     : Adding type registration uuid -> org.hibernate.type.BasicTypeReference@b1d19ff
2025-06-26T23:30:38.120-04:00 DEBUG 11948 --- [hw] [           main] org.hibernate.type.BasicTypeRegistry     : Adding type registration java.util.UUID -> org.hibernate.type.BasicTypeReference@b1d19ff
2025-06-26T23:30:38.120-04:00 DEBUG 11948 --- [hw] [           main] org.hibernate.type.BasicTypeRegistry     : Adding type registration pg-uuid -> org.hibernate.type.BasicTypeReference@b1d19ff
2025-06-26T23:30:38.121-04:00 DEBUG 11948 --- [hw] [           main] org.hibernate.type.BasicTypeRegistry     : Adding type registration uuid-binary -> org.hibernate.type.BasicTypeReference@17c53dfb
2025-06-26T23:30:38.121-04:00 DEBUG 11948 --- [hw] [           main] org.hibernate.type.BasicTypeRegistry     : Adding type registration uuid-char -> org.hibernate.type.BasicTypeReference@184de357
2025-06-26T23:30:38.121-04:00 DEBUG 11948 --- [hw] [           main] org.hibernate.type.BasicTypeRegistry     : Adding type registration class -> org.hibernate.type.BasicTypeReference@efe49ab
2025-06-26T23:30:38.121-04:00 DEBUG 11948 --- [hw] [           main] org.hibernate.type.BasicTypeRegistry     : Adding type registration java.lang.Class -> org.hibernate.type.BasicTypeReference@efe49ab
2025-06-26T23:30:38.121-04:00 DEBUG 11948 --- [hw] [           main] org.hibernate.type.BasicTypeRegistry     : Adding type registration currency -> org.hibernate.type.BasicTypeReference@6dcf7b6a
2025-06-26T23:30:38.121-04:00 DEBUG 11948 --- [hw] [           main] org.hibernate.type.BasicTypeRegistry     : Adding type registration Currency -> org.hibernate.type.BasicTypeReference@6dcf7b6a
2025-06-26T23:30:38.121-04:00 DEBUG 11948 --- [hw] [           main] org.hibernate.type.BasicTypeRegistry     : Adding type registration java.util.Currency -> org.hibernate.type.BasicTypeReference@6dcf7b6a
2025-06-26T23:30:38.121-04:00 DEBUG 11948 --- [hw] [           main] org.hibernate.type.BasicTypeRegistry     : Adding type registration locale -> org.hibernate.type.BasicTypeReference@247bbfba
2025-06-26T23:30:38.121-04:00 DEBUG 11948 --- [hw] [           main] org.hibernate.type.BasicTypeRegistry     : Adding type registration java.util.Locale -> org.hibernate.type.BasicTypeReference@247bbfba
2025-06-26T23:30:38.122-04:00 DEBUG 11948 --- [hw] [           main] org.hibernate.type.BasicTypeRegistry     : Adding type registration serializable -> org.hibernate.type.BasicTypeReference@5834198f
2025-06-26T23:30:38.122-04:00 DEBUG 11948 --- [hw] [           main] org.hibernate.type.BasicTypeRegistry     : Adding type registration java.io.Serializable -> org.hibernate.type.BasicTypeReference@5834198f
2025-06-26T23:30:38.122-04:00 DEBUG 11948 --- [hw] [           main] org.hibernate.type.BasicTypeRegistry     : Adding type registration timezone -> org.hibernate.type.BasicTypeReference@4eb63dc8
2025-06-26T23:30:38.122-04:00 DEBUG 11948 --- [hw] [           main] org.hibernate.type.BasicTypeRegistry     : Adding type registration java.util.TimeZone -> org.hibernate.type.BasicTypeReference@4eb63dc8
2025-06-26T23:30:38.122-04:00 DEBUG 11948 --- [hw] [           main] org.hibernate.type.BasicTypeRegistry     : Adding type registration ZoneOffset -> org.hibernate.type.BasicTypeReference@402d6012
2025-06-26T23:30:38.122-04:00 DEBUG 11948 --- [hw] [           main] org.hibernate.type.BasicTypeRegistry     : Adding type registration java.time.ZoneOffset -> org.hibernate.type.BasicTypeReference@402d6012
2025-06-26T23:30:38.122-04:00 DEBUG 11948 --- [hw] [           main] org.hibernate.type.BasicTypeRegistry     : Adding type registration url -> org.hibernate.type.BasicTypeReference@395281c2
2025-06-26T23:30:38.122-04:00 DEBUG 11948 --- [hw] [           main] org.hibernate.type.BasicTypeRegistry     : Adding type registration java.net.URL -> org.hibernate.type.BasicTypeReference@395281c2
2025-06-26T23:30:38.122-04:00 DEBUG 11948 --- [hw] [           main] org.hibernate.type.BasicTypeRegistry     : Adding type registration vector -> org.hibernate.type.BasicTypeReference@41d20f06
2025-06-26T23:30:38.122-04:00 DEBUG 11948 --- [hw] [           main] org.hibernate.type.BasicTypeRegistry     : Adding type registration float_vector -> org.hibernate.type.BasicTypeReference@3e753289
2025-06-26T23:30:38.122-04:00 DEBUG 11948 --- [hw] [           main] org.hibernate.type.BasicTypeRegistry     : Adding type registration double_vector -> org.hibernate.type.BasicTypeReference@1573e8a5
2025-06-26T23:30:38.123-04:00 DEBUG 11948 --- [hw] [           main] org.hibernate.type.BasicTypeRegistry     : Adding type registration byte_vector -> org.hibernate.type.BasicTypeReference@38022758
2025-06-26T23:30:38.123-04:00 DEBUG 11948 --- [hw] [           main] org.hibernate.type.BasicTypeRegistry     : Adding type registration row_version -> org.hibernate.type.BasicTypeReference@69f9b561
2025-06-26T23:30:38.127-04:00 DEBUG 11948 --- [hw] [           main] org.hibernate.type.BasicTypeRegistry     : Adding type registration object -> org.hibernate.type.JavaObjectType@7686f701
2025-06-26T23:30:38.127-04:00 DEBUG 11948 --- [hw] [           main] org.hibernate.type.BasicTypeRegistry     : Adding type registration java.lang.Object -> org.hibernate.type.JavaObjectType@7686f701
2025-06-26T23:30:38.128-04:00 DEBUG 11948 --- [hw] [           main] org.hibernate.type.BasicTypeRegistry     : Adding type registration null -> org.hibernate.type.NullType@15186ce0
2025-06-26T23:30:38.128-04:00 DEBUG 11948 --- [hw] [           main] org.hibernate.type.BasicTypeRegistry     : Adding type registration imm_date -> org.hibernate.type.BasicTypeReference@745926c3
2025-06-26T23:30:38.128-04:00 DEBUG 11948 --- [hw] [           main] org.hibernate.type.BasicTypeRegistry     : Adding type registration imm_time -> org.hibernate.type.BasicTypeReference@75dd0f94
2025-06-26T23:30:38.129-04:00 DEBUG 11948 --- [hw] [           main] org.hibernate.type.BasicTypeRegistry     : Adding type registration imm_timestamp -> org.hibernate.type.BasicTypeReference@72324965
2025-06-26T23:30:38.129-04:00 DEBUG 11948 --- [hw] [           main] org.hibernate.type.BasicTypeRegistry     : Adding type registration imm_calendar -> org.hibernate.type.BasicTypeReference@249b54af
2025-06-26T23:30:38.129-04:00 DEBUG 11948 --- [hw] [           main] org.hibernate.type.BasicTypeRegistry     : Adding type registration imm_calendar_date -> org.hibernate.type.BasicTypeReference@194911c1
2025-06-26T23:30:38.129-04:00 DEBUG 11948 --- [hw] [           main] org.hibernate.type.BasicTypeRegistry     : Adding type registration imm_calendar_time -> org.hibernate.type.BasicTypeReference@4751cd3
2025-06-26T23:30:38.129-04:00 DEBUG 11948 --- [hw] [           main] org.hibernate.type.BasicTypeRegistry     : Adding type registration imm_binary -> org.hibernate.type.BasicTypeReference@64ec1459
2025-06-26T23:30:38.129-04:00 DEBUG 11948 --- [hw] [           main] org.hibernate.type.BasicTypeRegistry     : Adding type registration imm_serializable -> org.hibernate.type.BasicTypeReference@1aac0a47
2025-06-26T23:30:38.133-04:00 DEBUG 11948 --- [hw] [           main] o.h.boot.internal.BootstrapContextImpl   : Injecting JPA temp ClassLoader [org.springframework.instrument.classloading.SimpleThrowawayClassLoader@27261190] into BootstrapContext; was [null]
2025-06-26T23:30:38.133-04:00 DEBUG 11948 --- [hw] [           main] o.h.boot.internal.ClassLoaderAccessImpl  : ClassLoaderAccessImpl#injectTempClassLoader(org.springframework.instrument.classloading.SimpleThrowawayClassLoader@27261190) [was null]
2025-06-26T23:30:38.134-04:00 DEBUG 11948 --- [hw] [           main] o.h.boot.internal.BootstrapContextImpl   : Injecting ScanEnvironment [org.hibernate.jpa.boot.internal.StandardJpaScanEnvironmentImpl@5350ab17] into BootstrapContext; was [null]
2025-06-26T23:30:38.134-04:00 DEBUG 11948 --- [hw] [           main] o.h.boot.internal.BootstrapContextImpl   : Injecting ScanOptions [org.hibernate.boot.archive.scan.internal.StandardScanOptions@984de01] into BootstrapContext; was [org.hibernate.boot.archive.scan.internal.StandardScanOptions@58cda03f]
2025-06-26T23:30:38.146-04:00 DEBUG 11948 --- [hw] [           main] o.h.j.b.i.PersistenceUnitInfoDescriptor  : Pushing class transformers for PU named 'default' on loading classloader jdk.internal.loader.ClassLoaders$AppClassLoader@70dea4e
2025-06-26T23:30:38.316-04:00  INFO 11948 --- [hw] [           main] o.s.o.j.p.SpringPersistenceUnitInfo      : No LoadTimeWeaver setup: ignoring JPA class transformer
2025-06-26T23:30:38.316-04:00 DEBUG 11948 --- [hw] [           main] o.h.boot.internal.BootstrapContextImpl   : Injecting JPA temp ClassLoader [null] into BootstrapContext; was [org.springframework.instrument.classloading.SimpleThrowawayClassLoader@27261190]
2025-06-26T23:30:38.316-04:00 DEBUG 11948 --- [hw] [           main] o.h.boot.internal.ClassLoaderAccessImpl  : ClassLoaderAccessImpl#injectTempClassLoader(null) [was org.springframework.instrument.classloading.SimpleThrowawayClassLoader@27261190]
2025-06-26T23:30:38.344-04:00 DEBUG 11948 --- [hw] [           main] com.zaxxer.hikari.HikariConfig           : HikariPool-1 - configuration:
2025-06-26T23:30:38.347-04:00 DEBUG 11948 --- [hw] [           main] com.zaxxer.hikari.HikariConfig           : allowPoolSuspension.............false
2025-06-26T23:30:38.347-04:00 DEBUG 11948 --- [hw] [           main] com.zaxxer.hikari.HikariConfig           : autoCommit......................true
2025-06-26T23:30:38.348-04:00 DEBUG 11948 --- [hw] [           main] com.zaxxer.hikari.HikariConfig           : catalog.........................none
2025-06-26T23:30:38.348-04:00 DEBUG 11948 --- [hw] [           main] com.zaxxer.hikari.HikariConfig           : connectionInitSql...............none
2025-06-26T23:30:38.348-04:00 DEBUG 11948 --- [hw] [           main] com.zaxxer.hikari.HikariConfig           : connectionTestQuery.............none
2025-06-26T23:30:38.349-04:00 DEBUG 11948 --- [hw] [           main] com.zaxxer.hikari.HikariConfig           : connectionTimeout...............30000
2025-06-26T23:30:38.349-04:00 DEBUG 11948 --- [hw] [           main] com.zaxxer.hikari.HikariConfig           : dataSource......................none
2025-06-26T23:30:38.349-04:00 DEBUG 11948 --- [hw] [           main] com.zaxxer.hikari.HikariConfig           : dataSourceClassName.............none
2025-06-26T23:30:38.349-04:00 DEBUG 11948 --- [hw] [           main] com.zaxxer.hikari.HikariConfig           : dataSourceJNDI..................none
2025-06-26T23:30:38.349-04:00 DEBUG 11948 --- [hw] [           main] com.zaxxer.hikari.HikariConfig           : dataSourceProperties............{password=<masked>}
2025-06-26T23:30:38.349-04:00 DEBUG 11948 --- [hw] [           main] com.zaxxer.hikari.HikariConfig           : driverClassName................."oracle.jdbc.OracleDriver"
2025-06-26T23:30:38.349-04:00 DEBUG 11948 --- [hw] [           main] com.zaxxer.hikari.HikariConfig           : exceptionOverrideClassName......none
2025-06-26T23:30:38.349-04:00 DEBUG 11948 --- [hw] [           main] com.zaxxer.hikari.HikariConfig           : healthCheckProperties...........{}
2025-06-26T23:30:38.350-04:00 DEBUG 11948 --- [hw] [           main] com.zaxxer.hikari.HikariConfig           : healthCheckRegistry.............none
2025-06-26T23:30:38.350-04:00 DEBUG 11948 --- [hw] [           main] com.zaxxer.hikari.HikariConfig           : idleTimeout.....................600000
2025-06-26T23:30:38.350-04:00 DEBUG 11948 --- [hw] [           main] com.zaxxer.hikari.HikariConfig           : initializationFailTimeout.......1
2025-06-26T23:30:38.350-04:00 DEBUG 11948 --- [hw] [           main] com.zaxxer.hikari.HikariConfig           : isolateInternalQueries..........false
2025-06-26T23:30:38.350-04:00 DEBUG 11948 --- [hw] [           main] com.zaxxer.hikari.HikariConfig           : jdbcUrl.........................jdbc:oracle:thin:@bdmsv_high?TNS_ADMIN=wallet
2025-06-26T23:30:38.350-04:00 DEBUG 11948 --- [hw] [           main] com.zaxxer.hikari.HikariConfig           : keepaliveTime...................0
2025-06-26T23:30:38.350-04:00 DEBUG 11948 --- [hw] [           main] com.zaxxer.hikari.HikariConfig           : leakDetectionThreshold..........0
2025-06-26T23:30:38.350-04:00 DEBUG 11948 --- [hw] [           main] com.zaxxer.hikari.HikariConfig           : maxLifetime.....................1800000
2025-06-26T23:30:38.350-04:00 DEBUG 11948 --- [hw] [           main] com.zaxxer.hikari.HikariConfig           : maximumPoolSize.................10
2025-06-26T23:30:38.350-04:00 DEBUG 11948 --- [hw] [           main] com.zaxxer.hikari.HikariConfig           : metricRegistry..................none
2025-06-26T23:30:38.351-04:00 DEBUG 11948 --- [hw] [           main] com.zaxxer.hikari.HikariConfig           : metricsTrackerFactory...........none
2025-06-26T23:30:38.351-04:00 DEBUG 11948 --- [hw] [           main] com.zaxxer.hikari.HikariConfig           : minimumIdle.....................10
2025-06-26T23:30:38.351-04:00 DEBUG 11948 --- [hw] [           main] com.zaxxer.hikari.HikariConfig           : password........................<masked>
2025-06-26T23:30:38.351-04:00 DEBUG 11948 --- [hw] [           main] com.zaxxer.hikari.HikariConfig           : poolName........................"HikariPool-1"
2025-06-26T23:30:38.351-04:00 DEBUG 11948 --- [hw] [           main] com.zaxxer.hikari.HikariConfig           : readOnly........................false
2025-06-26T23:30:38.351-04:00 DEBUG 11948 --- [hw] [           main] com.zaxxer.hikari.HikariConfig           : registerMbeans..................false
2025-06-26T23:30:38.351-04:00 DEBUG 11948 --- [hw] [           main] com.zaxxer.hikari.HikariConfig           : scheduledExecutor...............none
2025-06-26T23:30:38.351-04:00 DEBUG 11948 --- [hw] [           main] com.zaxxer.hikari.HikariConfig           : schema..........................none
2025-06-26T23:30:38.351-04:00 DEBUG 11948 --- [hw] [           main] com.zaxxer.hikari.HikariConfig           : threadFactory...................internal
2025-06-26T23:30:38.351-04:00 DEBUG 11948 --- [hw] [           main] com.zaxxer.hikari.HikariConfig           : transactionIsolation............default
2025-06-26T23:30:38.352-04:00 DEBUG 11948 --- [hw] [           main] com.zaxxer.hikari.HikariConfig           : username........................"PEDIDOMS"
2025-06-26T23:30:38.352-04:00 DEBUG 11948 --- [hw] [           main] com.zaxxer.hikari.HikariConfig           : validationTimeout...............5000
2025-06-26T23:30:38.352-04:00  INFO 11948 --- [hw] [           main] com.zaxxer.hikari.HikariDataSource       : HikariPool-1 - Starting...
2025-06-26T23:30:39.024-04:00  INFO 11948 --- [hw] [           main] com.zaxxer.hikari.pool.HikariPool        : HikariPool-1 - Added connection oracle.jdbc.driver.T4CConnection@1ab268bd
2025-06-26T23:30:39.025-04:00  INFO 11948 --- [hw] [           main] com.zaxxer.hikari.HikariDataSource       : HikariPool-1 - Start completed.
2025-06-26T23:30:39.040-04:00 DEBUG 11948 --- [hw] [           main] o.h.e.j.e.i.JdbcEnvironmentInitiator     : Database ->
	   name : Oracle
	version : Oracle Database 19c Enterprise Edition Release 19.0.0.0.0 - Production
Version 19.27.0.1.0
	  major : 19
	  minor : 27
2025-06-26T23:30:39.040-04:00 DEBUG 11948 --- [hw] [           main] o.h.e.j.e.i.JdbcEnvironmentInitiator     : Driver ->
	   name : Oracle JDBC driver
	version : 23.5.0.24.07
	  major : 23
	  minor : 5
2025-06-26T23:30:39.040-04:00 DEBUG 11948 --- [hw] [           main] o.h.e.j.e.i.JdbcEnvironmentInitiator     : JDBC version : 4.3
2025-06-26T23:30:39.126-04:00 DEBUG 11948 --- [hw] [l-1 housekeeper] com.zaxxer.hikari.pool.HikariPool        : HikariPool-1 - Pool stats (total=1, active=1, idle=0, waiting=0)
2025-06-26T23:30:39.228-04:00  WARN 11948 --- [hw] [           main] org.hibernate.orm.deprecation            : HHH90000025: OracleDialect does not need to be specified explicitly using 'hibernate.dialect' (remove the property setting and it will be selected by default)
2025-06-26T23:30:39.229-04:00 DEBUG 11948 --- [hw] [           main] org.hibernate.orm.dialect                : HHH035001: Using dialect: org.hibernate.dialect.OracleDialect, version: 19.27
2025-06-26T23:30:39.275-04:00  INFO 11948 --- [hw] [           main] org.hibernate.orm.connections.pooling    : HHH10001005: Database info:
	Database JDBC URL [Connecting through datasource 'HikariDataSource (HikariPool-1)']
	Database driver: undefined/unknown
	Database version: 19.27
	Autocommit mode: undefined/unknown
	Isolation level: undefined/unknown
	Minimum pool size: undefined/unknown
	Maximum pool size: undefined/unknown
2025-06-26T23:30:39.281-04:00 DEBUG 11948 --- [hw] [           main] o.h.t.d.jdbc.spi.JdbcTypeRegistry        : addDescriptor(NCharTypeDescriptor) replaced previous registration(CharTypeDescriptor)
2025-06-26T23:30:39.281-04:00 DEBUG 11948 --- [hw] [           main] o.h.t.d.jdbc.spi.JdbcTypeRegistry        : addDescriptor(NVarcharTypeDescriptor) replaced previous registration(VarcharTypeDescriptor)
2025-06-26T23:30:39.281-04:00 DEBUG 11948 --- [hw] [           main] o.h.t.d.jdbc.spi.JdbcTypeRegistry        : addDescriptor(LongNVarcharTypeDescriptor) replaced previous registration(LongVarcharTypeDescriptor)
2025-06-26T23:30:39.283-04:00 DEBUG 11948 --- [hw] [           main] o.h.t.d.jdbc.spi.JdbcTypeRegistry        : addDescriptor(NClobTypeDescriptor(DEFAULT)) replaced previous registration(ClobTypeDescriptor(DEFAULT))
2025-06-26T23:30:39.284-04:00 DEBUG 11948 --- [hw] [           main] o.h.t.d.jdbc.spi.JdbcTypeRegistry        : addDescriptor(BooleanTypeDescriptor) replaced previous registration(BooleanTypeDescriptor)
2025-06-26T23:30:39.291-04:00 DEBUG 11948 --- [hw] [           main] org.hibernate.type.BasicTypeRegistry     : Adding type registration null -> org.hibernate.type.NullType@22ee1ad7
2025-06-26T23:30:39.291-04:00 DEBUG 11948 --- [hw] [           main] org.hibernate.type.BasicTypeRegistry     : Type registration key [null] overrode previous entry : `org.hibernate.type.NullType@15186ce0`
2025-06-26T23:30:39.291-04:00 DEBUG 11948 --- [hw] [           main] org.hibernate.type.BasicTypeRegistry     : Adding type registration JAVA_OBJECT -> org.hibernate.type.JavaObjectType@571e2f15
2025-06-26T23:30:39.291-04:00 DEBUG 11948 --- [hw] [           main] org.hibernate.type.BasicTypeRegistry     : Adding type registration java.lang.Object -> org.hibernate.type.JavaObjectType@571e2f15
2025-06-26T23:30:39.291-04:00 DEBUG 11948 --- [hw] [           main] org.hibernate.type.BasicTypeRegistry     : Type registration key [java.lang.Object] overrode previous entry : `org.hibernate.type.JavaObjectType@7686f701`
2025-06-26T23:30:39.294-04:00 DEBUG 11948 --- [hw] [           main] org.hibernate.type.BasicTypeRegistry     : Adding type registration org.hibernate.type.DurationType -> basicType@1(java.time.Duration,3015)
2025-06-26T23:30:39.294-04:00 DEBUG 11948 --- [hw] [           main] org.hibernate.type.BasicTypeRegistry     : Adding type registration Duration -> basicType@1(java.time.Duration,3015)
2025-06-26T23:30:39.294-04:00 DEBUG 11948 --- [hw] [           main] org.hibernate.type.BasicTypeRegistry     : Adding type registration java.time.Duration -> basicType@1(java.time.Duration,3015)
2025-06-26T23:30:39.296-04:00 DEBUG 11948 --- [hw] [           main] o.h.type.spi.TypeConfiguration$Scope     : Scoping TypeConfiguration [org.hibernate.type.spi.TypeConfiguration@15a8bbe5] to MetadataBuildingContext [org.hibernate.boot.internal.MetadataBuildingContextRootImpl@3369e2ce]
2025-06-26T23:30:39.327-04:00 DEBUG 11948 --- [hw] [onnection adder] com.zaxxer.hikari.pool.HikariPool        : HikariPool-1 - Added connection oracle.jdbc.driver.T4CConnection@7dfd3427
2025-06-26T23:30:39.328-04:00 DEBUG 11948 --- [hw] [           main] o.h.boot.model.relational.Namespace      : Created database namespace [logicalName=Name{catalog=null, schema=null}, physicalName=Name{catalog=null, schema=null}]
2025-06-26T23:30:39.355-04:00 DEBUG 11948 --- [hw] [           main] o.h.boot.model.internal.EntityBinder     : Binding entity from annotated class: com.pedidos.hw.model.DetallePedido
2025-06-26T23:30:39.361-04:00 DEBUG 11948 --- [hw] [onnection adder] com.zaxxer.hikari.pool.HikariPool        : HikariPool-1 - After adding stats (total=2, active=0, idle=2, waiting=0)
2025-06-26T23:30:39.368-04:00 DEBUG 11948 --- [hw] [           main] o.h.boot.model.internal.EntityBinder     : Import with entity name DetallePedido
2025-06-26T23:30:39.376-04:00 DEBUG 11948 --- [hw] [           main] o.h.boot.model.internal.EntityBinder     : Bind entity com.pedidos.hw.model.DetallePedido on table detalle_pedido
2025-06-26T23:30:39.386-04:00 DEBUG 11948 --- [hw] [           main] o.h.boot.model.internal.AnnotatedColumn  : Binding column: AnnotatedDiscriminatorColumn(column='DTYPE')
2025-06-26T23:30:39.404-04:00 DEBUG 11948 --- [hw] [           main] o.h.boot.model.internal.AnnotatedColumn  : Binding column: AnnotatedColumn()
2025-06-26T23:30:39.405-04:00 DEBUG 11948 --- [hw] [           main] o.h.boot.internal.ClassLoaderAccessImpl  : Not known whether passed class name [com.pedidos.hw.model.DetallePedido] is safe
2025-06-26T23:30:39.405-04:00 DEBUG 11948 --- [hw] [           main] o.h.boot.internal.ClassLoaderAccessImpl  : No temp ClassLoader provided; using live ClassLoader for loading potentially unsafe class : com.pedidos.hw.model.DetallePedido
2025-06-26T23:30:39.408-04:00 DEBUG 11948 --- [hw] [           main] o.h.boot.model.internal.PropertyBinder   : MetadataSourceProcessor property id_detalle with lazy=false
2025-06-26T23:30:39.411-04:00 DEBUG 11948 --- [hw] [           main] o.h.b.m.internal.AbstractPropertyHolder  : Attempting to locate auto-apply AttributeConverter for property [com.pedidos.hw.model.DetallePedido:id_detalle]
2025-06-26T23:30:39.414-04:00 DEBUG 11948 --- [hw] [           main] o.h.b.model.internal.BasicValueBinder    : building BasicValue for id_detalle
2025-06-26T23:30:39.416-04:00 DEBUG 11948 --- [hw] [           main] org.hibernate.mapping.BasicValue         : Skipping column re-registration: detalle_pedido.id_detalle
2025-06-26T23:30:39.417-04:00 DEBUG 11948 --- [hw] [           main] o.h.boot.model.internal.PropertyBinder   : Building property id_detalle
2025-06-26T23:30:39.420-04:00 DEBUG 11948 --- [hw] [           main] o.h.boot.model.internal.BinderHelper     : #makeIdGenerator(BasicValue([Column(id_detalle)]), id_detalle, identity, , ...)
2025-06-26T23:30:39.421-04:00 DEBUG 11948 --- [hw] [           main] o.h.boot.model.internal.AnnotatedColumn  : Binding column: AnnotatedColumn()
2025-06-26T23:30:39.421-04:00 DEBUG 11948 --- [hw] [           main] o.h.boot.model.internal.PropertyBinder   : MetadataSourceProcessor property cantidad with lazy=false
2025-06-26T23:30:39.421-04:00 DEBUG 11948 --- [hw] [           main] o.h.b.m.internal.AbstractPropertyHolder  : Attempting to locate auto-apply AttributeConverter for property [com.pedidos.hw.model.DetallePedido:cantidad]
2025-06-26T23:30:39.421-04:00 DEBUG 11948 --- [hw] [           main] o.h.b.model.internal.BasicValueBinder    : building BasicValue for cantidad
2025-06-26T23:30:39.421-04:00 DEBUG 11948 --- [hw] [           main] org.hibernate.mapping.BasicValue         : Skipping column re-registration: detalle_pedido.cantidad
2025-06-26T23:30:39.421-04:00 DEBUG 11948 --- [hw] [           main] o.h.boot.model.internal.PropertyBinder   : Building property cantidad
2025-06-26T23:30:39.422-04:00 DEBUG 11948 --- [hw] [           main] o.h.boot.model.internal.AnnotatedColumn  : Binding column: AnnotatedColumn(column='id_producto')
2025-06-26T23:30:39.422-04:00 DEBUG 11948 --- [hw] [           main] o.h.boot.model.internal.PropertyBinder   : MetadataSourceProcessor property id_producto with lazy=false
2025-06-26T23:30:39.422-04:00 DEBUG 11948 --- [hw] [           main] o.h.b.m.internal.AbstractPropertyHolder  : Attempting to locate auto-apply AttributeConverter for property [com.pedidos.hw.model.DetallePedido:id_producto]
2025-06-26T23:30:39.422-04:00 DEBUG 11948 --- [hw] [           main] o.h.b.model.internal.BasicValueBinder    : building BasicValue for id_producto
2025-06-26T23:30:39.422-04:00 DEBUG 11948 --- [hw] [           main] org.hibernate.mapping.BasicValue         : Skipping column re-registration: detalle_pedido.id_producto
2025-06-26T23:30:39.422-04:00 DEBUG 11948 --- [hw] [           main] o.h.boot.model.internal.PropertyBinder   : Building property id_producto
2025-06-26T23:30:39.424-04:00 DEBUG 11948 --- [hw] [           main] o.h.boot.model.internal.AnnotatedColumn  : Binding column: AnnotatedJoinColumn(column='id_pedido')
2025-06-26T23:30:39.424-04:00 DEBUG 11948 --- [hw] [           main] o.h.boot.model.internal.AnnotatedColumn  : Binding column: AnnotatedColumn()
2025-06-26T23:30:39.428-04:00 DEBUG 11948 --- [hw] [           main] o.h.boot.model.internal.PropertyBinder   : Building property pedido
2025-06-26T23:30:39.429-04:00 DEBUG 11948 --- [hw] [           main] o.h.b.r.c.i.ClassLoaderServiceImpl       : HHH000194: Package not found or no package-info.java: com.pedidos.hw.model
2025-06-26T23:30:39.434-04:00 DEBUG 11948 --- [hw] [           main] o.h.boot.model.internal.EntityBinder     : Binding entity from annotated class: com.pedidos.hw.model.Pedido
2025-06-26T23:30:39.435-04:00 DEBUG 11948 --- [hw] [           main] o.h.boot.model.internal.EntityBinder     : Import with entity name Pedido
2025-06-26T23:30:39.435-04:00 DEBUG 11948 --- [hw] [           main] o.h.boot.model.internal.EntityBinder     : Bind entity com.pedidos.hw.model.Pedido on table pedido
2025-06-26T23:30:39.435-04:00 DEBUG 11948 --- [hw] [           main] o.h.boot.model.internal.AnnotatedColumn  : Binding column: AnnotatedDiscriminatorColumn(column='DTYPE')
2025-06-26T23:30:39.439-04:00 DEBUG 11948 --- [hw] [           main] o.h.boot.model.internal.AnnotatedColumn  : Binding column: AnnotatedColumn()
2025-06-26T23:30:39.439-04:00 DEBUG 11948 --- [hw] [           main] o.h.boot.internal.ClassLoaderAccessImpl  : Not known whether passed class name [com.pedidos.hw.model.Pedido] is safe
2025-06-26T23:30:39.439-04:00 DEBUG 11948 --- [hw] [           main] o.h.boot.internal.ClassLoaderAccessImpl  : No temp ClassLoader provided; using live ClassLoader for loading potentially unsafe class : com.pedidos.hw.model.Pedido
2025-06-26T23:30:39.439-04:00 DEBUG 11948 --- [hw] [           main] o.h.boot.model.internal.PropertyBinder   : MetadataSourceProcessor property id with lazy=false
2025-06-26T23:30:39.439-04:00 DEBUG 11948 --- [hw] [           main] o.h.b.m.internal.AbstractPropertyHolder  : Attempting to locate auto-apply AttributeConverter for property [com.pedidos.hw.model.Pedido:id]
2025-06-26T23:30:39.439-04:00 DEBUG 11948 --- [hw] [           main] o.h.b.model.internal.BasicValueBinder    : building BasicValue for id
2025-06-26T23:30:39.439-04:00 DEBUG 11948 --- [hw] [           main] org.hibernate.mapping.BasicValue         : Skipping column re-registration: pedido.id
2025-06-26T23:30:39.439-04:00 DEBUG 11948 --- [hw] [           main] o.h.boot.model.internal.PropertyBinder   : Building property id
2025-06-26T23:30:39.439-04:00 DEBUG 11948 --- [hw] [           main] o.h.boot.model.internal.BinderHelper     : #makeIdGenerator(BasicValue([Column(id)]), id, identity, , ...)
2025-06-26T23:30:39.440-04:00 DEBUG 11948 --- [hw] [           main] o.h.boot.model.internal.AnnotatedColumn  : Binding column: AnnotatedJoinColumn()
2025-06-26T23:30:39.440-04:00 DEBUG 11948 --- [hw] [           main] o.h.boot.model.internal.AnnotatedColumn  : Binding column: AnnotatedColumn()
2025-06-26T23:30:39.450-04:00 DEBUG 11948 --- [hw] [           main] o.h.boot.model.internal.AnnotatedColumn  : Binding column: IndexColumn(column='detalles_ORDER')
2025-06-26T23:30:39.451-04:00 DEBUG 11948 --- [hw] [           main] o.h.boot.model.internal.AnnotatedColumn  : Binding column: AnnotatedColumn()
2025-06-26T23:30:39.452-04:00 DEBUG 11948 --- [hw] [           main] o.h.boot.model.internal.AnnotatedColumn  : Binding column: AnnotatedColumn(column='detalles_KEY')
2025-06-26T23:30:39.452-04:00 DEBUG 11948 --- [hw] [           main] o.h.boot.model.internal.AnnotatedColumn  : Binding column: AnnotatedJoinColumn(column='detalles_KEY')
2025-06-26T23:30:39.453-04:00 DEBUG 11948 --- [hw] [           main] o.h.boot.model.internal.AnnotatedColumn  : Binding column: AnnotatedJoinColumn()
2025-06-26T23:30:39.453-04:00 DEBUG 11948 --- [hw] [           main] o.h.boot.model.internal.AnnotatedColumn  : Binding column: AnnotatedJoinColumn()
2025-06-26T23:30:39.455-04:00 DEBUG 11948 --- [hw] [           main] o.h.b.model.internal.CollectionBinder    : Collection role: com.pedidos.hw.model.Pedido.detalles
2025-06-26T23:30:39.456-04:00 DEBUG 11948 --- [hw] [           main] o.h.boot.model.internal.PropertyBinder   : Building property detalles
2025-06-26T23:30:39.456-04:00 DEBUG 11948 --- [hw] [           main] o.h.boot.model.internal.AnnotatedColumn  : Binding column: AnnotatedColumn()
2025-06-26T23:30:39.456-04:00 DEBUG 11948 --- [hw] [           main] o.h.boot.model.internal.PropertyBinder   : MetadataSourceProcessor property estado with lazy=false
2025-06-26T23:30:39.456-04:00 DEBUG 11948 --- [hw] [           main] o.h.b.m.internal.AbstractPropertyHolder  : Attempting to locate auto-apply AttributeConverter for property [com.pedidos.hw.model.Pedido:estado]
2025-06-26T23:30:39.456-04:00 DEBUG 11948 --- [hw] [           main] o.h.b.model.internal.BasicValueBinder    : building BasicValue for estado
2025-06-26T23:30:39.457-04:00 DEBUG 11948 --- [hw] [           main] org.hibernate.mapping.BasicValue         : Skipping column re-registration: pedido.estado
2025-06-26T23:30:39.457-04:00 DEBUG 11948 --- [hw] [           main] o.h.boot.model.internal.PropertyBinder   : Building property estado
2025-06-26T23:30:39.457-04:00 DEBUG 11948 --- [hw] [           main] o.h.boot.model.internal.AnnotatedColumn  : Binding column: AnnotatedColumn()
2025-06-26T23:30:39.457-04:00 DEBUG 11948 --- [hw] [           main] o.h.boot.model.internal.PropertyBinder   : MetadataSourceProcessor property fecha_pedido with lazy=false
2025-06-26T23:30:39.457-04:00 DEBUG 11948 --- [hw] [           main] o.h.b.m.internal.AbstractPropertyHolder  : Attempting to locate auto-apply AttributeConverter for property [com.pedidos.hw.model.Pedido:fecha_pedido]
2025-06-26T23:30:39.457-04:00 DEBUG 11948 --- [hw] [           main] o.h.b.model.internal.BasicValueBinder    : building BasicValue for fecha_pedido
2025-06-26T23:30:39.457-04:00 DEBUG 11948 --- [hw] [           main] org.hibernate.mapping.BasicValue         : Skipping column re-registration: pedido.fecha_pedido
2025-06-26T23:30:39.457-04:00 DEBUG 11948 --- [hw] [           main] o.h.boot.model.internal.PropertyBinder   : Building property fecha_pedido
2025-06-26T23:30:39.457-04:00 DEBUG 11948 --- [hw] [           main] o.h.boot.model.internal.AnnotatedColumn  : Binding column: AnnotatedColumn(column='id_usuario')
2025-06-26T23:30:39.457-04:00 DEBUG 11948 --- [hw] [           main] o.h.boot.model.internal.PropertyBinder   : MetadataSourceProcessor property id_usuario with lazy=false
2025-06-26T23:30:39.457-04:00 DEBUG 11948 --- [hw] [           main] o.h.b.m.internal.AbstractPropertyHolder  : Attempting to locate auto-apply AttributeConverter for property [com.pedidos.hw.model.Pedido:id_usuario]
2025-06-26T23:30:39.457-04:00 DEBUG 11948 --- [hw] [           main] o.h.b.model.internal.BasicValueBinder    : building BasicValue for id_usuario
2025-06-26T23:30:39.457-04:00 DEBUG 11948 --- [hw] [           main] org.hibernate.mapping.BasicValue         : Skipping column re-registration: pedido.id_usuario
2025-06-26T23:30:39.457-04:00 DEBUG 11948 --- [hw] [           main] o.h.boot.model.internal.PropertyBinder   : Building property id_usuario
2025-06-26T23:30:39.458-04:00 DEBUG 11948 --- [hw] [           main] o.h.b.r.c.i.ClassLoaderServiceImpl       : HHH000194: Package not found or no package-info.java: com.pedidos.hw.model
2025-06-26T23:30:39.459-04:00 DEBUG 11948 --- [hw] [           main] o.h.b.model.internal.BasicValueBinder    : Starting `BasicValueBinder#fillSimpleValue` for id_detalle
2025-06-26T23:30:39.460-04:00 DEBUG 11948 --- [hw] [           main] o.h.b.model.internal.BasicValueBinder    : Starting `BasicValueBinder#fillSimpleValue` for cantidad
2025-06-26T23:30:39.460-04:00 DEBUG 11948 --- [hw] [           main] o.h.b.model.internal.BasicValueBinder    : Starting `BasicValueBinder#fillSimpleValue` for id_producto
2025-06-26T23:30:39.460-04:00 DEBUG 11948 --- [hw] [           main] o.h.b.model.internal.BasicValueBinder    : Starting `BasicValueBinder#fillSimpleValue` for id
2025-06-26T23:30:39.460-04:00 DEBUG 11948 --- [hw] [           main] o.h.b.model.internal.BasicValueBinder    : Starting `BasicValueBinder#fillSimpleValue` for estado
2025-06-26T23:30:39.460-04:00 DEBUG 11948 --- [hw] [           main] o.h.b.model.internal.BasicValueBinder    : Starting `BasicValueBinder#fillSimpleValue` for fecha_pedido
2025-06-26T23:30:39.460-04:00 DEBUG 11948 --- [hw] [           main] o.h.b.model.internal.BasicValueBinder    : Starting `BasicValueBinder#fillSimpleValue` for id_usuario
2025-06-26T23:30:39.465-04:00 DEBUG 11948 --- [hw] [           main] org.hibernate.mapping.PrimaryKey         : Forcing column [id_detalle] to be non-null as it is part of the primary key for table [detalle_pedido]
2025-06-26T23:30:39.465-04:00 DEBUG 11948 --- [hw] [           main] org.hibernate.mapping.PrimaryKey         : Forcing column [id] to be non-null as it is part of the primary key for table [pedido]
2025-06-26T23:30:39.466-04:00 DEBUG 11948 --- [hw] [           main] o.h.b.m.internal.CollectionSecondPass    : Second pass for collection: com.pedidos.hw.model.Pedido.detalles
2025-06-26T23:30:39.466-04:00 DEBUG 11948 --- [hw] [           main] o.h.b.model.internal.CollectionBinder    : Binding a OneToMany: com.pedidos.hw.model.Pedido.detalles through a foreign key
2025-06-26T23:30:39.467-04:00 DEBUG 11948 --- [hw] [           main] o.h.b.model.internal.CollectionBinder    : Mapping collection: com.pedidos.hw.model.Pedido.detalles -> detalle_pedido
2025-06-26T23:30:39.468-04:00 DEBUG 11948 --- [hw] [           main] o.h.boot.model.internal.TableBinder      : Retrieving property com.pedidos.hw.model.DetallePedido.pedido
2025-06-26T23:30:39.469-04:00 DEBUG 11948 --- [hw] [           main] o.h.b.m.internal.CollectionSecondPass    : Mapped collection key: id_pedido, one-to-many: com.pedidos.hw.model.DetallePedido
2025-06-26T23:30:39.525-04:00 DEBUG 11948 --- [hw] [           main] o.hibernate.internal.SessionFactoryImpl  : Building session factory
2025-06-26T23:30:39.557-04:00 DEBUG 11948 --- [hw] [           main] .h.s.i.SessionFactoryServiceRegistryImpl : EventListenerRegistry access via ServiceRegistry is deprecated.  Use `sessionFactory.getEventEngine().getListenerRegistry()` instead
2025-06-26T23:30:39.557-04:00 DEBUG 11948 --- [hw] [           main] o.hibernate.internal.SessionFactoryImpl  : Instantiating SessionFactory with settings: {hibernate.format_sql=true, java.specification.version=21, sun.cpu.isalist=amd64, hibernate.resource.beans.container=org.springframework.orm.hibernate5.SpringBeanContainer@4c438f66, hibernate.connection.handling_mode=DELAYED_ACQUISITION_AND_HOLD, sun.jnu.encoding=Cp1252, hibernate.dialect=org.hibernate.dialect.OracleDialect, hibernate.implicit_naming_strategy=org.springframework.boot.orm.jpa.hibernate.SpringImplicitNamingStrategy, java.class.path=c:\Users\colom\Documents\hw_local\pedidos-hw\target\test-classes;c:\Users\colom\Documents\hw_local\pedidos-hw\target\classes;C:\Users\colom\.m2\repository\com\h2database\h2\2.3.232\h2-2.3.232.jar;C:\Users\colom\.m2\repository\com\oracle\database\jdbc\ojdbc11\23.5.0.24.07\ojdbc11-23.5.0.24.07.jar;C:\Users\colom\.m2\repository\com\oracle\database\security\oraclepki\23.5.0.24.07\oraclepki-23.5.0.24.07.jar;C:\Users\colom\.m2\repository\com\oracle\database\security\osdt_cert\19.8.0.0\osdt_cert-19.8.0.0.jar;C:\Users\colom\.m2\repository\com\oracle\database\security\osdt_core\19.8.0.0\osdt_core-19.8.0.0.jar;C:\Users\colom\.m2\repository\org\apache\httpcomponents\client5\httpclient5\5.4.4\httpclient5-5.4.4.jar;C:\Users\colom\.m2\repository\org\apache\httpcomponents\core5\httpcore5\5.3.4\httpcore5-5.3.4.jar;C:\Users\colom\.m2\repository\org\apache\httpcomponents\core5\httpcore5-h2\5.3.4\httpcore5-h2-5.3.4.jar;C:\Users\colom\.m2\repository\org\slf4j\slf4j-api\2.0.17\slf4j-api-2.0.17.jar;C:\Users\colom\.m2\repository\org\projectlombok\lombok\1.18.38\lombok-1.18.38.jar;C:\Users\colom\.m2\repository\org\springdoc\springdoc-openapi-starter-webmvc-ui\2.8.5\springdoc-openapi-starter-webmvc-ui-2.8.5.jar;C:\Users\colom\.m2\repository\org\springdoc\springdoc-openapi-starter-webmvc-api\2.8.5\springdoc-openapi-starter-webmvc-api-2.8.5.jar;C:\Users\colom\.m2\repository\org\springdoc\springdoc-openapi-starter-common\2.8.5\springdoc-openapi-starter-common-2.8.5.jar;C:\Users\colom\.m2\repository\io\swagger\core\v3\swagger-core-jakarta\2.2.28\swagger-core-jakarta-2.2.28.jar;C:\Users\colom\.m2\repository\org\apache\commons\commons-lang3\3.17.0\commons-lang3-3.17.0.jar;C:\Users\colom\.m2\repository\io\swagger\core\v3\swagger-annotations-jakarta\2.2.28\swagger-annotations-jakarta-2.2.28.jar;C:\Users\colom\.m2\repository\io\swagger\core\v3\swagger-models-jakarta\2.2.28\swagger-models-jakarta-2.2.28.jar;C:\Users\colom\.m2\repository\jakarta\validation\jakarta.validation-api\3.0.2\jakarta.validation-api-3.0.2.jar;C:\Users\colom\.m2\repository\com\fasterxml\jackson\dataformat\jackson-dataformat-yaml\2.18.4\jackson-dataformat-yaml-2.18.4.jar;C:\Users\colom\.m2\repository\org\webjars\swagger-ui\5.18.3\swagger-ui-5.18.3.jar;C:\Users\colom\.m2\repository\org\webjars\webjars-locator-lite\1.0.1\webjars-locator-lite-1.0.1.jar;C:\Users\colom\.m2\repository\org\jspecify\jspecify\1.0.0\jspecify-1.0.0.jar;C:\Users\colom\.m2\repository\org\springframework\boot\spring-boot-starter-data-jdbc\3.4.7\spring-boot-starter-data-jdbc-3.4.7.jar;C:\Users\colom\.m2\repository\org\springframework\boot\spring-boot-starter-jdbc\3.4.7\spring-boot-starter-jdbc-3.4.7.jar;C:\Users\colom\.m2\repository\com\zaxxer\HikariCP\5.1.0\HikariCP-5.1.0.jar;C:\Users\colom\.m2\repository\org\springframework\spring-jdbc\6.2.8\spring-jdbc-6.2.8.jar;C:\Users\colom\.m2\repository\org\springframework\data\spring-data-jdbc\3.4.7\spring-data-jdbc-3.4.7.jar;C:\Users\colom\.m2\repository\org\springframework\data\spring-data-relational\3.4.7\spring-data-relational-3.4.7.jar;C:\Users\colom\.m2\repository\org\springframework\data\spring-data-commons\3.4.7\spring-data-commons-3.4.7.jar;C:\Users\colom\.m2\repository\org\springframework\spring-tx\6.2.8\spring-tx-6.2.8.jar;C:\Users\colom\.m2\repository\org\springframework\spring-context\6.2.8\spring-context-6.2.8.jar;C:\Users\colom\.m2\repository\org\springframework\spring-beans\6.2.8\spring-beans-6.2.8.jar;C:\Users\colom\.m2\repository\org\springframework\boot\spring-boot-starter-data-jpa\3.4.7\spring-boot-starter-data-jpa-3.4.7.jar;C:\Users\colom\.m2\repository\org\springframework\boot\spring-boot-starter\3.4.7\spring-boot-starter-3.4.7.jar;C:\Users\colom\.m2\repository\org\springframework\boot\spring-boot\3.4.7\spring-boot-3.4.7.jar;C:\Users\colom\.m2\repository\org\springframework\boot\spring-boot-autoconfigure\3.4.7\spring-boot-autoconfigure-3.4.7.jar;C:\Users\colom\.m2\repository\org\springframework\boot\spring-boot-starter-logging\3.4.7\spring-boot-starter-logging-3.4.7.jar;C:\Users\colom\.m2\repository\ch\qos\logback\logback-classic\1.5.18\logback-classic-1.5.18.jar;C:\Users\colom\.m2\repository\ch\qos\logback\logback-core\1.5.18\logback-core-1.5.18.jar;C:\Users\colom\.m2\repository\org\apache\logging\log4j\log4j-to-slf4j\2.24.3\log4j-to-slf4j-2.24.3.jar;C:\Users\colom\.m2\repository\org\apache\logging\log4j\log4j-api\2.24.3\log4j-api-2.24.3.jar;C:\Users\colom\.m2\repository\org\slf4j\jul-to-slf4j\2.0.17\jul-to-slf4j-2.0.17.jar;C:\Users\colom\.m2\repository\jakarta\annotation\jakarta.annotation-api\2.1.1\jakarta.annotation-api-2.1.1.jar;C:\Users\colom\.m2\repository\org\yaml\snakeyaml\2.3\snakeyaml-2.3.jar;C:\Users\colom\.m2\repository\org\hibernate\orm\hibernate-core\6.6.18.Final\hibernate-core-6.6.18.Final.jar;C:\Users\colom\.m2\repository\jakarta\persistence\jakarta.persistence-api\3.1.0\jakarta.persistence-api-3.1.0.jar;C:\Users\colom\.m2\repository\jakarta\transaction\jakarta.transaction-api\2.0.1\jakarta.transaction-api-2.0.1.jar;C:\Users\colom\.m2\repository\org\jboss\logging\jboss-logging\3.6.1.Final\jboss-logging-3.6.1.Final.jar;C:\Users\colom\.m2\repository\org\hibernate\common\hibernate-commons-annotations\7.0.3.Final\hibernate-commons-annotations-7.0.3.Final.jar;C:\Users\colom\.m2\repository\io\smallrye\jandex\3.2.0\jandex-3.2.0.jar;C:\Users\colom\.m2\repository\com\fasterxml\classmate\1.7.0\classmate-1.7.0.jar;C:\Users\colom\.m2\repository\net\bytebuddy\byte-buddy\1.15.11\byte-buddy-1.15.11.jar;C:\Users\colom\.m2\repository\org\glassfish\jaxb\jaxb-runtime\4.0.5\jaxb-runtime-4.0.5.jar;C:\Users\colom\.m2\repository\org\glassfish\jaxb\jaxb-core\4.0.5\jaxb-core-4.0.5.jar;C:\Users\colom\.m2\repository\org\eclipse\angus\angus-activation\2.0.2\angus-activation-2.0.2.jar;C:\Users\colom\.m2\repository\org\glassfish\jaxb\txw2\4.0.5\txw2-4.0.5.jar;C:\Users\colom\.m2\repository\com\sun\istack\istack-commons-runtime\4.1.2\istack-commons-runtime-4.1.2.jar;C:\Users\colom\.m2\repository\jakarta\inject\jakarta.inject-api\2.0.1\jakarta.inject-api-2.0.1.jar;C:\Users\colom\.m2\repository\org\antlr\antlr4-runtime\4.13.0\antlr4-runtime-4.13.0.jar;C:\Users\colom\.m2\repository\org\springframework\data\spring-data-jpa\3.4.7\spring-data-jpa-3.4.7.jar;C:\Users\colom\.m2\repository\org\springframework\spring-orm\6.2.8\spring-orm-6.2.8.jar;C:\Users\colom\.m2\repository\org\springframework\spring-aop\6.2.8\spring-aop-6.2.8.jar;C:\Users\colom\.m2\repository\org\springframework\spring-aspects\6.2.8\spring-aspects-6.2.8.jar;C:\Users\colom\.m2\repository\org\aspectj\aspectjweaver\1.9.24\aspectjweaver-1.9.24.jar;C:\Users\colom\.m2\repository\org\springframework\boot\spring-boot-starter-hateoas\3.4.7\spring-boot-starter-hateoas-3.4.7.jar;C:\Users\colom\.m2\repository\org\springframework\hateoas\spring-hateoas\2.4.1\spring-hateoas-2.4.1.jar;C:\Users\colom\.m2\repository\org\springframework\plugin\spring-plugin-core\3.0.0\spring-plugin-core-3.0.0.jar;C:\Users\colom\.m2\repository\org\springframework\boot\spring-boot-starter-test\3.3.2\spring-boot-starter-test-3.3.2.jar;C:\Users\colom\.m2\repository\org\springframework\boot\spring-boot-test\3.4.7\spring-boot-test-3.4.7.jar;C:\Users\colom\.m2\repository\org\springframework\boot\spring-boot-test-autoconfigure\3.4.7\spring-boot-test-autoconfigure-3.4.7.jar;C:\Users\colom\.m2\repository\com\jayway\jsonpath\json-path\2.9.0\json-path-2.9.0.jar;C:\Users\colom\.m2\repository\jakarta\xml\bind\jakarta.xml.bind-api\4.0.2\jakarta.xml.bind-api-4.0.2.jar;C:\Users\colom\.m2\repository\jakarta\activation\jakarta.activation-api\2.1.3\jakarta.activation-api-2.1.3.jar;C:\Users\colom\.m2\repository\net\minidev\json-smart\2.5.2\json-smart-2.5.2.jar;C:\Users\colom\.m2\repository\net\minidev\accessors-smart\2.5.2\accessors-smart-2.5.2.jar;C:\Users\colom\.m2\repository\org\ow2\asm\asm\9.7.1\asm-9.7.1.jar;C:\Users\colom\.m2\repository\org\assertj\assertj-core\3.26.3\assertj-core-3.26.3.jar;C:\Users\colom\.m2\repository\org\awaitility\awaitility\4.2.2\awaitility-4.2.2.jar;C:\Users\colom\.m2\repository\org\hamcrest\hamcrest\2.2\hamcrest-2.2.jar;C:\Users\colom\.m2\repository\org\junit\jupiter\junit-jupiter\5.11.4\junit-jupiter-5.11.4.jar;C:\Users\colom\.m2\repository\org\junit\jupiter\junit-jupiter-api\5.11.4\junit-jupiter-api-5.11.4.jar;C:\Users\colom\.m2\repository\org\opentest4j\opentest4j\1.3.0\opentest4j-1.3.0.jar;C:\Users\colom\.m2\repository\org\junit\platform\junit-platform-commons\1.11.4\junit-platform-commons-1.11.4.jar;C:\Users\colom\.m2\repository\org\apiguardian\apiguardian-api\1.1.2\apiguardian-api-1.1.2.jar;C:\Users\colom\.m2\repository\org\junit\jupiter\junit-jupiter-params\5.11.4\junit-jupiter-params-5.11.4.jar;C:\Users\colom\.m2\repository\org\junit\jupiter\junit-jupiter-engine\5.11.4\junit-jupiter-engine-5.11.4.jar;C:\Users\colom\.m2\repository\org\junit\platform\junit-platform-engine\1.11.4\junit-platform-engine-1.11.4.jar;C:\Users\colom\.m2\repository\org\mockito\mockito-core\5.14.2\mockito-core-5.14.2.jar;C:\Users\colom\.m2\repository\net\bytebuddy\byte-buddy-agent\1.15.11\byte-buddy-agent-1.15.11.jar;C:\Users\colom\.m2\repository\org\objenesis\objenesis\3.3\objenesis-3.3.jar;C:\Users\colom\.m2\repository\org\mockito\mockito-junit-jupiter\5.14.2\mockito-junit-jupiter-5.14.2.jar;C:\Users\colom\.m2\repository\org\skyscreamer\jsonassert\1.5.3\jsonassert-1.5.3.jar;C:\Users\colom\.m2\repository\com\vaadin\external\google\android-json\0.0.20131108.vaadin1\android-json-0.0.20131108.vaadin1.jar;C:\Users\colom\.m2\repository\org\springframework\spring-core\6.2.8\spring-core-6.2.8.jar;C:\Users\colom\.m2\repository\org\springframework\spring-jcl\6.2.8\spring-jcl-6.2.8.jar;C:\Users\colom\.m2\repository\org\springframework\spring-test\6.2.8\spring-test-6.2.8.jar;C:\Users\colom\.m2\repository\org\xmlunit\xmlunit-core\2.10.2\xmlunit-core-2.10.2.jar;C:\Users\colom\.m2\repository\org\springframework\boot\spring-boot-starter-web\3.4.7\spring-boot-starter-web-3.4.7.jar;C:\Users\colom\.m2\repository\org\springframework\boot\spring-boot-starter-json\3.4.7\spring-boot-starter-json-3.4.7.jar;C:\Users\colom\.m2\repository\com\fasterxml\jackson\core\jackson-databind\2.18.4\jackson-databind-2.18.4.jar;C:\Users\colom\.m2\repository\com\fasterxml\jackson\core\jackson-annotations\2.18.4\jackson-annotations-2.18.4.jar;C:\Users\colom\.m2\repository\com\fasterxml\jackson\core\jackson-core\2.18.4.1\jackson-core-2.18.4.1.jar;C:\Users\colom\.m2\repository\com\fasterxml\jackson\datatype\jackson-datatype-jdk8\2.18.4\jackson-datatype-jdk8-2.18.4.jar;C:\Users\colom\.m2\repository\com\fasterxml\jackson\datatype\jackson-datatype-jsr310\2.18.4\jackson-datatype-jsr310-2.18.4.jar;C:\Users\colom\.m2\repository\com\fasterxml\jackson\module\jackson-module-parameter-names\2.18.4\jackson-module-parameter-names-2.18.4.jar;C:\Users\colom\.m2\repository\org\springframework\boot\spring-boot-starter-tomcat\3.4.7\spring-boot-starter-tomcat-3.4.7.jar;C:\Users\colom\.m2\repository\org\apache\tomcat\embed\tomcat-embed-core\10.1.42\tomcat-embed-core-10.1.42.jar;C:\Users\colom\.m2\repository\org\apache\tomcat\embed\tomcat-embed-el\10.1.42\tomcat-embed-el-10.1.42.jar;C:\Users\colom\.m2\repository\org\apache\tomcat\embed\tomcat-embed-websocket\10.1.42\tomcat-embed-websocket-10.1.42.jar;C:\Users\colom\.m2\repository\org\springframework\spring-web\6.2.8\spring-web-6.2.8.jar;C:\Users\colom\.m2\repository\io\micrometer\micrometer-observation\1.14.8\micrometer-observation-1.14.8.jar;C:\Users\colom\.m2\repository\io\micrometer\micrometer-commons\1.14.8\micrometer-commons-1.14.8.jar;C:\Users\colom\.m2\repository\org\springframework\spring-webmvc\6.2.8\spring-webmvc-6.2.8.jar;C:\Users\colom\.m2\repository\org\springframework\spring-expression\6.2.8\spring-expression-6.2.8.jar;C:\Users\colom\.m2\repository\org\springframework\cloud\spring-cloud-starter-openfeign\4.2.0\spring-cloud-starter-openfeign-4.2.0.jar;C:\Users\colom\.m2\repository\org\springframework\cloud\spring-cloud-starter\4.2.0\spring-cloud-starter-4.2.0.jar;C:\Users\colom\.m2\repository\org\springframework\cloud\spring-cloud-context\4.2.0\spring-cloud-context-4.2.0.jar;C:\Users\colom\.m2\repository\org\bouncycastle\bcprov-jdk18on\1.78.1\bcprov-jdk18on-1.78.1.jar;C:\Users\colom\.m2\repository\org\springframework\cloud\spring-cloud-openfeign-core\4.2.0\spring-cloud-openfeign-core-4.2.0.jar;C:\Users\colom\.m2\repository\io\github\openfeign\feign-form-spring\13.5\feign-form-spring-13.5.jar;C:\Users\colom\.m2\repository\io\github\openfeign\feign-form\13.5\feign-form-13.5.jar;C:\Users\colom\.m2\repository\commons-fileupload\commons-fileupload\1.5\commons-fileupload-1.5.jar;C:\Users\colom\.m2\repository\commons-io\commons-io\2.11.0\commons-io-2.11.0.jar;C:\Users\colom\.m2\repository\org\springframework\cloud\spring-cloud-commons\4.2.0\spring-cloud-commons-4.2.0.jar;C:\Users\colom\.m2\repository\org\springframework\security\spring-security-crypto\6.4.7\spring-security-crypto-6.4.7.jar;C:\Users\colom\.m2\repository\io\github\openfeign\feign-core\13.5\feign-core-13.5.jar;C:\Users\colom\.m2\repository\io\github\openfeign\feign-slf4j\13.5\feign-slf4j-13.5.jar;, java.vm.vendor=Oracle Corporation, sun.arch.data.model=64, user.variant=, java.vendor.url=https://java.oracle.com/, user.timezone=America/Santiago, jakarta.persistence.sharedCache.mode=UNSPECIFIED, org.jboss.logging.provider=slf4j, java.vm.specification.version=21, os.name=Windows 10, APPLICATION_NAME=hw, jakarta.persistence.nonJtaDataSource=HikariDataSource (HikariPool-1), sun.java.launcher=SUN_STANDARD, user.country=ES, sun.boot.library.path=C:\Program Files\Java\jdk-21\bin, sun.java.command=C:\Users\colom\AppData\Local\Temp\surefire6246770088341187794\surefirebooter-20250626233035186_3.jar C:\Users\colom\AppData\Local\Temp\surefire6246770088341187794 2025-06-26T23-30-35_097-jvmRun1 surefire-20250626233035186_1tmp surefire_0-20250626233035186_2tmp, javax.persistence.nonJtaDataSource=HikariDataSource (HikariPool-1), hibernate.transaction.jta.platform=org.hibernate.engine.transaction.jta.platform.internal.NoJtaPlatform@13087c75, jdk.debug=release, surefire.test.class.path=c:\Users\colom\Documents\hw_local\pedidos-hw\target\test-classes;c:\Users\colom\Documents\hw_local\pedidos-hw\target\classes;C:\Users\colom\.m2\repository\com\h2database\h2\2.3.232\h2-2.3.232.jar;C:\Users\colom\.m2\repository\com\oracle\database\jdbc\ojdbc11\23.5.0.24.07\ojdbc11-23.5.0.24.07.jar;C:\Users\colom\.m2\repository\com\oracle\database\security\oraclepki\23.5.0.24.07\oraclepki-23.5.0.24.07.jar;C:\Users\colom\.m2\repository\com\oracle\database\security\osdt_cert\19.8.0.0\osdt_cert-19.8.0.0.jar;C:\Users\colom\.m2\repository\com\oracle\database\security\osdt_core\19.8.0.0\osdt_core-19.8.0.0.jar;C:\Users\colom\.m2\repository\org\apache\httpcomponents\client5\httpclient5\5.4.4\httpclient5-5.4.4.jar;C:\Users\colom\.m2\repository\org\apache\httpcomponents\core5\httpcore5\5.3.4\httpcore5-5.3.4.jar;C:\Users\colom\.m2\repository\org\apache\httpcomponents\core5\httpcore5-h2\5.3.4\httpcore5-h2-5.3.4.jar;C:\Users\colom\.m2\repository\org\slf4j\slf4j-api\2.0.17\slf4j-api-2.0.17.jar;C:\Users\colom\.m2\repository\org\projectlombok\lombok\1.18.38\lombok-1.18.38.jar;C:\Users\colom\.m2\repository\org\springdoc\springdoc-openapi-starter-webmvc-ui\2.8.5\springdoc-openapi-starter-webmvc-ui-2.8.5.jar;C:\Users\colom\.m2\repository\org\springdoc\springdoc-openapi-starter-webmvc-api\2.8.5\springdoc-openapi-starter-webmvc-api-2.8.5.jar;C:\Users\colom\.m2\repository\org\springdoc\springdoc-openapi-starter-common\2.8.5\springdoc-openapi-starter-common-2.8.5.jar;C:\Users\colom\.m2\repository\io\swagger\core
[...]
ter\5.11.4\junit-jupiter-5.11.4.jar;C:\Users\colom\.m2\repository\org\junit\jupiter\junit-jupiter-api\5.11.4\junit-jupiter-api-5.11.4.jar;C:\Users\colom\.m2\repository\org\opentest4j\opentest4j\1.3.0\opentest4j-1.3.0.jar;C:\Users\colom\.m2\repository\org\junit\platform\junit-platform-commons\1.11.4\junit-platform-commons-1.11.4.jar;C:\Users\colom\.m2\repository\org\apiguardian\apiguardian-api\1.1.2\apiguardian-api-1.1.2.jar;C:\Users\colom\.m2\repository\org\junit\jupiter\junit-jupiter-params\5.11.4\junit-jupiter-params-5.11.4.jar;C:\Users\colom\.m2\repository\org\junit\jupiter\junit-jupiter-engine\5.11.4\junit-jupiter-engine-5.11.4.jar;C:\Users\colom\.m2\repository\org\junit\platform\junit-platform-engine\1.11.4\junit-platform-engine-1.11.4.jar;C:\Users\colom\.m2\repository\org\mockito\mockito-core\5.14.2\mockito-core-5.14.2.jar;C:\Users\colom\.m2\repository\net\bytebuddy\byte-buddy-agent\1.15.11\byte-buddy-agent-1.15.11.jar;C:\Users\colom\.m2\repository\org\objenesis\objenesis\3.3\objenesis-3.3.jar;C:\Users\colom\.m2\repository\org\mockito\mockito-junit-jupiter\5.14.2\mockito-junit-jupiter-5.14.2.jar;C:\Users\colom\.m2\repository\org\skyscreamer\jsonassert\1.5.3\jsonassert-1.5.3.jar;C:\Users\colom\.m2\repository\com\vaadin\external\google\android-json\0.0.20131108.vaadin1\android-json-0.0.20131108.vaadin1.jar;C:\Users\colom\.m2\repository\org\springframework\spring-core\6.2.8\spring-core-6.2.8.jar;C:\Users\colom\.m2\repository\org\springframework\spring-jcl\6.2.8\spring-jcl-6.2.8.jar;C:\Users\colom\.m2\repository\org\springframework\spring-test\6.2.8\spring-test-6.2.8.jar;C:\Users\colom\.m2\repository\org\xmlunit\xmlunit-core\2.10.2\xmlunit-core-2.10.2.jar;C:\Users\colom\.m2\repository\org\springframework\boot\spring-boot-starter-web\3.4.7\spring-boot-starter-web-3.4.7.jar;C:\Users\colom\.m2\repository\org\springframework\boot\spring-boot-starter-json\3.4.7\spring-boot-starter-json-3.4.7.jar;C:\Users\colom\.m2\repository\com\fasterxml\jackson\core\jackson-databind\2.18.4\jackson-databind-2.18.4.jar;C:\Users\colom\.m2\repository\com\fasterxml\jackson\core\jackson-annotations\2.18.4\jackson-annotations-2.18.4.jar;C:\Users\colom\.m2\repository\com\fasterxml\jackson\core\jackson-core\2.18.4.1\jackson-core-2.18.4.1.jar;C:\Users\colom\.m2\repository\com\fasterxml\jackson\datatype\jackson-datatype-jdk8\2.18.4\jackson-datatype-jdk8-2.18.4.jar;C:\Users\colom\.m2\repository\com\fasterxml\jackson\datatype\jackson-datatype-jsr310\2.18.4\jackson-datatype-jsr310-2.18.4.jar;C:\Users\colom\.m2\repository\com\fasterxml\jackson\module\jackson-module-parameter-names\2.18.4\jackson-module-parameter-names-2.18.4.jar;C:\Users\colom\.m2\repository\org\springframework\boot\spring-boot-starter-tomcat\3.4.7\spring-boot-starter-tomcat-3.4.7.jar;C:\Users\colom\.m2\repository\org\apache\tomcat\embed\tomcat-embed-core\10.1.42\tomcat-embed-core-10.1.42.jar;C:\Users\colom\.m2\repository\org\apache\tomcat\embed\tomcat-embed-el\10.1.42\tomcat-embed-el-10.1.42.jar;C:\Users\colom\.m2\repository\org\apache\tomcat\embed\tomcat-embed-websocket\10.1.42\tomcat-embed-websocket-10.1.42.jar;C:\Users\colom\.m2\repository\org\springframework\spring-web\6.2.8\spring-web-6.2.8.jar;C:\Users\colom\.m2\repository\io\micrometer\micrometer-observation\1.14.8\micrometer-observation-1.14.8.jar;C:\Users\colom\.m2\repository\io\micrometer\micrometer-commons\1.14.8\micrometer-commons-1.14.8.jar;C:\Users\colom\.m2\repository\org\springframework\spring-webmvc\6.2.8\spring-webmvc-6.2.8.jar;C:\Users\colom\.m2\repository\org\springframework\spring-expression\6.2.8\spring-expression-6.2.8.jar;C:\Users\colom\.m2\repository\org\springframework\cloud\spring-cloud-starter-openfeign\4.2.0\spring-cloud-starter-openfeign-4.2.0.jar;C:\Users\colom\.m2\repository\org\springframework\cloud\spring-cloud-starter\4.2.0\spring-cloud-starter-4.2.0.jar;C:\Users\colom\.m2\repository\org\springframework\cloud\spring-cloud-context\4.2.0\spring-cloud-context-4.2.0.jar;C:\Users\colom\.m2\repository\org\bouncycastle\bcprov-jdk18on\1.78.1\bcprov-jdk18on-1.78.1.jar;C:\Users\colom\.m2\repository\org\springframework\cloud\spring-cloud-openfeign-core\4.2.0\spring-cloud-openfeign-core-4.2.0.jar;C:\Users\colom\.m2\repository\io\github\openfeign\feign-form-spring\13.5\feign-form-spring-13.5.jar;C:\Users\colom\.m2\repository\io\github\openfeign\feign-form\13.5\feign-form-13.5.jar;C:\Users\colom\.m2\repository\commons-fileupload\commons-fileupload\1.5\commons-fileupload-1.5.jar;C:\Users\colom\.m2\repository\commons-io\commons-io\2.11.0\commons-io-2.11.0.jar;C:\Users\colom\.m2\repository\org\springframework\cloud\spring-cloud-commons\4.2.0\spring-cloud-commons-4.2.0.jar;C:\Users\colom\.m2\repository\org\springframework\security\spring-security-crypto\6.4.7\spring-security-crypto-6.4.7.jar;C:\Users\colom\.m2\repository\io\github\openfeign\feign-core\13.5\feign-core-13.5.jar;C:\Users\colom\.m2\repository\io\github\openfeign\feign-slf4j\13.5\feign-slf4j-13.5.jar;, java.version: =21.0.5}. 
2025-06-26T23:30:46.958-04:00 DEBUG 11948 --- [hw] [onnection adder] com.zaxxer.hikari.pool.HikariPool        : HikariPool-1 - Cannot acquire connection from data source

java.sql.SQLRecoverableException: ORA-00018: maximum number of sessions exceeded

https://docs.oracle.com/error-help/db/ora-00018/
	at oracle.jdbc.driver.T4CTTIoer11.processError(T4CTTIoer11.java:709) ~[ojdbc11-23.5.0.24.07.jar:23.5.0.24.07]
	at oracle.jdbc.driver.T4CTTIoer11.processError(T4CTTIoer11.java:604) ~[ojdbc11-23.5.0.24.07.jar:23.5.0.24.07]
	at oracle.jdbc.driver.T4CTTIoer11.processError(T4CTTIoer11.java:599) ~[ojdbc11-23.5.0.24.07.jar:23.5.0.24.07]
	at oracle.jdbc.driver.T4CTTIfun.processError(T4CTTIfun.java:1809) ~[ojdbc11-23.5.0.24.07.jar:23.5.0.24.07]
	at oracle.jdbc.driver.T4CTTIoauthenticate.processError(T4CTTIoauthenticate.java:903) ~[ojdbc11-23.5.0.24.07.jar:23.5.0.24.07]
	at oracle.jdbc.driver.T4CTTIfun.receive(T4CTTIfun.java:1100) ~[ojdbc11-23.5.0.24.07.jar:23.5.0.24.07]
	at oracle.jdbc.driver.T4CTTIfun.doRPC(T4CTTIfun.java:408) ~[ojdbc11-23.5.0.24.07.jar:23.5.0.24.07]
	at oracle.jdbc.driver.T4CTTIoauthenticate.doOAUTH(T4CTTIoauthenticate.java:530) ~[ojdbc11-23.5.0.24.07.jar:23.5.0.24.07]
	at oracle.jdbc.driver.T4CTTIoauthenticate.doOAUTHWithO5Logon(T4CTTIoauthenticate.java:1712) ~[ojdbc11-23.5.0.24.07.jar:23.5.0.24.07]
	at oracle.jdbc.driver.T4CTTIoauthenticate.doOAUTH(T4CTTIoauthenticate.java:1459) ~[ojdbc11-23.5.0.24.07.jar:23.5.0.24.07]
	at oracle.jdbc.driver.T4CTTIoauthenticate.doOAUTH(T4CTTIoauthenticate.java:1399) ~[ojdbc11-23.5.0.24.07.jar:23.5.0.24.07]
	at oracle.jdbc.driver.T4CConnection.authenticateWithPassword(T4CConnection.java:2050) ~[ojdbc11-23.5.0.24.07.jar:23.5.0.24.07]
	at oracle.jdbc.driver.T4CConnection.authenticateUserForLogon(T4CConnection.java:1989) ~[ojdbc11-23.5.0.24.07.jar:23.5.0.24.07]
	at oracle.jdbc.driver.T4CConnection.logon(T4CConnection.java:1090) ~[ojdbc11-23.5.0.24.07.jar:23.5.0.24.07]
	at oracle.jdbc.driver.PhysicalConnection.connect(PhysicalConnection.java:1206) ~[ojdbc11-23.5.0.24.07.jar:23.5.0.24.07]
	at oracle.jdbc.driver.T4CDriverExtension.getConnection(T4CDriverExtension.java:105) ~[ojdbc11-23.5.0.24.07.jar:23.5.0.24.07]
	at oracle.jdbc.driver.OracleDriver.connect(OracleDriver.java:886) ~[ojdbc11-23.5.0.24.07.jar:23.5.0.24.07]
	at oracle.jdbc.driver.OracleDriver.connect(OracleDriver.java:693) ~[ojdbc11-23.5.0.24.07.jar:23.5.0.24.07]
	at com.zaxxer.hikari.util.DriverDataSource.getConnection(DriverDataSource.java:137) ~[HikariCP-5.1.0.jar:na]
	at com.zaxxer.hikari.pool.PoolBase.newConnection(PoolBase.java:360) ~[HikariCP-5.1.0.jar:na]
	at com.zaxxer.hikari.pool.PoolBase.newPoolEntry(PoolBase.java:202) ~[HikariCP-5.1.0.jar:na]
	at com.zaxxer.hikari.pool.HikariPool.createPoolEntry(HikariPool.java:461) ~[HikariCP-5.1.0.jar:na]
	at com.zaxxer.hikari.pool.HikariPool$PoolEntryCreator.call(HikariPool.java:724) ~[HikariCP-5.1.0.jar:na]
	at com.zaxxer.hikari.pool.HikariPool$PoolEntryCreator.call(HikariPool.java:703) ~[HikariCP-5.1.0.jar:na]
	at java.base/java.util.concurrent.FutureTask.run(FutureTask.java:317) ~[na:na]
	at java.base/java.util.concurrent.ThreadPoolExecutor.runWorker(ThreadPoolExecutor.java:1144) ~[na:na]
	at java.base/java.util.concurrent.ThreadPoolExecutor$Worker.run(ThreadPoolExecutor.java:642) ~[na:na]
	at java.base/java.lang.Thread.run(Thread.java:1583) ~[na:na]

2025-06-26T23:30:46.959-04:00 DEBUG 11948 --- [hw] [onnection adder] com.zaxxer.hikari.pool.HikariPool        : HikariPool-1 - Connection add failed, sleeping with backoff: 5000ms
2025-06-26T23:30:46.966-04:00 DEBUG 11948 --- [hw] [           main] o.h.sql.results.internal.ResultsHelper   : Collection fully initialized: [com.pedidos.hw.model.Pedido.detalles#23]

MockHttpServletRequest:
      HTTP Method = GET
      Request URI = /hoppyware/v1/pedido/23
       Parameters = {}
          Headers = [Accept:"application/json"]
             Body = null
    Session Attrs = {}

Handler:
             Type = com.pedidos.hw.controller.PedidoController
           Method = com.pedidos.hw.controller.PedidoController#buscarId(Long)

Async:
    Async started = false
     Async result = null

Resolved Exception:
             Type = null

ModelAndView:
        View name = null
             View = null
            Model = null

FlashMap:
       Attributes = null

MockHttpServletResponse:
           Status = 200
    Error message = null
          Headers = [Content-Type:"application/json"]
     Content type = application/json
             Body = {"id":23,"fecha_pedido":"22-06-2025","estado":2,"id_usuario":11,"detalles":[{"cantidad":6,"id_producto":8},{"cantidad":4,"id_producto":2}]}
    Forwarded URL = null
   Redirected URL = null
          Cookies = []
]]></system-out>
  </testcase>
  <testcase name="shouldUpdatePedido" classname="com.pedidos.hw.controller.PedidoControllerIntegrationTest" time="0.025">
    <system-out><![CDATA[2025-06-26T23:30:46.979-04:00 DEBUG 11948 --- [hw] [           main] o.h.e.t.internal.TransactionImpl         : On TransactionImpl creation, JpaCompliance#isJpaTransactionComplianceEnabled == false
2025-06-26T23:30:46.979-04:00 DEBUG 11948 --- [hw] [           main] o.h.e.t.internal.TransactionImpl         : begin
2025-06-26T23:30:46.980-04:00 DEBUG 11948 --- [hw] [           main] org.hibernate.orm.sql.exec               : Skipping reading Query result cache data: cache-enabled = false, cache-mode = IGNORE
2025-06-26T23:30:46.980-04:00 DEBUG 11948 --- [hw] [           main] org.hibernate.SQL                        : 
    select
        p1_0.id,
        p1_0.estado,
        p1_0.fecha_pedido,
        p1_0.id_usuario 
    from
        pedido p1_0 
    where
        p1_0.id=?
Hibernate: 
    select
        p1_0.id,
        p1_0.estado,
        p1_0.fecha_pedido,
        p1_0.id_usuario 
    from
        pedido p1_0 
    where
        p1_0.id=?
2025-06-26T23:30:46.993-04:00 DEBUG 11948 --- [hw] [           main] o.h.e.t.internal.TransactionImpl         : committing
2025-06-26T23:30:46.993-04:00 DEBUG 11948 --- [hw] [           main] o.h.e.i.AbstractFlushingEventListener    : Processing flush-time cascades
2025-06-26T23:30:46.993-04:00 DEBUG 11948 --- [hw] [           main] o.h.e.i.AbstractFlushingEventListener    : Dirty checking collections
2025-06-26T23:30:46.993-04:00 DEBUG 11948 --- [hw] [           main] o.hibernate.engine.internal.Collections  : Collection found: [com.pedidos.hw.model.Pedido.detalles#21], was: [com.pedidos.hw.model.Pedido.detalles#21] (uninitialized)
2025-06-26T23:30:46.993-04:00 DEBUG 11948 --- [hw] [           main] o.h.e.i.AbstractFlushingEventListener    : Flushed: 0 insertions, 0 updates, 0 deletions to 1 objects
2025-06-26T23:30:46.993-04:00 DEBUG 11948 --- [hw] [           main] o.h.e.i.AbstractFlushingEventListener    : Flushed: 0 (re)creations, 0 updates, 0 removals to 1 collections
2025-06-26T23:30:46.993-04:00 DEBUG 11948 --- [hw] [           main] o.hibernate.internal.util.EntityPrinter  : Listing entities:
2025-06-26T23:30:46.993-04:00 DEBUG 11948 --- [hw] [           main] o.hibernate.internal.util.EntityPrinter  : com.pedidos.hw.model.Pedido{estado=2, fecha_pedido=2025-06-24, id_usuario=3, detalles=<uninitialized>, id=21}
2025-06-26T23:30:46.993-04:00 DEBUG 11948 --- [hw] [           main] o.h.e.t.internal.TransactionImpl         : begin
2025-06-26T23:30:46.994-04:00 DEBUG 11948 --- [hw] [           main] o.h.j.internal.PersistenceUnitUtilImpl   : jakarta.persistence.PersistenceUnitUtil.getIdentifier is only intended to work with enhanced entities (although Hibernate also adapts this support to its proxies); however the passed entity was not enhanced (nor a proxy).. may not be able to read identifier
2025-06-26T23:30:46.995-04:00 DEBUG 11948 --- [hw] [           main] o.h.e.t.internal.TransactionImpl         : committing
2025-06-26T23:30:46.995-04:00 DEBUG 11948 --- [hw] [           main] o.h.e.i.AbstractFlushingEventListener    : Processing flush-time cascades
2025-06-26T23:30:46.995-04:00 DEBUG 11948 --- [hw] [           main] o.h.e.i.AbstractFlushingEventListener    : Dirty checking collections
2025-06-26T23:30:46.996-04:00 DEBUG 11948 --- [hw] [           main] o.hibernate.engine.internal.Collections  : Collection found: [com.pedidos.hw.model.Pedido.detalles#21], was: [com.pedidos.hw.model.Pedido.detalles#21] (uninitialized)
2025-06-26T23:30:46.996-04:00 DEBUG 11948 --- [hw] [           main] o.h.e.i.AbstractFlushingEventListener    : Flushed: 0 insertions, 0 updates, 0 deletions to 1 objects
2025-06-26T23:30:46.996-04:00 DEBUG 11948 --- [hw] [           main] o.h.e.i.AbstractFlushingEventListener    : Flushed: 0 (re)creations, 0 updates, 0 removals to 1 collections
2025-06-26T23:30:46.996-04:00 DEBUG 11948 --- [hw] [           main] o.hibernate.internal.util.EntityPrinter  : Listing entities:
2025-06-26T23:30:46.996-04:00 DEBUG 11948 --- [hw] [           main] o.hibernate.internal.util.EntityPrinter  : com.pedidos.hw.model.Pedido{estado=2, fecha_pedido=2025-06-24, id_usuario=3, detalles=<uninitialized>, id=21}
]]></system-out>
  </testcase>
  <testcase name="shouldDeletePedido" classname="com.pedidos.hw.controller.PedidoControllerIntegrationTest" time="0.017">
    <system-out><![CDATA[2025-06-26T23:30:47.004-04:00 DEBUG 11948 --- [hw] [           main] o.h.e.t.internal.TransactionImpl         : On TransactionImpl creation, JpaCompliance#isJpaTransactionComplianceEnabled == false
2025-06-26T23:30:47.005-04:00 DEBUG 11948 --- [hw] [           main] o.h.e.t.internal.TransactionImpl         : begin
2025-06-26T23:30:47.005-04:00 DEBUG 11948 --- [hw] [           main] org.hibernate.orm.sql.exec               : Skipping reading Query result cache data: cache-enabled = false, cache-mode = IGNORE
2025-06-26T23:30:47.005-04:00 DEBUG 11948 --- [hw] [           main] org.hibernate.SQL                        : 
    select
        p1_0.id,
        p1_0.estado,
        p1_0.fecha_pedido,
        p1_0.id_usuario 
    from
        pedido p1_0 
    where
        p1_0.id=?
Hibernate: 
    select
        p1_0.id,
        p1_0.estado,
        p1_0.fecha_pedido,
        p1_0.id_usuario 
    from
        pedido p1_0 
    where
        p1_0.id=?
2025-06-26T23:30:47.015-04:00 DEBUG 11948 --- [hw] [           main] o.h.e.t.internal.TransactionImpl         : committing
]]></system-out>
  </testcase>
  <testcase name="shouldReturnCliente" classname="com.pedidos.hw.controller.PedidoControllerIntegrationTest" time="0.012"/>
  <testcase name="shouldReturnOnePedido" classname="com.pedidos.hw.controller.PedidoControllerIntegrationTest" time="0.031">
    <system-out><![CDATA[2025-06-26T23:30:47.034-04:00 DEBUG 11948 --- [hw] [           main] o.h.e.t.internal.TransactionImpl         : On TransactionImpl creation, JpaCompliance#isJpaTransactionComplianceEnabled == false
2025-06-26T23:30:47.034-04:00 DEBUG 11948 --- [hw] [           main] o.h.e.t.internal.TransactionImpl         : begin
2025-06-26T23:30:47.035-04:00 DEBUG 11948 --- [hw] [           main] org.hibernate.orm.sql.exec               : Skipping reading Query result cache data: cache-enabled = false, cache-mode = IGNORE
2025-06-26T23:30:47.035-04:00 DEBUG 11948 --- [hw] [           main] org.hibernate.SQL                        : 
    select
        p1_0.id,
        p1_0.estado,
        p1_0.fecha_pedido,
        p1_0.id_usuario 
    from
        pedido p1_0 
    where
        p1_0.id=?
Hibernate: 
    select
        p1_0.id,
        p1_0.estado,
        p1_0.fecha_pedido,
        p1_0.id_usuario 
    from
        pedido p1_0 
    where
        p1_0.id=?
2025-06-26T23:30:47.049-04:00 DEBUG 11948 --- [hw] [           main] o.h.e.t.internal.TransactionImpl         : committing
2025-06-26T23:30:47.049-04:00 DEBUG 11948 --- [hw] [           main] o.h.e.i.AbstractFlushingEventListener    : Processing flush-time cascades
2025-06-26T23:30:47.049-04:00 DEBUG 11948 --- [hw] [           main] o.h.e.i.AbstractFlushingEventListener    : Dirty checking collections
2025-06-26T23:30:47.049-04:00 DEBUG 11948 --- [hw] [           main] o.hibernate.engine.internal.Collections  : Collection found: [com.pedidos.hw.model.Pedido.detalles#23], was: [com.pedidos.hw.model.Pedido.detalles#23] (uninitialized)
2025-06-26T23:30:47.049-04:00 DEBUG 11948 --- [hw] [           main] o.h.e.i.AbstractFlushingEventListener    : Flushed: 0 insertions, 0 updates, 0 deletions to 1 objects
2025-06-26T23:30:47.049-04:00 DEBUG 11948 --- [hw] [           main] o.h.e.i.AbstractFlushingEventListener    : Flushed: 0 (re)creations, 0 updates, 0 removals to 1 collections
2025-06-26T23:30:47.049-04:00 DEBUG 11948 --- [hw] [           main] o.hibernate.internal.util.EntityPrinter  : Listing entities:
2025-06-26T23:30:47.049-04:00 DEBUG 11948 --- [hw] [           main] o.hibernate.internal.util.EntityPrinter  : com.pedidos.hw.model.Pedido{estado=2, fecha_pedido=2025-06-22, id_usuario=11, detalles=<uninitialized>, id=23}
2025-06-26T23:30:47.050-04:00 DEBUG 11948 --- [hw] [           main] org.hibernate.orm.sql.exec               : Skipping reading Query result cache data: cache-enabled = false, cache-mode = IGNORE
2025-06-26T23:30:47.050-04:00 DEBUG 11948 --- [hw] [           main] org.hibernate.SQL                        : 
    select
        d1_0.id_pedido,
        d1_0.id_detalle,
        d1_0.cantidad,
        d1_0.id_producto 
    from
        detalle_pedido d1_0 
    where
        d1_0.id_pedido=?
Hibernate: 
    select
        d1_0.id_pedido,
        d1_0.id_detalle,
        d1_0.cantidad,
        d1_0.id_producto 
    from
        detalle_pedido d1_0 
    where
        d1_0.id_pedido=?
2025-06-26T23:30:47.060-04:00 DEBUG 11948 --- [hw] [           main] o.h.sql.results.internal.ResultsHelper   : Collection fully initialized: [com.pedidos.hw.model.Pedido.detalles#23]

MockHttpServletRequest:
      HTTP Method = GET
      Request URI = /hoppyware/v1/pedido/23
       Parameters = {}
          Headers = [Accept:"application/json"]
             Body = null
    Session Attrs = {}

Handler:
             Type = com.pedidos.hw.controller.PedidoController
           Method = com.pedidos.hw.controller.PedidoController#buscarId(Long)

Async:
    Async started = false
     Async result = null

Resolved Exception:
             Type = null

ModelAndView:
        View name = null
             View = null
            Model = null

FlashMap:
       Attributes = null

MockHttpServletResponse:
           Status = 200
    Error message = null
          Headers = [Content-Type:"application/json"]
     Content type = application/json
             Body = {"id":23,"fecha_pedido":"22-06-2025","estado":2,"id_usuario":11,"detalles":[{"cantidad":6,"id_producto":8},{"cantidad":4,"id_producto":2}]}
    Forwarded URL = null
   Redirected URL = null
          Cookies = []
]]></system-out>
  </testcase>
</testsuite>