<?xml version="1.0" encoding="UTF-8"?>
<testsuite xmlns:xsi="http://www.w3.org/2001/XMLSchema-instance" xsi:noNamespaceSchemaLocation="https://maven.apache.org/surefire/maven-surefire-plugin/xsd/surefire-test-report.xsd" version="3.0.2" name="com.pedidos.hw.repository.PedidoRepositoryUniTest" time="0.788" tests="5" errors="0" skipped="0" failures="0">
  <properties>
[...]
</properties>
  <testcase name="eliminarPedidoConDetalles" classname="com.pedidos.hw.repository.PedidoRepositoryUniTest" time="0.096">
    <system-out><![CDATA[2025-06-26T23:30:50.932-04:00  INFO 11948 --- [hw] [           main] t.c.s.AnnotationConfigContextLoaderUtils : Could not detect default configuration classes for test class [com.pedidos.hw.repository.PedidoRepositoryUniTest]: PedidoRepositoryUniTest does not declare any static, non-private, non-final, nested classes annotated with @Configuration.
2025-06-26T23:30:50.994-04:00  INFO 11948 --- [hw] [           main] .b.t.c.SpringBootTestContextBootstrapper : Found @SpringBootConfiguration com.pedidos.hw.HwApplication for test class com.pedidos.hw.repository.PedidoRepositoryUniTest

  .   ____          _            __ _ _
 /\\ / ___'_ __ _ _(_)_ __  __ _ \ \ \ \
( ( )\___ | '_ | '_| | '_ \/ _` | \ \ \ \
 \\/  ___)| |_)| | | | | || (_| |  ) ) ) )
  '  |____| .__|_| |_|_| |_\__, | / / / /
 =========|_|==============|___/=/_/_/_/

 :: Spring Boot ::                (v3.4.7)

2025-06-26T23:30:51.051-04:00  INFO 11948 --- [hw] [           main] c.p.h.r.PedidoRepositoryUniTest          : Starting PedidoRepositoryUniTest using Java 21.0.5 with PID 11948 (started by colom in c:\Users\colom\Documents\hw_local\pedidos-hw)
2025-06-26T23:30:51.052-04:00  INFO 11948 --- [hw] [           main] c.p.h.r.PedidoRepositoryUniTest          : The following 1 profile is active: "test"
2025-06-26T23:30:51.124-04:00  INFO 11948 --- [hw] [           main] .s.d.r.c.RepositoryConfigurationDelegate : Multiple Spring Data modules found, entering strict repository configuration mode
2025-06-26T23:30:51.124-04:00  INFO 11948 --- [hw] [           main] .s.d.r.c.RepositoryConfigurationDelegate : Bootstrapping Spring Data JPA repositories in DEFAULT mode.
2025-06-26T23:30:51.134-04:00  INFO 11948 --- [hw] [           main] .s.d.r.c.RepositoryConfigurationDelegate : Finished Spring Data repository scanning in 8 ms. Found 2 JPA repository interfaces.
2025-06-26T23:30:51.144-04:00  INFO 11948 --- [hw] [           main] beddedDataSourceBeanFactoryPostProcessor : Replacing 'dataSource' DataSource bean with embedded version
2025-06-26T23:30:51.162-04:00  INFO 11948 --- [hw] [           main] o.s.j.d.e.EmbeddedDatabaseFactory        : Starting embedded database: url='jdbc:h2:mem:8ed203a7-195d-451f-b118-ac46e3a8bf3c;DB_CLOSE_DELAY=-1;DB_CLOSE_ON_EXIT=false', username='sa'
2025-06-26T23:30:51.324-04:00 DEBUG 11948 --- [hw] [           main] o.hibernate.jpa.internal.util.LogHelper  : PersistenceUnitInfo [
	name: default
	persistence provider classname: null
	classloader: jdk.internal.loader.ClassLoaders$AppClassLoader@70dea4e
	excludeUnlistedClasses: true
	JTA datasource: null
	Non JTA datasource: org.springframework.jdbc.datasource.embedded.EmbeddedDatabaseFactory$EmbeddedDataSourceProxy@4ffff10c
	Transaction type: RESOURCE_LOCAL
	PU root URL: file:/C:/Users/colom/Documents/hw_local/pedidos-hw/target/test-classes/
	Shared Cache Mode: UNSPECIFIED
	Validation Mode: AUTO
	Jar files URLs []
	Managed classes names [
		com.pedidos.hw.model.DetallePedido
		com.pedidos.hw.model.Pedido]
	Mapping files names []
	Properties []
2025-06-26T23:30:51.324-04:00 DEBUG 11948 --- [hw] [           main] o.h.i.internal.IntegratorServiceImpl     : Adding Integrator [org.hibernate.boot.beanvalidation.BeanValidationIntegrator].
2025-06-26T23:30:51.324-04:00 DEBUG 11948 --- [hw] [           main] o.h.i.internal.IntegratorServiceImpl     : Adding Integrator [org.hibernate.cache.internal.CollectionCacheInvalidator].
2025-06-26T23:30:51.326-04:00 DEBUG 11948 --- [hw] [           main] org.hibernate.orm.idgen.factory          : Registering IdentifierGenerator strategy [uuid2] -> [org.hibernate.id.UUIDGenerator]
2025-06-26T23:30:51.327-04:00 DEBUG 11948 --- [hw] [           main] org.hibernate.orm.idgen.factory          : Registering IdentifierGenerator strategy [guid] -> [org.hibernate.id.GUIDGenerator]
2025-06-26T23:30:51.327-04:00 DEBUG 11948 --- [hw] [           main] org.hibernate.orm.idgen.factory          : Registering IdentifierGenerator strategy [uuid] -> [org.hibernate.id.UUIDHexGenerator]
2025-06-26T23:30:51.327-04:00 DEBUG 11948 --- [hw] [           main] org.hibernate.orm.idgen.factory          : Registering IdentifierGenerator strategy [uuid.hex] -> [org.hibernate.id.UUIDHexGenerator]
2025-06-26T23:30:51.327-04:00 DEBUG 11948 --- [hw] [           main] org.hibernate.orm.idgen.factory          : Registering IdentifierGenerator strategy [assigned] -> [org.hibernate.id.Assigned]
2025-06-26T23:30:51.327-04:00 DEBUG 11948 --- [hw] [           main] org.hibernate.orm.idgen.factory          : Registering IdentifierGenerator strategy [identity] -> [org.hibernate.id.IdentityGenerator]
2025-06-26T23:30:51.327-04:00 DEBUG 11948 --- [hw] [           main] org.hibernate.orm.idgen.factory          : Registering IdentifierGenerator strategy [select] -> [org.hibernate.id.SelectGenerator]
2025-06-26T23:30:51.327-04:00 DEBUG 11948 --- [hw] [           main] org.hibernate.orm.idgen.factory          : Registering IdentifierGenerator strategy [sequence] -> [org.hibernate.id.enhanced.SequenceStyleGenerator]
2025-06-26T23:30:51.327-04:00 DEBUG 11948 --- [hw] [           main] org.hibernate.orm.idgen.factory          : Registering IdentifierGenerator strategy [increment] -> [org.hibernate.id.IncrementGenerator]
2025-06-26T23:30:51.328-04:00 DEBUG 11948 --- [hw] [           main] org.hibernate.orm.idgen.factory          : Registering IdentifierGenerator strategy [foreign] -> [org.hibernate.id.ForeignGenerator]
2025-06-26T23:30:51.328-04:00 DEBUG 11948 --- [hw] [           main] org.hibernate.orm.idgen.factory          : Registering IdentifierGenerator strategy [enhanced-sequence] -> [org.hibernate.id.enhanced.SequenceStyleGenerator]
2025-06-26T23:30:51.328-04:00 DEBUG 11948 --- [hw] [           main] org.hibernate.orm.idgen.factory          : Registering IdentifierGenerator strategy [enhanced-table] -> [org.hibernate.id.enhanced.TableGenerator]
2025-06-26T23:30:51.328-04:00 DEBUG 11948 --- [hw] [           main] o.h.c.internal.RegionFactoryInitiator    : Cannot default RegionFactory based on registered strategies as `[]` RegionFactory strategies were registered
2025-06-26T23:30:51.328-04:00  INFO 11948 --- [hw] [           main] o.h.c.internal.RegionFactoryInitiator    : HHH000026: Second-level cache disabled
2025-06-26T23:30:51.328-04:00 DEBUG 11948 --- [hw] [           main] org.hibernate.type.BasicTypeRegistry     : Adding type registration boolean -> org.hibernate.type.BasicTypeReference@2d2fc130
2025-06-26T23:30:51.328-04:00 DEBUG 11948 --- [hw] [           main] org.hibernate.type.BasicTypeRegistry     : Adding type registration boolean -> org.hibernate.type.BasicTypeReference@2d2fc130
2025-06-26T23:30:51.328-04:00 DEBUG 11948 --- [hw] [           main] org.hibernate.type.BasicTypeRegistry     : Adding type registration java.lang.Boolean -> org.hibernate.type.BasicTypeReference@2d2fc130
2025-06-26T23:30:51.328-04:00 DEBUG 11948 --- [hw] [           main] org.hibernate.type.BasicTypeRegistry     : Adding type registration numeric_boolean -> org.hibernate.type.BasicTypeReference@7bbdb220
2025-06-26T23:30:51.328-04:00 DEBUG 11948 --- [hw] [           main] org.hibernate.type.BasicTypeRegistry     : Adding type registration org.hibernate.type.NumericBooleanConverter -> org.hibernate.type.BasicTypeReference@7bbdb220
2025-06-26T23:30:51.328-04:00 DEBUG 11948 --- [hw] [           main] org.hibernate.type.BasicTypeRegistry     : Adding type registration true_false -> org.hibernate.type.BasicTypeReference@6d001fbe
2025-06-26T23:30:51.328-04:00 DEBUG 11948 --- [hw] [           main] org.hibernate.type.BasicTypeRegistry     : Adding type registration org.hibernate.type.TrueFalseConverter -> org.hibernate.type.BasicTypeReference@6d001fbe
2025-06-26T23:30:51.328-04:00 DEBUG 11948 --- [hw] [           main] org.hibernate.type.BasicTypeRegistry     : Adding type registration yes_no -> org.hibernate.type.BasicTypeReference@d120d7c
2025-06-26T23:30:51.328-04:00 DEBUG 11948 --- [hw] [           main] org.hibernate.type.BasicTypeRegistry     : Adding type registration org.hibernate.type.YesNoConverter -> org.hibernate.type.BasicTypeReference@d120d7c
2025-06-26T23:30:51.328-04:00 DEBUG 11948 --- [hw] [           main] org.hibernate.type.BasicTypeRegistry     : Adding type registration byte -> org.hibernate.type.BasicTypeReference@5ee77baf
2025-06-26T23:30:51.328-04:00 DEBUG 11948 --- [hw] [           main] org.hibernate.type.BasicTypeRegistry     : Adding type registration byte -> org.hibernate.type.BasicTypeReference@5ee77baf
2025-06-26T23:30:51.328-04:00 DEBUG 11948 --- [hw] [           main] org.hibernate.type.BasicTypeRegistry     : Adding type registration java.lang.Byte -> org.hibernate.type.BasicTypeReference@5ee77baf
2025-06-26T23:30:51.328-04:00 DEBUG 11948 --- [hw] [           main] org.hibernate.type.BasicTypeRegistry     : Adding type registration binary -> org.hibernate.type.BasicTypeReference@485deee1
2025-06-26T23:30:51.328-04:00 DEBUG 11948 --- [hw] [           main] org.hibernate.type.BasicTypeRegistry     : Adding type registration byte[] -> org.hibernate.type.BasicTypeReference@485deee1
2025-06-26T23:30:51.328-04:00 DEBUG 11948 --- [hw] [           main] org.hibernate.type.BasicTypeRegistry     : Adding type registration [B -> org.hibernate.type.BasicTypeReference@485deee1
2025-06-26T23:30:51.328-04:00 DEBUG 11948 --- [hw] [           main] org.hibernate.type.BasicTypeRegistry     : Adding type registration binary_wrapper -> org.hibernate.type.BasicTypeReference@25cde5bb
2025-06-26T23:30:51.328-04:00 DEBUG 11948 --- [hw] [           main] org.hibernate.type.BasicTypeRegistry     : Adding type registration wrapper-binary -> org.hibernate.type.BasicTypeReference@25cde5bb
2025-06-26T23:30:51.328-04:00 DEBUG 11948 --- [hw] [           main] org.hibernate.type.BasicTypeRegistry     : Adding type registration image -> org.hibernate.type.BasicTypeReference@38a96593
2025-06-26T23:30:51.328-04:00 DEBUG 11948 --- [hw] [           main] org.hibernate.type.BasicTypeRegistry     : Adding type registration blob -> org.hibernate.type.BasicTypeReference@5df64b2a
2025-06-26T23:30:51.328-04:00 DEBUG 11948 --- [hw] [           main] org.hibernate.type.BasicTypeRegistry     : Adding type registration java.sql.Blob -> org.hibernate.type.BasicTypeReference@5df64b2a
2025-06-26T23:30:51.328-04:00 DEBUG 11948 --- [hw] [           main] org.hibernate.type.BasicTypeRegistry     : Adding type registration materialized_blob -> org.hibernate.type.BasicTypeReference@7afb9c93
2025-06-26T23:30:51.328-04:00 DEBUG 11948 --- [hw] [           main] org.hibernate.type.BasicTypeRegistry     : Adding type registration materialized_blob_wrapper -> org.hibernate.type.BasicTypeReference@30d15e4a
2025-06-26T23:30:51.328-04:00 DEBUG 11948 --- [hw] [           main] org.hibernate.type.BasicTypeRegistry     : Adding type registration short -> org.hibernate.type.BasicTypeReference@43a7203e
2025-06-26T23:30:51.328-04:00 DEBUG 11948 --- [hw] [           main] org.hibernate.type.BasicTypeRegistry     : Adding type registration short -> org.hibernate.type.BasicTypeReference@43a7203e
2025-06-26T23:30:51.328-04:00 DEBUG 11948 --- [hw] [           main] org.hibernate.type.BasicTypeRegistry     : Adding type registration java.lang.Short -> org.hibernate.type.BasicTypeReference@43a7203e
2025-06-26T23:30:51.328-04:00 DEBUG 11948 --- [hw] [           main] org.hibernate.type.BasicTypeRegistry     : Adding type registration integer -> org.hibernate.type.BasicTypeReference@2c678c7b
2025-06-26T23:30:51.328-04:00 DEBUG 11948 --- [hw] [           main] org.hibernate.type.BasicTypeRegistry     : Adding type registration int -> org.hibernate.type.BasicTypeReference@2c678c7b
2025-06-26T23:30:51.328-04:00 DEBUG 11948 --- [hw] [           main] org.hibernate.type.BasicTypeRegistry     : Adding type registration java.lang.Integer -> org.hibernate.type.BasicTypeReference@2c678c7b
2025-06-26T23:30:51.328-04:00 DEBUG 11948 --- [hw] [           main] org.hibernate.type.BasicTypeRegistry     : Adding type registration long -> org.hibernate.type.BasicTypeReference@a5e8260
2025-06-26T23:30:51.328-04:00 DEBUG 11948 --- [hw] [           main] org.hibernate.type.BasicTypeRegistry     : Adding type registration long -> org.hibernate.type.BasicTypeReference@a5e8260
2025-06-26T23:30:51.328-04:00 DEBUG 11948 --- [hw] [           main] org.hibernate.type.BasicTypeRegistry     : Adding type registration java.lang.Long -> org.hibernate.type.BasicTypeReference@a5e8260
2025-06-26T23:30:51.328-04:00 DEBUG 11948 --- [hw] [           main] org.hibernate.type.BasicTypeRegistry     : Adding type registration float -> org.hibernate.type.BasicTypeReference@30c7be6f
2025-06-26T23:30:51.328-04:00 DEBUG 11948 --- [hw] [           main] org.hibernate.type.BasicTypeRegistry     : Adding type registration float -> org.hibernate.type.BasicTypeReference@30c7be6f
2025-06-26T23:30:51.328-04:00 DEBUG 11948 --- [hw] [           main] org.hibernate.type.BasicTypeRegistry     : Adding type registration java.lang.Float -> org.hibernate.type.BasicTypeReference@30c7be6f
2025-06-26T23:30:51.328-04:00 DEBUG 11948 --- [hw] [           main] org.hibernate.type.BasicTypeRegistry     : Adding type registration double -> org.hibernate.type.BasicTypeReference@4a9bce99
2025-06-26T23:30:51.328-04:00 DEBUG 11948 --- [hw] [           main] org.hibernate.type.BasicTypeRegistry     : Adding type registration double -> org.hibernate.type.BasicTypeReference@4a9bce99
2025-06-26T23:30:51.328-04:00 DEBUG 11948 --- [hw] [           main] org.hibernate.type.BasicTypeRegistry     : Adding type registration java.lang.Double -> org.hibernate.type.BasicTypeReference@4a9bce99
2025-06-26T23:30:51.328-04:00 DEBUG 11948 --- [hw] [           main] org.hibernate.type.BasicTypeRegistry     : Adding type registration big_integer -> org.hibernate.type.BasicTypeReference@5a0f87e5
2025-06-26T23:30:51.328-04:00 DEBUG 11948 --- [hw] [           main] org.hibernate.type.BasicTypeRegistry     : Adding type registration java.math.BigInteger -> org.hibernate.type.BasicTypeReference@5a0f87e5
2025-06-26T23:30:51.328-04:00 DEBUG 11948 --- [hw] [           main] org.hibernate.type.BasicTypeRegistry     : Adding type registration big_decimal -> org.hibernate.type.BasicTypeReference@243c4346
2025-06-26T23:30:51.328-04:00 DEBUG 11948 --- [hw] [           main] org.hibernate.type.BasicTypeRegistry     : Adding type registration java.math.BigDecimal -> org.hibernate.type.BasicTypeReference@243c4346
2025-06-26T23:30:51.328-04:00 DEBUG 11948 --- [hw] [           main] org.hibernate.type.BasicTypeRegistry     : Adding type registration character -> org.hibernate.type.BasicTypeReference@2905b568
2025-06-26T23:30:51.328-04:00 DEBUG 11948 --- [hw] [           main] org.hibernate.type.BasicTypeRegistry     : Adding type registration char -> org.hibernate.type.BasicTypeReference@2905b568
2025-06-26T23:30:51.328-04:00 DEBUG 11948 --- [hw] [           main] org.hibernate.type.BasicTypeRegistry     : Adding type registration java.lang.Character -> org.hibernate.type.BasicTypeReference@2905b568
2025-06-26T23:30:51.328-04:00 DEBUG 11948 --- [hw] [           main] org.hibernate.type.BasicTypeRegistry     : Adding type registration character_nchar -> org.hibernate.type.BasicTypeReference@3dfe59d7
2025-06-26T23:30:51.328-04:00 DEBUG 11948 --- [hw] [           main] org.hibernate.type.BasicTypeRegistry     : Adding type registration string -> org.hibernate.type.BasicTypeReference@1be8c122
2025-06-26T23:30:51.328-04:00 DEBUG 11948 --- [hw] [           main] org.hibernate.type.BasicTypeRegistry     : Adding type registration java.lang.String -> org.hibernate.type.BasicTypeReference@1be8c122
2025-06-26T23:30:51.328-04:00 DEBUG 11948 --- [hw] [           main] org.hibernate.type.BasicTypeRegistry     : Adding type registration nstring -> org.hibernate.type.BasicTypeReference@5d08976a
2025-06-26T23:30:51.328-04:00 DEBUG 11948 --- [hw] [           main] org.hibernate.type.BasicTypeRegistry     : Adding type registration characters -> org.hibernate.type.BasicTypeReference@59a2d756
2025-06-26T23:30:51.328-04:00 DEBUG 11948 --- [hw] [           main] org.hibernate.type.BasicTypeRegistry     : Adding type registration char[] -> org.hibernate.type.BasicTypeReference@59a2d756
2025-06-26T23:30:51.328-04:00 DEBUG 11948 --- [hw] [           main] org.hibernate.type.BasicTypeRegistry     : Adding type registration [C -> org.hibernate.type.BasicTypeReference@59a2d756
2025-06-26T23:30:51.328-04:00 DEBUG 11948 --- [hw] [           main] org.hibernate.type.BasicTypeRegistry     : Adding type registration wrapper-characters -> org.hibernate.type.BasicTypeReference@165d1d54
2025-06-26T23:30:51.328-04:00 DEBUG 11948 --- [hw] [           main] org.hibernate.type.BasicTypeRegistry     : Adding type registration text -> org.hibernate.type.BasicTypeReference@4be12f6c
2025-06-26T23:30:51.328-04:00 DEBUG 11948 --- [hw] [           main] org.hibernate.type.BasicTypeRegistry     : Adding type registration ntext -> org.hibernate.type.BasicTypeReference@52cb52bd
2025-06-26T23:30:51.328-04:00 DEBUG 11948 --- [hw] [           main] org.hibernate.type.BasicTypeRegistry     : Adding type registration clob -> org.hibernate.type.BasicTypeReference@1d1c37d5
2025-06-26T23:30:51.328-04:00 DEBUG 11948 --- [hw] [           main] org.hibernate.type.BasicTypeRegistry     : Adding type registration java.sql.Clob -> org.hibernate.type.BasicTypeReference@1d1c37d5
2025-06-26T23:30:51.328-04:00 DEBUG 11948 --- [hw] [           main] org.hibernate.type.BasicTypeRegistry     : Adding type registration nclob -> org.hibernate.type.BasicTypeReference@63553e9f
2025-06-26T23:30:51.328-04:00 DEBUG 11948 --- [hw] [           main] org.hibernate.type.BasicTypeRegistry     : Adding type registration java.sql.NClob -> org.hibernate.type.BasicTypeReference@63553e9f
2025-06-26T23:30:51.328-04:00 DEBUG 11948 --- [hw] [           main] org.hibernate.type.BasicTypeRegistry     : Adding type registration materialized_clob -> org.hibernate.type.BasicTypeReference@218df7d6
2025-06-26T23:30:51.328-04:00 DEBUG 11948 --- [hw] [           main] org.hibernate.type.BasicTypeRegistry     : Adding type registration materialized_clob_char_array -> org.hibernate.type.BasicTypeReference@295b07e0
2025-06-26T23:30:51.328-04:00 DEBUG 11948 --- [hw] [           main] org.hibernate.type.BasicTypeRegistry     : Adding type registration materialized_clob_character_array -> org.hibernate.type.BasicTypeReference@55053f81
2025-06-26T23:30:51.328-04:00 DEBUG 11948 --- [hw] [           main] org.hibernate.type.BasicTypeRegistry     : Adding type registration materialized_nclob -> org.hibernate.type.BasicTypeReference@1fee4278
2025-06-26T23:30:51.328-04:00 DEBUG 11948 --- [hw] [           main] org.hibernate.type.BasicTypeRegistry     : Adding type registration materialized_nclob_character_array -> org.hibernate.type.BasicTypeReference@51132514
2025-06-26T23:30:51.328-04:00 DEBUG 11948 --- [hw] [           main] org.hibernate.type.BasicTypeRegistry     : Adding type registration materialized_nclob_char_array -> org.hibernate.type.BasicTypeReference@20864cd1
2025-06-26T23:30:51.328-04:00 DEBUG 11948 --- [hw] [           main] org.hibernate.type.BasicTypeRegistry     : Adding type registration Duration -> org.hibernate.type.BasicTypeReference@5c839677
2025-06-26T23:30:51.328-04:00 DEBUG 11948 --- [hw] [           main] org.hibernate.type.BasicTypeRegistry     : Adding type registration java.time.Duration -> org.hibernate.type.BasicTypeReference@5c839677
2025-06-26T23:30:51.328-04:00 DEBUG 11948 --- [hw] [           main] org.hibernate.type.BasicTypeRegistry     : Adding type registration LocalDateTime -> org.hibernate.type.BasicTypeReference@3193e21d
2025-06-26T23:30:51.328-04:00 DEBUG 11948 --- [hw] [           main] org.hibernate.type.BasicTypeRegistry     : Adding type registration java.time.LocalDateTime -> org.hibernate.type.BasicTypeReference@3193e21d
2025-06-26T23:30:51.328-04:00 DEBUG 11948 --- [hw] [           main] org.hibernate.type.BasicTypeRegistry     : Adding type registration LocalDate -> org.hibernate.type.BasicTypeReference@79604abe
2025-06-26T23:30:51.328-04:00 DEBUG 11948 --- [hw] [           main] org.hibernate.type.BasicTypeRegistry     : Adding type registration java.time.LocalDate -> org.hibernate.type.BasicTypeReference@79604abe
2025-06-26T23:30:51.328-04:00 DEBUG 11948 --- [hw] [           main] org.hibernate.type.BasicTypeRegistry     : Adding type registration LocalTime -> org.hibernate.type.BasicTypeReference@6b126187
2025-06-26T23:30:51.328-04:00 DEBUG 11948 --- [hw] [           main] org.hibernate.type.BasicTypeRegistry     : Adding type registration java.time.LocalTime -> org.hibernate.type.BasicTypeReference@6b126187
2025-06-26T23:30:51.328-04:00 DEBUG 11948 --- [hw] [           main] org.hibernate.type.BasicTypeRegistry     : Adding type registration OffsetDateTime -> org.hibernate.type.BasicTypeReference@2b6262bc
2025-06-26T23:30:51.328-04:00 DEBUG 11948 --- [hw] [           main] org.hibernate.type.BasicTypeRegistry     : Adding type registration java.time.OffsetDateTime -> org.hibernate.type.BasicTypeReference@2b6262bc
2025-06-26T23:30:51.328-04:00 DEBUG 11948 --- [hw] [           main] org.hibernate.type.BasicTypeRegistry     : Adding type registration OffsetDateTimeWithTimezone -> org.hibernate.type.BasicTypeReference@5cffec7
2025-06-26T23:30:51.328-04:00 DEBUG 11948 --- [hw] [           main] org.hibernate.type.BasicTypeRegistry     : Adding type registration OffsetDateTimeWithoutTimezone -> org.hibernate.type.BasicTypeReference@7e81617a
2025-06-26T23:30:51.328-04:00 DEBUG 11948 --- [hw] [           main] org.hibernate.type.BasicTypeRegistry     : Adding type registration OffsetTime -> org.hibernate.type.BasicTypeReference@6e73974
2025-06-26T23:30:51.328-04:00 DEBUG 11948 --- [hw] [           main] org.hibernate.type.BasicTypeRegistry     : Adding type registration java.time.OffsetTime -> org.hibernate.type.BasicTypeReference@6e73974
2025-06-26T23:30:51.328-04:00 DEBUG 11948 --- [hw] [           main] org.hibernate.type.BasicTypeRegistry     : Adding type registration OffsetTimeUtc -> org.hibernate.type.BasicTypeReference@3e28dc96
2025-06-26T23:30:51.328-04:00 DEBUG 11948 --- [hw] [           main] org.hibernate.type.BasicTypeRegistry     : Adding type registration OffsetTimeWithTimezone -> org.hibernate.type.BasicTypeReference@44eb2452
2025-06-26T23:30:51.328-04:00 DEBUG 11948 --- [hw] [           main] org.hibernate.type.BasicTypeRegistry     : Adding type registration OffsetTimeWithoutTimezone -> org.hibernate.type.BasicTypeReference@31940704
2025-06-26T23:30:51.328-04:00 DEBUG 11948 --- [hw] [           main] org.hibernate.type.BasicTypeRegistry     : Adding type registration ZonedDateTime -> org.hibernate.type.BasicTypeReference@e07b4db
2025-06-26T23:30:51.328-04:00 DEBUG 11948 --- [hw] [           main] org.hibernate.type.BasicTypeRegistry     : Adding type registration java.time.ZonedDateTime -> org.hibernate.type.BasicTypeReference@e07b4db
2025-06-26T23:30:51.328-04:00 DEBUG 11948 --- [hw] [           main] org.hibernate.type.BasicTypeRegistry     : Adding type registration ZonedDateTimeWithTimezone -> org.hibernate.type.BasicTypeReference@76b305e1
2025-06-26T23:30:51.328-04:00 DEBUG 11948 --- [hw] [           main] org.hibernate.type.BasicTypeRegistry     : Adding type registration ZonedDateTimeWithoutTimezone -> org.hibernate.type.BasicTypeReference@6be766d1
2025-06-26T23:30:51.328-04:00 DEBUG 11948 --- [hw] [           main] org.hibernate.type.BasicTypeRegistry     : Adding type registration date -> org.hibernate.type.BasicTypeReference@7adae08e
2025-06-26T23:30:51.328-04:00 DEBUG 11948 --- [hw] [           main] org.hibernate.type.BasicTypeRegistry     : Adding type registration java.sql.Date -> org.hibernate.type.BasicTypeReference@7adae08e
2025-06-26T23:30:51.328-04:00 DEBUG 11948 --- [hw] [           main] org.hibernate.type.BasicTypeRegistry     : Adding type registration time -> org.hibernate.type.BasicTypeReference@49c83262
2025-06-26T23:30:51.328-04:00 DEBUG 11948 --- [hw] [           main] org.hibernate.type.BasicTypeRegistry     : Adding type registration java.sql.Time -> org.hibernate.type.BasicTypeReference@49c83262
2025-06-26T23:30:51.328-04:00 DEBUG 11948 --- [hw] [           main] org.hibernate.type.BasicTypeRegistry     : Adding type registration timestamp -> org.hibernate.type.BasicTypeReference@273aaab7
2025-06-26T23:30:51.328-04:00 DEBUG 11948 --- [hw] [           main] org.hibernate.type.BasicTypeRegistry     : Adding type registration java.sql.Timestamp -> org.hibernate.type.BasicTypeReference@273aaab7
2025-06-26T23:30:51.328-04:00 DEBUG 11948 --- [hw] [           main] org.hibernate.type.BasicTypeRegistry     : Adding type registration java.util.Date -> org.hibernate.type.BasicTypeReference@273aaab7
2025-06-26T23:30:51.328-04:00 DEBUG 11948 --- [hw] [           main] org.hibernate.type.BasicTypeRegistry     : Adding type registration calendar -> org.hibernate.type.BasicTypeReference@77bb916f
2025-06-26T23:30:51.328-04:00 DEBUG 11948 --- [hw] [           main] org.hibernate.type.BasicTypeRegistry     : Adding type registration java.util.Calendar -> org.hibernate.type.BasicTypeReference@77bb916f
2025-06-26T23:30:51.329-04:00 DEBUG 11948 --- [hw] [           main] org.hibernate.type.BasicTypeRegistry     : Adding type registration java.util.GregorianCalendar -> org.hibernate.type.BasicTypeReference@77bb916f
2025-06-26T23:30:51.329-04:00 DEBUG 11948 --- [hw] [           main] org.hibernate.type.BasicTypeRegistry     : Adding type registration calendar_date -> org.hibernate.type.BasicTypeReference@5a48d186
2025-06-26T23:30:51.329-04:00 DEBUG 11948 --- [hw] [           main] org.hibernate.type.BasicTypeRegistry     : Adding type registration calendar_time -> org.hibernate.type.BasicTypeReference@521ba38f
2025-06-26T23:30:51.329-04:00 DEBUG 11948 --- [hw] [           main] org.hibernate.type.BasicTypeRegistry     : Adding type registration instant -> org.hibernate.type.BasicTypeReference@2086d469
2025-06-26T23:30:51.329-04:00 DEBUG 11948 --- [hw] [           main] org.hibernate.type.BasicTypeRegistry     : Adding type registration java.time.Instant -> org.hibernate.type.BasicTypeReference@2086d469
2025-06-26T23:30:51.329-04:00 DEBUG 11948 --- [hw] [           main] org.hibernate.type.BasicTypeRegistry     : Adding type registration uuid -> org.hibernate.type.BasicTypeReference@b1d19ff
2025-06-26T23:30:51.329-04:00 DEBUG 11948 --- [hw] [           main] org.hibernate.type.BasicTypeRegistry     : Adding type registration java.util.UUID -> org.hibernate.type.BasicTypeReference@b1d19ff
2025-06-26T23:30:51.329-04:00 DEBUG 11948 --- [hw] [           main] org.hibernate.type.BasicTypeRegistry     : Adding type registration pg-uuid -> org.hibernate.type.BasicTypeReference@b1d19ff
2025-06-26T23:30:51.329-04:00 DEBUG 11948 --- [hw] [           main] org.hibernate.type.BasicTypeRegistry     : Adding type registration uuid-binary -> org.hibernate.type.BasicTypeReference@17c53dfb
2025-06-26T23:30:51.329-04:00 DEBUG 11948 --- [hw] [           main] org.hibernate.type.BasicTypeRegistry     : Adding type registration uuid-char -> org.hibernate.type.BasicTypeReference@184de357
2025-06-26T23:30:51.329-04:00 DEBUG 11948 --- [hw] [           main] org.hibernate.type.BasicTypeRegistry     : Adding type registration class -> org.hibernate.type.BasicTypeReference@efe49ab
2025-06-26T23:30:51.329-04:00 DEBUG 11948 --- [hw] [           main] org.hibernate.type.BasicTypeRegistry     : Adding type registration java.lang.Class -> org.hibernate.type.BasicTypeReference@efe49ab
2025-06-26T23:30:51.329-04:00 DEBUG 11948 --- [hw] [           main] org.hibernate.type.BasicTypeRegistry     : Adding type registration currency -> org.hibernate.type.BasicTypeReference@6dcf7b6a
2025-06-26T23:30:51.329-04:00 DEBUG 11948 --- [hw] [           main] org.hibernate.type.BasicTypeRegistry     : Adding type registration Currency -> org.hibernate.type.BasicTypeReference@6dcf7b6a
2025-06-26T23:30:51.329-04:00 DEBUG 11948 --- [hw] [           main] org.hibernate.type.BasicTypeRegistry     : Adding type registration java.util.Currency -> org.hibernate.type.BasicTypeReference@6dcf7b6a
2025-06-26T23:30:51.329-04:00 DEBUG 11948 --- [hw] [           main] org.hibernate.type.BasicTypeRegistry     : Adding type registration locale -> org.hibernate.type.BasicTypeReference@247bbfba
2025-06-26T23:30:51.329-04:00 DEBUG 11948 --- [hw] [           main] org.hibernate.type.BasicTypeRegistry     : Adding type registration java.util.Locale -> org.hibernate.type.BasicTypeReference@247bbfba
2025-06-26T23:30:51.329-04:00 DEBUG 11948 --- [hw] [           main] org.hibernate.type.BasicTypeRegistry     : Adding type registration serializable -> org.hibernate.type.BasicTypeReference@5834198f
2025-06-26T23:30:51.329-04:00 DEBUG 11948 --- [hw] [           main] org.hibernate.type.BasicTypeRegistry     : Adding type registration java.io.Serializable -> org.hibernate.type.BasicTypeReference@5834198f
2025-06-26T23:30:51.329-04:00 DEBUG 11948 --- [hw] [           main] org.hibernate.type.BasicTypeRegistry     : Adding type registration timezone -> org.hibernate.type.BasicTypeReference@4eb63dc8
2025-06-26T23:30:51.329-04:00 DEBUG 11948 --- [hw] [           main] org.hibernate.type.BasicTypeRegistry     : Adding type registration java.util.TimeZone -> org.hibernate.type.BasicTypeReference@4eb63dc8
2025-06-26T23:30:51.329-04:00 DEBUG 11948 --- [hw] [           main] org.hibernate.type.BasicTypeRegistry     : Adding type registration ZoneOffset -> org.hibernate.type.BasicTypeReference@402d6012
2025-06-26T23:30:51.329-04:00 DEBUG 11948 --- [hw] [           main] org.hibernate.type.BasicTypeRegistry     : Adding type registration java.time.ZoneOffset -> org.hibernate.type.BasicTypeReference@402d6012
2025-06-26T23:30:51.329-04:00 DEBUG 11948 --- [hw] [           main] org.hibernate.type.BasicTypeRegistry     : Adding type registration url -> org.hibernate.type.BasicTypeReference@395281c2
2025-06-26T23:30:51.329-04:00 DEBUG 11948 --- [hw] [           main] org.hibernate.type.BasicTypeRegistry     : Adding type registration java.net.URL -> org.hibernate.type.BasicTypeReference@395281c2
2025-06-26T23:30:51.329-04:00 DEBUG 11948 --- [hw] [           main] org.hibernate.type.BasicTypeRegistry     : Adding type registration vector -> org.hibernate.type.BasicTypeReference@41d20f06
2025-06-26T23:30:51.329-04:00 DEBUG 11948 --- [hw] [           main] org.hibernate.type.BasicTypeRegistry     : Adding type registration float_vector -> org.hibernate.type.BasicTypeReference@3e753289
2025-06-26T23:30:51.329-04:00 DEBUG 11948 --- [hw] [           main] org.hibernate.type.BasicTypeRegistry     : Adding type registration double_vector -> org.hibernate.type.BasicTypeReference@1573e8a5
2025-06-26T23:30:51.329-04:00 DEBUG 11948 --- [hw] [           main] org.hibernate.type.BasicTypeRegistry     : Adding type registration byte_vector -> org.hibernate.type.BasicTypeReference@38022758
2025-06-26T23:30:51.329-04:00 DEBUG 11948 --- [hw] [           main] org.hibernate.type.BasicTypeRegistry     : Adding type registration row_version -> org.hibernate.type.BasicTypeReference@69f9b561
2025-06-26T23:30:51.329-04:00 DEBUG 11948 --- [hw] [           main] org.hibernate.type.BasicTypeRegistry     : Adding type registration object -> org.hibernate.type.JavaObjectType@7686f701
2025-06-26T23:30:51.329-04:00 DEBUG 11948 --- [hw] [           main] org.hibernate.type.BasicTypeRegistry     : Adding type registration java.lang.Object -> org.hibernate.type.JavaObjectType@7686f701
2025-06-26T23:30:51.329-04:00 DEBUG 11948 --- [hw] [           main] org.hibernate.type.BasicTypeRegistry     : Adding type registration null -> org.hibernate.type.NullType@15186ce0
2025-06-26T23:30:51.329-04:00 DEBUG 11948 --- [hw] [           main] org.hibernate.type.BasicTypeRegistry     : Adding type registration imm_date -> org.hibernate.type.BasicTypeReference@2dec97ea
2025-06-26T23:30:51.329-04:00 DEBUG 11948 --- [hw] [           main] org.hibernate.type.BasicTypeRegistry     : Adding type registration imm_time -> org.hibernate.type.BasicTypeReference@7b320f0d
2025-06-26T23:30:51.329-04:00 DEBUG 11948 --- [hw] [           main] org.hibernate.type.BasicTypeRegistry     : Adding type registration imm_timestamp -> org.hibernate.type.BasicTypeReference@6a837740
2025-06-26T23:30:51.329-04:00 DEBUG 11948 --- [hw] [           main] org.hibernate.type.BasicTypeRegistry     : Adding type registration imm_calendar -> org.hibernate.type.BasicTypeReference@740639ba
2025-06-26T23:30:51.329-04:00 DEBUG 11948 --- [hw] [           main] org.hibernate.type.BasicTypeRegistry     : Adding type registration imm_calendar_date -> org.hibernate.type.BasicTypeReference@3d1cb317
2025-06-26T23:30:51.329-04:00 DEBUG 11948 --- [hw] [           main] org.hibernate.type.BasicTypeRegistry     : Adding type registration imm_calendar_time -> org.hibernate.type.BasicTypeReference@563d89de
2025-06-26T23:30:51.329-04:00 DEBUG 11948 --- [hw] [           main] org.hibernate.type.BasicTypeRegistry     : Adding type registration imm_binary -> org.hibernate.type.BasicTypeReference@2775dd2e
2025-06-26T23:30:51.329-04:00 DEBUG 11948 --- [hw] [           main] org.hibernate.type.BasicTypeRegistry     : Adding type registration imm_serializable -> org.hibernate.type.BasicTypeReference@627beb93
2025-06-26T23:30:51.331-04:00 DEBUG 11948 --- [hw] [           main] o.h.boot.internal.BootstrapContextImpl   : Injecting JPA temp ClassLoader [org.springframework.instrument.classloading.SimpleThrowawayClassLoader@ee6533] into BootstrapContext; was [null]
2025-06-26T23:30:51.331-04:00 DEBUG 11948 --- [hw] [           main] o.h.boot.internal.ClassLoaderAccessImpl  : ClassLoaderAccessImpl#injectTempClassLoader(org.springframework.instrument.classloading.SimpleThrowawayClassLoader@ee6533) [was null]
2025-06-26T23:30:51.331-04:00 DEBUG 11948 --- [hw] [           main] o.h.boot.internal.BootstrapContextImpl   : Injecting ScanEnvironment [org.hibernate.jpa.boot.internal.StandardJpaScanEnvironmentImpl@97b54ad] into BootstrapContext; was [null]
2025-06-26T23:30:51.331-04:00 DEBUG 11948 --- [hw] [           main] o.h.boot.internal.BootstrapContextImpl   : Injecting ScanOptions [org.hibernate.boot.archive.scan.internal.StandardScanOptions@34e10162] into BootstrapContext; was [org.hibernate.boot.archive.scan.internal.StandardScanOptions@35019e56]
2025-06-26T23:30:51.333-04:00 DEBUG 11948 --- [hw] [           main] o.h.j.b.i.PersistenceUnitInfoDescriptor  : Pushing class transformers for PU named 'default' on loading classloader jdk.internal.loader.ClassLoaders$AppClassLoader@70dea4e
2025-06-26T23:30:51.338-04:00  INFO 11948 --- [hw] [           main] o.s.o.j.p.SpringPersistenceUnitInfo      : No LoadTimeWeaver setup: ignoring JPA class transformer
2025-06-26T23:30:51.338-04:00 DEBUG 11948 --- [hw] [           main] o.h.boot.internal.BootstrapContextImpl   : Injecting JPA temp ClassLoader [null] into BootstrapContext; was [org.springframework.instrument.classloading.SimpleThrowawayClassLoader@ee6533]
2025-06-26T23:30:51.338-04:00 DEBUG 11948 --- [hw] [           main] o.h.boot.internal.ClassLoaderAccessImpl  : ClassLoaderAccessImpl#injectTempClassLoader(null) [was org.springframework.instrument.classloading.SimpleThrowawayClassLoader@ee6533]
2025-06-26T23:30:51.341-04:00 DEBUG 11948 --- [hw] [           main] o.h.e.j.e.i.JdbcEnvironmentInitiator     : Database ->
	   name : H2
	version : 2.3.232 (2024-08-11)
	  major : 2
	  minor : 3
2025-06-26T23:30:51.341-04:00 DEBUG 11948 --- [hw] [           main] o.h.e.j.e.i.JdbcEnvironmentInitiator     : Driver ->
	   name : H2 JDBC Driver
	version : 2.3.232 (2024-08-11)
	  major : 2
	  minor : 3
2025-06-26T23:30:51.341-04:00 DEBUG 11948 --- [hw] [           main] o.h.e.j.e.i.JdbcEnvironmentInitiator     : JDBC version : 4.3
2025-06-26T23:30:51.356-04:00  WARN 11948 --- [hw] [           main] org.hibernate.dialect.Dialect            : HHH000511: The 2.3.232 version for [org.hibernate.dialect.OracleDialect] is no longer supported, hence certain features may not work properly. The minimum supported version is 19.0.0. Check the community dialects project for available legacy versions.
2025-06-26T23:30:51.357-04:00  WARN 11948 --- [hw] [           main] org.hibernate.orm.deprecation            : HHH90000025: OracleDialect does not need to be specified explicitly using 'hibernate.dialect' (remove the property setting and it will be selected by default)
2025-06-26T23:30:51.357-04:00 DEBUG 11948 --- [hw] [           main] org.hibernate.orm.dialect                : HHH035001: Using dialect: org.hibernate.dialect.OracleDialect, version: 2.3.232
2025-06-26T23:30:51.357-04:00 DEBUG 11948 --- [hw] [           main] o.h.e.j.env.spi.IdentifierHelperBuilder  : JDBC driver metadata reported database stores quoted identifiers in neither upper, lower nor mixed case
2025-06-26T23:30:51.360-04:00  INFO 11948 --- [hw] [           main] org.hibernate.orm.connections.pooling    : HHH10001005: Database info:
	Database JDBC URL [Connecting through datasource 'org.springframework.jdbc.datasource.embedded.EmbeddedDatabaseFactory$EmbeddedDataSourceProxy@4ffff10c']
	Database driver: undefined/unknown
	Database version: 2.3.232
	Autocommit mode: undefined/unknown
	Isolation level: undefined/unknown
	Minimum pool size: undefined/unknown
	Maximum pool size: undefined/unknown
2025-06-26T23:30:51.360-04:00 DEBUG 11948 --- [hw] [           main] o.h.t.d.jdbc.spi.JdbcTypeRegistry        : addDescriptor(NCharTypeDescriptor) replaced previous registration(CharTypeDescriptor)
2025-06-26T23:30:51.360-04:00 DEBUG 11948 --- [hw] [           main] o.h.t.d.jdbc.spi.JdbcTypeRegistry        : addDescriptor(NVarcharTypeDescriptor) replaced previous registration(VarcharTypeDescriptor)
2025-06-26T23:30:51.360-04:00 DEBUG 11948 --- [hw] [           main] o.h.t.d.jdbc.spi.JdbcTypeRegistry        : addDescriptor(LongNVarcharTypeDescriptor) replaced previous registration(LongVarcharTypeDescriptor)
2025-06-26T23:30:51.360-04:00 DEBUG 11948 --- [hw] [           main] o.h.t.d.jdbc.spi.JdbcTypeRegistry        : addDescriptor(NClobTypeDescriptor(DEFAULT)) replaced previous registration(ClobTypeDescriptor(DEFAULT))
2025-06-26T23:30:51.360-04:00 DEBUG 11948 --- [hw] [           main] o.h.t.d.jdbc.spi.JdbcTypeRegistry        : addDescriptor(BooleanTypeDescriptor) replaced previous registration(BooleanTypeDescriptor)
2025-06-26T23:30:51.360-04:00 DEBUG 11948 --- [hw] [           main] org.hibernate.type.BasicTypeRegistry     : Adding type registration null -> org.hibernate.type.NullType@483381ea
2025-06-26T23:30:51.360-04:00 DEBUG 11948 --- [hw] [           main] org.hibernate.type.BasicTypeRegistry     : Type registration key [null] overrode previous entry : `org.hibernate.type.NullType@15186ce0`
2025-06-26T23:30:51.360-04:00 DEBUG 11948 --- [hw] [           main] org.hibernate.type.BasicTypeRegistry     : Adding type registration JAVA_OBJECT -> org.hibernate.type.JavaObjectType@499d1026
2025-06-26T23:30:51.360-04:00 DEBUG 11948 --- [hw] [           main] org.hibernate.type.BasicTypeRegistry     : Adding type registration java.lang.Object -> org.hibernate.type.JavaObjectType@499d1026
2025-06-26T23:30:51.361-04:00 DEBUG 11948 --- [hw] [           main] org.hibernate.type.BasicTypeRegistry     : Type registration key [java.lang.Object] overrode previous entry : `org.hibernate.type.JavaObjectType@7686f701`
2025-06-26T23:30:51.361-04:00 DEBUG 11948 --- [hw] [           main] org.hibernate.type.BasicTypeRegistry     : Adding type registration org.hibernate.type.DurationType -> basicType@39(java.time.Duration,3015)
2025-06-26T23:30:51.361-04:00 DEBUG 11948 --- [hw] [           main] org.hibernate.type.BasicTypeRegistry     : Adding type registration Duration -> basicType@39(java.time.Duration,3015)
2025-06-26T23:30:51.361-04:00 DEBUG 11948 --- [hw] [           main] org.hibernate.type.BasicTypeRegistry     : Adding type registration java.time.Duration -> basicType@39(java.time.Duration,3015)
2025-06-26T23:30:51.361-04:00 DEBUG 11948 --- [hw] [           main] o.h.type.spi.TypeConfiguration$Scope     : Scoping TypeConfiguration [org.hibernate.type.spi.TypeConfiguration@74213bb4] to MetadataBuildingContext [org.hibernate.boot.internal.MetadataBuildingContextRootImpl@18b33243]
2025-06-26T23:30:51.361-04:00 DEBUG 11948 --- [hw] [           main] o.h.boot.model.relational.Namespace      : Created database namespace [logicalName=Name{catalog=null, schema=null}, physicalName=Name{catalog=null, schema=null}]
2025-06-26T23:30:51.361-04:00 DEBUG 11948 --- [hw] [           main] o.h.boot.model.internal.EntityBinder     : Binding entity from annotated class: com.pedidos.hw.model.DetallePedido
2025-06-26T23:30:51.361-04:00 DEBUG 11948 --- [hw] [           main] o.h.boot.model.internal.EntityBinder     : Import with entity name DetallePedido
2025-06-26T23:30:51.361-04:00 DEBUG 11948 --- [hw] [           main] o.h.boot.model.internal.EntityBinder     : Bind entity com.pedidos.hw.model.DetallePedido on table detalle_pedido
2025-06-26T23:30:51.361-04:00 DEBUG 11948 --- [hw] [           main] o.h.boot.model.internal.AnnotatedColumn  : Binding column: AnnotatedDiscriminatorColumn(column='DTYPE')
2025-06-26T23:30:51.362-04:00 DEBUG 11948 --- [hw] [           main] o.h.boot.model.internal.AnnotatedColumn  : Binding column: AnnotatedColumn()
2025-06-26T23:30:51.362-04:00 DEBUG 11948 --- [hw] [           main] o.h.boot.internal.ClassLoaderAccessImpl  : Not known whether passed class name [com.pedidos.hw.model.DetallePedido] is safe
2025-06-26T23:30:51.362-04:00 DEBUG 11948 --- [hw] [           main] o.h.boot.internal.ClassLoaderAccessImpl  : No temp ClassLoader provided; using live ClassLoader for loading potentially unsafe class : com.pedidos.hw.model.DetallePedido
2025-06-26T23:30:51.362-04:00 DEBUG 11948 --- [hw] [           main] o.h.boot.model.internal.PropertyBinder   : MetadataSourceProcessor property id_detalle with lazy=false
2025-06-26T23:30:51.362-04:00 DEBUG 11948 --- [hw] [           main] o.h.b.m.internal.AbstractPropertyHolder  : Attempting to locate auto-apply AttributeConverter for property [com.pedidos.hw.model.DetallePedido:id_detalle]
2025-06-26T23:30:51.362-04:00 DEBUG 11948 --- [hw] [           main] o.h.b.model.internal.BasicValueBinder    : building BasicValue for id_detalle
2025-06-26T23:30:51.362-04:00 DEBUG 11948 --- [hw] [           main] org.hibernate.mapping.BasicValue         : Skipping column re-registration: detalle_pedido.id_detalle
2025-06-26T23:30:51.362-04:00 DEBUG 11948 --- [hw] [           main] o.h.boot.model.internal.PropertyBinder   : Building property id_detalle
2025-06-26T23:30:51.362-04:00 DEBUG 11948 --- [hw] [           main] o.h.boot.model.internal.BinderHelper     : #makeIdGenerator(BasicValue([Column(id_detalle)]), id_detalle, identity, , ...)
2025-06-26T23:30:51.362-04:00 DEBUG 11948 --- [hw] [           main] o.h.boot.model.internal.AnnotatedColumn  : Binding column: AnnotatedColumn()
2025-06-26T23:30:51.362-04:00 DEBUG 11948 --- [hw] [           main] o.h.boot.model.internal.PropertyBinder   : MetadataSourceProcessor property cantidad with lazy=false
2025-06-26T23:30:51.362-04:00 DEBUG 11948 --- [hw] [           main] o.h.b.m.internal.AbstractPropertyHolder  : Attempting to locate auto-apply AttributeConverter for property [com.pedidos.hw.model.DetallePedido:cantidad]
2025-06-26T23:30:51.362-04:00 DEBUG 11948 --- [hw] [           main] o.h.b.model.internal.BasicValueBinder    : building BasicValue for cantidad
2025-06-26T23:30:51.362-04:00 DEBUG 11948 --- [hw] [           main] org.hibernate.mapping.BasicValue         : Skipping column re-registration: detalle_pedido.cantidad
2025-06-26T23:30:51.362-04:00 DEBUG 11948 --- [hw] [           main] o.h.boot.model.internal.PropertyBinder   : Building property cantidad
2025-06-26T23:30:51.362-04:00 DEBUG 11948 --- [hw] [           main] o.h.boot.model.internal.AnnotatedColumn  : Binding column: AnnotatedColumn(column='id_producto')
2025-06-26T23:30:51.362-04:00 DEBUG 11948 --- [hw] [           main] o.h.boot.model.internal.PropertyBinder   : MetadataSourceProcessor property id_producto with lazy=false
2025-06-26T23:30:51.362-04:00 DEBUG 11948 --- [hw] [           main] o.h.b.m.internal.AbstractPropertyHolder  : Attempting to locate auto-apply AttributeConverter for property [com.pedidos.hw.model.DetallePedido:id_producto]
2025-06-26T23:30:51.362-04:00 DEBUG 11948 --- [hw] [           main] o.h.b.model.internal.BasicValueBinder    : building BasicValue for id_producto
2025-06-26T23:30:51.363-04:00 DEBUG 11948 --- [hw] [           main] org.hibernate.mapping.BasicValue         : Skipping column re-registration: detalle_pedido.id_producto
2025-06-26T23:30:51.363-04:00 DEBUG 11948 --- [hw] [           main] o.h.boot.model.internal.PropertyBinder   : Building property id_producto
2025-06-26T23:30:51.363-04:00 DEBUG 11948 --- [hw] [           main] o.h.boot.model.internal.AnnotatedColumn  : Binding column: AnnotatedJoinColumn(column='id_pedido')
2025-06-26T23:30:51.363-04:00 DEBUG 11948 --- [hw] [           main] o.h.boot.model.internal.AnnotatedColumn  : Binding column: AnnotatedColumn()
2025-06-26T23:30:51.363-04:00 DEBUG 11948 --- [hw] [           main] o.h.boot.model.internal.PropertyBinder   : Building property pedido
2025-06-26T23:30:51.363-04:00 DEBUG 11948 --- [hw] [           main] o.h.b.r.c.i.ClassLoaderServiceImpl       : HHH000194: Package not found or no package-info.java: com.pedidos.hw.model
2025-06-26T23:30:51.364-04:00 DEBUG 11948 --- [hw] [           main] o.h.boot.model.internal.EntityBinder     : Binding entity from annotated class: com.pedidos.hw.model.Pedido
2025-06-26T23:30:51.364-04:00 DEBUG 11948 --- [hw] [           main] o.h.boot.model.internal.EntityBinder     : Import with entity name Pedido
2025-06-26T23:30:51.364-04:00 DEBUG 11948 --- [hw] [           main] o.h.boot.model.internal.EntityBinder     : Bind entity com.pedidos.hw.model.Pedido on table pedido
2025-06-26T23:30:51.364-04:00 DEBUG 11948 --- [hw] [           main] o.h.boot.model.internal.AnnotatedColumn  : Binding column: AnnotatedDiscriminatorColumn(column='DTYPE')
2025-06-26T23:30:51.364-04:00 DEBUG 11948 --- [hw] [           main] o.h.boot.model.internal.AnnotatedColumn  : Binding column: AnnotatedColumn()
2025-06-26T23:30:51.364-04:00 DEBUG 11948 --- [hw] [           main] o.h.boot.internal.ClassLoaderAccessImpl  : Not known whether passed class name [com.pedidos.hw.model.Pedido] is safe
2025-06-26T23:30:51.364-04:00 DEBUG 11948 --- [hw] [           main] o.h.boot.internal.ClassLoaderAccessImpl  : No temp ClassLoader provided; using live ClassLoader for loading potentially unsafe class : com.pedidos.hw.model.Pedido
2025-06-26T23:30:51.364-04:00 DEBUG 11948 --- [hw] [           main] o.h.boot.model.internal.PropertyBinder   : MetadataSourceProcessor property id with lazy=false
2025-06-26T23:30:51.364-04:00 DEBUG 11948 --- [hw] [           main] o.h.b.m.internal.AbstractPropertyHolder  : Attempting to locate auto-apply AttributeConverter for property [com.pedidos.hw.model.Pedido:id]
2025-06-26T23:30:51.364-04:00 DEBUG 11948 --- [hw] [           main] o.h.b.model.internal.BasicValueBinder    : building BasicValue for id
2025-06-26T23:30:51.364-04:00 DEBUG 11948 --- [hw] [           main] org.hibernate.mapping.BasicValue         : Skipping column re-registration: pedido.id
2025-06-26T23:30:51.365-04:00 DEBUG 11948 --- [hw] [           main] o.h.boot.model.internal.PropertyBinder   : Building property id
2025-06-26T23:30:51.365-04:00 DEBUG 11948 --- [hw] [           main] o.h.boot.model.internal.BinderHelper     : #makeIdGenerator(BasicValue([Column(id)]), id, identity, , ...)
2025-06-26T23:30:51.365-04:00 DEBUG 11948 --- [hw] [           main] o.h.boot.model.internal.AnnotatedColumn  : Binding column: AnnotatedJoinColumn()
2025-06-26T23:30:51.365-04:00 DEBUG 11948 --- [hw] [           main] o.h.boot.model.internal.AnnotatedColumn  : Binding column: AnnotatedColumn()
2025-06-26T23:30:51.365-04:00 DEBUG 11948 --- [hw] [           main] o.h.boot.model.internal.AnnotatedColumn  : Binding column: IndexColumn(column='detalles_ORDER')
2025-06-26T23:30:51.365-04:00 DEBUG 11948 --- [hw] [           main] o.h.boot.model.internal.AnnotatedColumn  : Binding column: AnnotatedColumn()
2025-06-26T23:30:51.365-04:00 DEBUG 11948 --- [hw] [           main] o.h.boot.model.internal.AnnotatedColumn  : Binding column: AnnotatedColumn(column='detalles_KEY')
2025-06-26T23:30:51.365-04:00 DEBUG 11948 --- [hw] [           main] o.h.boot.model.internal.AnnotatedColumn  : Binding column: AnnotatedJoinColumn(column='detalles_KEY')
2025-06-26T23:30:51.365-04:00 DEBUG 11948 --- [hw] [           main] o.h.boot.model.internal.AnnotatedColumn  : Binding column: AnnotatedJoinColumn()
2025-06-26T23:30:51.365-04:00 DEBUG 11948 --- [hw] [           main] o.h.boot.model.internal.AnnotatedColumn  : Binding column: AnnotatedJoinColumn()
2025-06-26T23:30:51.365-04:00 DEBUG 11948 --- [hw] [           main] o.h.b.model.internal.CollectionBinder    : Collection role: com.pedidos.hw.model.Pedido.detalles
2025-06-26T23:30:51.365-04:00 DEBUG 11948 --- [hw] [           main] o.h.boot.model.internal.PropertyBinder   : Building property detalles
2025-06-26T23:30:51.365-04:00 DEBUG 11948 --- [hw] [           main] o.h.boot.model.internal.AnnotatedColumn  : Binding column: AnnotatedColumn()
2025-06-26T23:30:51.365-04:00 DEBUG 11948 --- [hw] [           main] o.h.boot.model.internal.PropertyBinder   : MetadataSourceProcessor property estado with lazy=false
2025-06-26T23:30:51.365-04:00 DEBUG 11948 --- [hw] [           main] o.h.b.m.internal.AbstractPropertyHolder  : Attempting to locate auto-apply AttributeConverter for property [com.pedidos.hw.model.Pedido:estado]
2025-06-26T23:30:51.365-04:00 DEBUG 11948 --- [hw] [           main] o.h.b.model.internal.BasicValueBinder    : building BasicValue for estado
2025-06-26T23:30:51.365-04:00 DEBUG 11948 --- [hw] [           main] org.hibernate.mapping.BasicValue         : Skipping column re-registration: pedido.estado
2025-06-26T23:30:51.365-04:00 DEBUG 11948 --- [hw] [           main] o.h.boot.model.internal.PropertyBinder   : Building property estado
2025-06-26T23:30:51.366-04:00 DEBUG 11948 --- [hw] [           main] o.h.boot.model.internal.AnnotatedColumn  : Binding column: AnnotatedColumn()
2025-06-26T23:30:51.366-04:00 DEBUG 11948 --- [hw] [           main] o.h.boot.model.internal.PropertyBinder   : MetadataSourceProcessor property fecha_pedido with lazy=false
2025-06-26T23:30:51.366-04:00 DEBUG 11948 --- [hw] [           main] o.h.b.m.internal.AbstractPropertyHolder  : Attempting to locate auto-apply AttributeConverter for property [com.pedidos.hw.model.Pedido:fecha_pedido]
2025-06-26T23:30:51.366-04:00 DEBUG 11948 --- [hw] [           main] o.h.b.model.internal.BasicValueBinder    : building BasicValue for fecha_pedido
2025-06-26T23:30:51.366-04:00 DEBUG 11948 --- [hw] [           main] org.hibernate.mapping.BasicValue         : Skipping column re-registration: pedido.fecha_pedido
2025-06-26T23:30:51.366-04:00 DEBUG 11948 --- [hw] [           main] o.h.boot.model.internal.PropertyBinder   : Building property fecha_pedido
2025-06-26T23:30:51.366-04:00 DEBUG 11948 --- [hw] [           main] o.h.boot.model.internal.AnnotatedColumn  : Binding column: AnnotatedColumn(column='id_usuario')
2025-06-26T23:30:51.366-04:00 DEBUG 11948 --- [hw] [           main] o.h.boot.model.internal.PropertyBinder   : MetadataSourceProcessor property id_usuario with lazy=false
2025-06-26T23:30:51.366-04:00 DEBUG 11948 --- [hw] [           main] o.h.b.m.internal.AbstractPropertyHolder  : Attempting to locate auto-apply AttributeConverter for property [com.pedidos.hw.model.Pedido:id_usuario]
2025-06-26T23:30:51.366-04:00 DEBUG 11948 --- [hw] [           main] o.h.b.model.internal.BasicValueBinder    : building BasicValue for id_usuario
2025-06-26T23:30:51.366-04:00 DEBUG 11948 --- [hw] [           main] org.hibernate.mapping.BasicValue         : Skipping column re-registration: pedido.id_usuario
2025-06-26T23:30:51.366-04:00 DEBUG 11948 --- [hw] [           main] o.h.boot.model.internal.PropertyBinder   : Building property id_usuario
2025-06-26T23:30:51.367-04:00 DEBUG 11948 --- [hw] [           main] o.h.b.r.c.i.ClassLoaderServiceImpl       : HHH000194: Package not found or no package-info.java: com.pedidos.hw.model
2025-06-26T23:30:51.368-04:00 DEBUG 11948 --- [hw] [           main] o.h.b.model.internal.BasicValueBinder    : Starting `BasicValueBinder#fillSimpleValue` for id_detalle
2025-06-26T23:30:51.368-04:00 DEBUG 11948 --- [hw] [           main] o.h.b.model.internal.BasicValueBinder    : Starting `BasicValueBinder#fillSimpleValue` for cantidad
2025-06-26T23:30:51.368-04:00 DEBUG 11948 --- [hw] [           main] o.h.b.model.internal.BasicValueBinder    : Starting `BasicValueBinder#fillSimpleValue` for id_producto
2025-06-26T23:30:51.368-04:00 DEBUG 11948 --- [hw] [           main] o.h.b.model.internal.BasicValueBinder    : Starting `BasicValueBinder#fillSimpleValue` for id
2025-06-26T23:30:51.368-04:00 DEBUG 11948 --- [hw] [           main] o.h.b.model.internal.BasicValueBinder    : Starting `BasicValueBinder#fillSimpleValue` for estado
2025-06-26T23:30:51.368-04:00 DEBUG 11948 --- [hw] [           main] o.h.b.model.internal.BasicValueBinder    : Starting `BasicValueBinder#fillSimpleValue` for fecha_pedido
2025-06-26T23:30:51.368-04:00 DEBUG 11948 --- [hw] [           main] o.h.b.model.internal.BasicValueBinder    : Starting `BasicValueBinder#fillSimpleValue` for id_usuario
2025-06-26T23:30:51.368-04:00 DEBUG 11948 --- [hw] [           main] org.hibernate.mapping.PrimaryKey         : Forcing column [id_detalle] to be non-null as it is part of the primary key for table [detalle_pedido]
2025-06-26T23:30:51.368-04:00 DEBUG 11948 --- [hw] [           main] org.hibernate.mapping.PrimaryKey         : Forcing column [id] to be non-null as it is part of the primary key for table [pedido]
2025-06-26T23:30:51.368-04:00 DEBUG 11948 --- [hw] [           main] o.h.b.m.internal.CollectionSecondPass    : Second pass for collection: com.pedidos.hw.model.Pedido.detalles
2025-06-26T23:30:51.368-04:00 DEBUG 11948 --- [hw] [           main] o.h.b.model.internal.CollectionBinder    : Binding a OneToMany: com.pedidos.hw.model.Pedido.detalles through a foreign key
2025-06-26T23:30:51.368-04:00 DEBUG 11948 --- [hw] [           main] o.h.b.model.internal.CollectionBinder    : Mapping collection: com.pedidos.hw.model.Pedido.detalles -> detalle_pedido
2025-06-26T23:30:51.369-04:00 DEBUG 11948 --- [hw] [           main] o.h.boot.model.internal.TableBinder      : Retrieving property com.pedidos.hw.model.DetallePedido.pedido
2025-06-26T23:30:51.369-04:00 DEBUG 11948 --- [hw] [           main] o.h.b.m.internal.CollectionSecondPass    : Mapped collection key: id_pedido, one-to-many: com.pedidos.hw.model.DetallePedido
2025-06-26T23:30:51.384-04:00 DEBUG 11948 --- [hw] [           main] o.hibernate.internal.SessionFactoryImpl  : Building session factory
2025-06-26T23:30:51.386-04:00 DEBUG 11948 --- [hw] [           main] .h.s.i.SessionFactoryServiceRegistryImpl : EventListenerRegistry access via ServiceRegistry is deprecated.  Use `sessionFactory.getEventEngine().getListenerRegistry()` instead
2025-06-26T23:30:51.387-04:00 DEBUG 11948 --- [hw] [           main] o.hibernate.internal.SessionFactoryImpl  : Instantiating SessionFactory with settings: {hibernate.format_sql=true, java.specification.version=21, sun.cpu.isalist=amd64, hibernate.resource.beans.container=org.springframework.orm.hibernate5.SpringBeanContainer@65820758, hibernate.connection.handling_mode=DELAYED_ACQUISITION_AND_HOLD, sun.jnu.encoding=Cp1252, hibernate.dialect=org.hibernate.dialect.OracleDialect, hibernate.implicit_naming_strategy=org.springframework.boot.orm.jpa.hibernate.SpringImplicitNamingStrategy, java.class.path=c:\Users\colom\Documents\hw_local\pedidos-hw\target\test-classes;c:\Users\colom\Documents\hw_local\pedidos-hw\target\classes;C:\Users\colom\.m2\repository\com\h2database\h2\2.3.232\h2-2.3.232.jar;C:\Users\colom\.m2\repository\com\oracle\database\jdbc\ojdbc11\23.5.0.24.07\ojdbc11-23.5.0.24.07.jar;C:\Users\colom\.m2\repository\com\oracle\database\security\oraclepki\23.5.0.24.07\oraclepki-23.5.0.24.07.jar;C:\Users\colom\.m2\repository\com\oracle\database\security\osdt_cert\19.8.0.0\osdt_cert-19.8.0.0.jar;C:\Users\colom\.m2\repository\com\oracle\database\security\osdt_core\19.8.0.0\osdt_core-19.8.0.0.jar;C:\Users\colom\.m2\repository\org\apache\httpcomponents\client5\httpclient5\5.4.4\httpclient5-5.4.4.jar;C:\Users\colom\.m2\repository\org\apache\httpcomponents\core5\httpcore5\5.3.4\httpcore5-5.3.4.jar;C:\Users\colom\.m2\repository\org\apache\httpcomponents\core5\httpcore5-h2\5.3.4\httpcore5-h2-5.3.4.jar;C:\Users\colom\.m2\repository\org\slf4j\slf4j-api\2.0.17\slf4j-api-2.0.17.jar;C:\Users\colom\.m2\repository\org\projectlombok\lombok\1.18.38\lombok-1.18.38.jar;C:\Users\colom\.m2\repository\org\springdoc\springdoc-openapi-starter-webmvc-ui\2.8.5\springdoc-openapi-starter-webmvc-ui-2.8.5.jar;C:\Users\colom\.m2\repository\org\springdoc\springdoc-openapi-starter-webmvc-api\2.8.5\springdoc-openapi-starter-webmvc-api-2.8.5.jar;C:\Users\colom\.m2\repository\org\springdoc\springdoc-openapi-starter-common\2.8.5\springdoc-openapi-starter-common-2.8.5.jar;C:\Users\colom\.m2\repository\io\swagger\core\v3\swagger-core-jakarta\2.2.28\swagger-core-jakarta-2.2.28.jar;C:\Users\colom\.m2\repository\org\apache\commons\commons-lang3\3.17.0\commons-lang3-3.17.0.jar;C:\Users\colom\.m2\repository\io\swagger\core\v3\swagger-annotations-jakarta\2.2.28\swagger-annotations-jakarta-2.2.28.jar;C:\Users\colom\.m2\repository\io\swagger\core\v3\swagger-models-jakarta\2.2.28\swagger-models-jakarta-2.2.28.jar;C:\Users\colom\.m2\repository\jakarta\validation\jakarta.validation-api\3.0.2\jakarta.validation-api-3.0.2.jar;C:\Users\colom\.m2\repository\com\fasterxml\jackson\dataformat\jackson-dataformat-yaml\2.18.4\jackson-dataformat-yaml-2.18.4.jar;C:\Users\colom\.m2\repository\org\webjars\swagger-ui\5.18.3\swagger-ui-5.18.3.jar;C:\Users\colom\.m2\repository\org\webjars\webjars-locator-lite\1.0.1\webjars-locator-lite-1.0.1.jar;C:\Users\colom\.m2\repository\org\jspecify\jspecify\1.0.0\jspecify-1.0.0.jar;C:\Users\colom\.m2\repository\org\springframework\boot\spring-boot-starter-data-jdbc\3.4.7\spring-boot-starter-data-jdbc-3.4.7.jar;C:\Users\colom\.m2\repository\org\springframework\boot\spring-boot-starter-jdbc\3.4.7\spring-boot-starter-jdbc-3.4.7.jar;C:\Users\colom\.m2\repository\com\zaxxer\HikariCP\5.1.0\HikariCP-5.1.0.jar;C:\Users\colom\.m2\repository\org\springframework\spring-jdbc\6.2.8\spring-jdbc-6.2.8.jar;C:\Users\colom\.m2\repository\org\springframework\data\spring-data-jdbc\3.4.7\spring-data-jdbc-3.4.7.jar;C:\Users\colom\.m2\repository\org\springframework\data\spring-data-relational\3.4.7\spring-data-relational-3.4.7.jar;C:\Users\colom\.m2\repository\org\springframework\data\spring-data-commons\3.4.7\spring-data-commons-3.4.7.jar;C:\Users\colom\.m2\repository\org\springframework\spring-tx\6.2.8\spring-tx-6.2.8.jar;C:\Users\colom\.m2\repository\org\springframework\spring-context\6.2.8\spring-context-6.2.8.jar;C:\Users\colom\.m2\repository\org\springframework\spring-beans\6.2.8\spring-beans-6.2.8.jar;C:\Users\colom\.m2\repository\org\springframework\boot\spring-boot-starter-data-jpa\3.4.7\spring-boot-starter-data-jpa-3.4.7.jar;C:\Users\colom\.m2\repository\org\springframework\boot\spring-boot-starter\3.4.7\spring-boot-starter-3.4.7.jar;C:\Users\colom\.m2\repository\org\springframework\boot\spring-boot\3.4.7\spring-boot-3.4.7.jar;C:\Users\colom\.m2\repository\org\springframework\boot\spring-boot-autoconfigure\3.4.7\spring-boot-autoconfigure-3.4.7.jar;C:\Users\colom\.m2\repository\org\springframework\boot\spring-boot-starter-logging\3.4.7\spring-boot-starter-logging-3.4.7.jar;C:\Users\colom\.m2\repository\ch\qos\logback\logback-classic\1.5.18\logback-classic-1.5.18.jar;C:\Users\colom\.m2\repository\ch\qos\logback\logback-core\1.5.18\logback-core-1.5.18.jar;C:\Users\colom\.m2\repository\org\apache\logging\log4j\log4j-to-slf4j\2.24.3\log4j-to-slf4j-2.24.3.jar;C:\Users\colom\.m2\repository\org\apache\logging\log4j\log4j-api\2.24.3\log4j-api-2.24.3.jar;C:\Users\colom\.m2\repository\org\slf4j\jul-to-slf4j\2.0.17\jul-to-slf4j-2.0.17.jar;C:\Users\colom\.m2\repository\jakarta\annotation\jakarta.annotation-api\2.1.1\jakarta.annotation-api-2.1.1.jar;C:\Users\colom\.m2\repository\org\yaml\snakeyaml\2.3\snakeyaml-2.3.jar;C:\Users\colom\.m2\repository\org\hibernate\orm\hibernate-core\6.6.18.Final\hibernate-core-6.6.18.Final.jar;C:\Users\colom\.m2\repository\jakarta\persistence\jakarta.persistence-api\3.1.0\jakarta.persistence-api-3.1.0.jar;C:\Users\colom\.m2\repository\jakarta\transaction\jakarta.transaction-api\2.0.1\jakarta.transaction-api-2.0.1.jar;C:\Users\colom\.m2\repository\org\jboss\logging\jboss-logging\3.6.1.Final\jboss-logging-3.6.1.Final.jar;C:\Users\colom\.m2\repository\org\hibernate\common\hibernate-commons-annotations\7.0.3.Final\hibernate-commons-annotations-7.0.3.Final.jar;C:\Users\colom\.m2\repository\io\smallrye\jandex\3.2.0\jandex-3.2.0.jar;C:\Users\colom\.m2\repository\com\fasterxml\classmate\1.7.0\classmate-1.7.0.jar;C:\Users\colom\.m2\repository\net\bytebuddy\byte-buddy\1.15.11\byte-buddy-1.15.11.jar;C:\Users\colom\.m2\repository\org\glassfish\jaxb\jaxb-runtime\4.0.5\jaxb-runtime-4.0.5.jar;C:\Users\colom\.m2\repository\org\glassfish\jaxb\jaxb-core\4.0.5\jaxb-core-4.0.5.jar;C:\Users\colom\.m2\repository\org\eclipse\angus\angus-activation\2.0.2\angus-activation-2.0.2.jar;C:\Users\colom\.m2\repository\org\glassfish\jaxb\txw2\4.0.5\txw2-4.0.5.jar;C:\Users\colom\.m2\repository\com\sun\istack\istack-commons-runtime\4.1.2\istack-commons-runtime-4.1.2.jar;C:\Users\colom\.m2\repository\jakarta\inject\jakarta.inject-api\2.0.1\jakarta.inject-api-2.0.1.jar;C:\Users\colom\.m2\repository\org\antlr\antlr4-runtime\4.13.0\antlr4-runtime-4.13.0.jar;C:\Users\colom\.m2\repository\org\springframework\data\spring-data-jpa\3.4.7\spring-data-jpa-3.4.7.jar;C:\Users\colom\.m2\repository\org\springframework\spring-orm\6.2.8\spring-orm-6.2.8.jar;C:\Users\colom\.m2\repository\org\springframework\spring-aop\6.2.8\spring-aop-6.2.8.jar;C:\Users\colom\.m2\repository\org\springframework\spring-aspects\6.2.8\spring-aspects-6.2.8.jar;C:\Users\colom\.m2\repository\org\aspectj\aspectjweaver\1.9.24\aspectjweaver-1.9.24.jar;C:\Users\colom\.m2\repository\org\springframework\boot\spring-boot-starter-hateoas\3.4.7\spring-boot-starter-hateoas-3.4.7.jar;C:\Users\colom\.m2\repository\org\springframework\hateoas\spring-hateoas\2.4.1\spring-hateoas-2.4.1.jar;C:\Users\colom\.m2\repository\org\springframework\plugin\spring-plugin-core\3.0.0\spring-plugin-core-3.0.0.jar;C:\Users\colom\.m2\repository\org\springframework\boot\spring-boot-starter-test\3.3.2\spring-boot-starter-test-3.3.2.jar;C:\Users\colom\.m2\repository\org\springframework\boot\spring-boot-test\3.4.7\spring-boot-test-3.4.7.jar;C:\Users\colom\.m2\repository\org\springframework\boot\spring-boot-test-autoconfigure\3.4.7\spring-boot-test-autoconfigure-3.4.7.jar;C:\Users\colom\.m2\repository\com\jayway\jsonpath\json-path\2.9.0\json-path-2.9.0.jar;C:\Users\colom\.m2\repository\jakarta\xml\bind\jakarta.xml.bind-api\4.0.2\jakarta.xml.bind-api-4.0.2.jar;C:\Users\colom\.m2\repository\jakarta\activation\jakarta.activation-api\2.1.3\jakarta.activation-api-2.1.3.jar;C:\Users\colom\.m2\repository\net\minidev\json-smart\2.5.2\json-smart-2.5.2.jar;C:\Users\colom\.m2\repository\net\minidev\accessors-smart\2.5.2\accessors-smart-2.5.2.jar;C:\Users\colom\.m2\repository\org\ow2\asm\asm\9.7.1\asm-9.7.1.jar;C:\Users\colom\.m2\repository\org\assertj\assertj-core\3.26.3\assertj-core-3.26.3.jar;C:\Users\colom\.m2\repository\org\awaitility\awaitility\4.2.2\awaitility-4.2.2.jar;C:\Users\colom\.m2\repository\org\hamcrest\hamcrest\2.2\hamcrest-2.2.jar;C:\Users\colom\.m2\repository\org\junit\jupiter\junit-jupiter\5.11.4\junit-jupiter-5.11.4.jar;C:\Users\colom\.m2\repository\org\junit\jupiter\junit-jupiter-api\5.11.4\junit-jupiter-api-5.11.4.jar;C:\Users\colom\.m2\repository\org\opentest4j\opentest4j\1.3.0\opentest4j-1.3.0.jar;C:\Users\colom\.m2\repository\org\junit\platform\junit-platform-commons\1.11.4\junit-platform-commons-1.11.4.jar;C:\Users\colom\.m2\repository\org\apiguardian\apiguardian-api\1.1.2\apiguardian-api-1.1.2.jar;C:\Users\colom\.m2\repository\org\junit\jupiter\junit-jupiter-params\5.11.4\junit-jupiter-params-5.11.4.jar;C:\Users\colom\.m2\repository\org\junit\jupiter\junit-jupiter-engine\5.11.4\junit-jupiter-engine-5.11.4.jar;C:\Users\colom\.m2\repository\org\junit\platform\junit-platform-engine\1.11.4\junit-platform-engine-1.11.4.jar;C:\Users\colom\.m2\repository\org\mockito\mockito-core\5.14.2\mockito-core-5.14.2.jar;C:\Users\colom\.m2\repository\net\bytebuddy\byte-buddy-agent\1.15.11\byte-buddy-agent-1.15.11.jar;C:\Users\colom\.m2\repository\org\objenesis\objenesis\3.3\objenesis-3.3.jar;C:\Users\colom\.m2\repository\org\mockito\mockito-junit-jupiter\5.14.2\mockito-junit-jupiter-5.14.2.jar;C:\Users\colom\.m2\repository\org\skyscreamer\jsonassert\1.5.3\jsonassert-1.5.3.jar;C:\Users\colom\.m2\repository\com\vaadin\external\google\android-json\0.0.20131108.vaadin1\android-json-0.0.20131108.vaadin1.jar;C:\Users\colom\.m2\repository\org\springframework\spring-core\6.2.8\spring-core-6.2.8.jar;C:\Users\colom\.m2\repository\org\springframework\spring-jcl\6.2.8\spring-jcl-6.2.8.jar;C:\Users\colom\.m2\repository\org\springframework\spring-test\6.2.8\spring-test-6.2.8.jar;C:\Users\colom\.m2\repository\org\xmlunit\xmlunit-core\2.10.2\xmlunit-core-2.10.2.jar;C:\Users\colom\.m2\repository\org\springframework\boot\spring-boot-starter-web\3.4.7\spring-boot-starter-web-3.4.7.jar;C:\Users\colom\.m2\repository\org\springframework\boot\spring-boot-starter-json\3.4.7\spring-boot-starter-json-3.4.7.jar;C:\Users\colom\.m2\repository\com\fasterxml\jackson\core\jackson-databind\2.18.4\jackson-databind-2.18.4.jar;C:\Users\colom\.m2\repository\com\fasterxml\jackson\core\jackson-annotations\2.18.4\jackson-annotations-2.18.4.jar;C:\Users\colom\.m2\repository\com\fasterxml\jackson\core\jackson-core\2.18.4.1\jackson-core-2.18.4.1.jar;C:\Users\colom\.m2\repository\com\fasterxml\jackson\datatype\jackson-datatype-jdk8\2.18.4\jackson-datatype-jdk8-2.18.4.jar;C:\Users\colom\.m2\repository\com\fasterxml\jackson\datatype\jackson-datatype-jsr310\2.18.4\jackson-datatype-jsr310-2.18.4.jar;C:\Users\colom\.m2\repository\com\fasterxml\jackson\module\jackson-module-parameter-names\2.18.4\jackson-module-parameter-names-2.18.4.jar;C:\Users\colom\.m2\repository\org\springframework\boot\spring-boot-starter-tomcat\3.4.7\spring-boot-starter-tomcat-3.4.7.jar;C:\Users\colom\.m2\repository\org\apache\tomcat\embed\tomcat-embed-core\10.1.42\tomcat-embed-core-10.1.42.jar;C:\Users\colom\.m2\repository\org\apache\tomcat\embed\tomcat-embed-el\10.1.42\tomcat-embed-el-10.1.42.jar;C:\Users\colom\.m2\repository\org\apache\tomcat\embed\tomcat-embed-websocket\10.1.42\tomcat-embed-websocket-10.1.42.jar;C:\Users\colom\.m2\repository\org\springframework\spring-web\6.2.8\spring-web-6.2.8.jar;C:\Users\colom\.m2\repository\io\micrometer\micrometer-observation\1.14.8\micrometer-observation-1.14.8.jar;C:\Users\colom\.m2\repository\io\micrometer\micrometer-commons\1.14.8\micrometer-commons-1.14.8.jar;C:\Users\colom\.m2\repository\org\springframework\spring-webmvc\6.2.8\spring-webmvc-6.2.8.jar;C:\Users\colom\.m2\repository\org\springframework\spring-expression\6.2.8\spring-expression-6.2.8.jar;C:\Users\colom\.m2\repository\org\springframework\cloud\spring-cloud-starter-openfeign\4.2.0\spring-cloud-starter-openfeign-4.2.0.jar;C:\Users\colom\.m2\repository\org\springframework\cloud\spring-cloud-starter\4.2.0\spring-cloud-starter-4.2.0.jar;C:\Users\colom\.m2\repository\org\springframework\cloud\spring-cloud-context\4.2.0\spring-cloud-context-4.2.0.jar;C:\Users\colom\.m2\repository\org\bouncycastle\bcprov-jdk18on\1.78.1\bcprov-jdk18on-1.78.1.jar;C:\Users\colom\.m2\repository\org\springframework\cloud\spring-cloud-openfeign-core\4.2.0\spring-cloud-openfeign-core-4.2.0.jar;C:\Users\colom\.m2\repository\io\github\openfeign\feign-form-spring\13.5\feign-form-spring-13.5.jar;C:\Users\colom\.m2\repository\io\github\openfeign\feign-form\13.5\feign-form-13.5.jar;C:\Users\colom\.m2\repository\commons-fileupload\commons-fileupload\1.5\commons-fileupload-1.5.jar;C:\Users\colom\.m2\repository\commons-io\commons-io\2.11.0\commons-io-2.11.0.jar;C:\Users\colom\.m2\repository\org\springframework\cloud\spring-cloud-commons\4.2.0\spring-cloud-commons-4.2.0.jar;C:\Users\colom\.m2\repository\org\springframework\security\spring-security-crypto\6.4.7\spring-security-crypto-6.4.7.jar;C:\Users\colom\.m2\repository\io\github\openfeign\feign-core\13.5\feign-core-13.5.jar;C:\Users\colom\.m2\repository\io\github\openfeign\feign-slf4j\13.5\feign-slf4j-13.5.jar;, java.vm.vendor=Oracle Corporation, sun.arch.data.model=64, user.variant=, java.vendor.url=https://java.oracle.com/, user.timezone=America/Santiago, jakarta.persistence.sharedCache.mode=UNSPECIFIED, org.jboss.logging.provider=slf4j, java.vm.specification.version=21, os.name=Windows 10, APPLICATION_NAME=hw, jakarta.persistence.nonJtaDataSource=org.springframework.jdbc.datasource.embedded.EmbeddedDatabaseFactory$EmbeddedDataSourceProxy@4ffff10c, sun.java.launcher=SUN_STANDARD, user.country=ES, sun.boot.library.path=C:\Program Files\Java\jdk-21\bin, sun.java.command=C:\Users\colom\AppData\Local\Temp\surefire6246770088341187794\surefirebooter-20250626233035186_3.jar C:\Users\colom\AppData\Local\Temp\surefire6246770088341187794 2025-06-26T23-30-35_097-jvmRun1 surefire-20250626233035186_1tmp surefire_0-20250626233035186_2tmp, javax.persistence.nonJtaDataSource=org.springframework.jdbc.datasource.embedded.EmbeddedDatabaseFactory$EmbeddedDataSourceProxy@4ffff10c, hibernate.transaction.jta.platform=org.hibernate.engine.transaction.jta.platform.internal.NoJtaPlatform@555774c7, jdk.debug=release, surefire.test.class.path=c:\Users\colom\Documents\hw_local\pedidos-hw\target\test-classes;c:\Users\colom\Documents\hw_local\pedidos-hw\target\classes;C:\Users\colom\.m2\repository\com\h2database\h2\2.3.232\h2-2.3.232.jar;C:\Users\colom\.m2\repository\com\oracle\database\jdbc\ojdbc11\23.5.0.24.07\ojdbc11-23.5.0.24.07.jar;C:\Users\colom\.m2\repository\com\oracle\database\security\oraclepki\23.5.0.24.07\oraclepki-23.5.0.24.07.jar;C:\Users\colom\.m2\repository\com\oracle\database\security\osdt_cert\19.8.0.0\osdt_cert-19.8.0.0.jar;C:\Users\colom\.m2\repository\com\oracle\database\security\osdt_core\19.8.0.0\osdt_core-19.8.0.0.jar;C:\Users\colom\.m2\repository\org\apache\httpcomponents\client5\httpclient5\5.4.4\httpclient5-5.4.4.jar;C:\Users\colom\.m2\repository\org\apache\httpcomponents\core5\httpcore5\5.3.4\httpcore5-5.3.4.jar;C:\Users\colom\.m2\repository\org\apache\httpcomponents\core5\httpcore5-h2\5.3.4\httpcore5-h2-5.3.4.jar;C:\Users\colom\.m2\repository\org\slf4j\slf4j-api\2.0.17\slf4j-api-2.0.17.jar;C:\Users\colom\.m2\repository\org\projectlombok\lombok\1.18.38\lombok-1.18.38.jar;C:\Users\colom\.m2\repository\org\springdoc\springdoc-openapi-starter-webmvc-ui\2.8.5\springdoc-openapi-starter-webmvc-ui-2.8.5.jar;C:\Users\colom\.m2\repository\org\springdoc\springdoc-openapi-starter-webmvc-api\2.8.5\springdoc-openapi-starter-webmvc-api-2.8.5.jar;C:\Users\colom\.m2\repository\org\springdoc\springdoc-openapi-starter-common\2.8.5\springdoc-openapi-starter-common-2.8.5.jar;C:\Users\colom\.m2\repository\io\swagger\core\v3\swagger-core-jakarta\2.2.28\swagger-core-jakarta-2.2.28.jar;C:\Users\colom\.m2\repository\org\apache\commons\commons-lang3\3.17.0\commons-lang3-3.17.0.jar;C:\Users\colom\.m2\repository\io\swagger\core\v3\swagger-annotations-jakarta\2.2.28\swagger-annotations-jakarta-2.2.28.jar;C:\Users\colom\.m2\repository\io\swagger\core\v3\swagger-models-jakarta\2.2.28\swagger-models-jakarta-2.2.28.jar;C:\Users\colom\.m2\repository\jakarta\validation\jakarta.validation-api\3.0.2\jakarta.validation-api-3.0.2.jar;C:\Users\colom\.m2\repository\com\fasterxml\jackson\dataformat\jackson-dataformat-yaml\2.18.4\jackson-dataformat-yaml-2.18.4.jar;C:\Users\colom\.m2\repository\org\webjars\swagger-ui\5.18.3\swagger-ui-5.18.3.jar;C:\Users\colom\.m2\repository\org\webjars\webjars-locator-lite\1.0.1\webjars-locator-lite-1.0.1.jar;C:\Users\colom\.m2\repository\org\jspecify\jspecify\1.0.0\jspecify-1.0.0.jar;C:\Users\colom\.m2\repository\org\springframework\boot\spring-boot-starter-data-jdbc\3.4.7\spring-boot-starter-data-jdbc-3.4.7.jar;C:\Users\colom\.m2\repository\org\springframework\boot\spring-boot-starter-jdbc\3.4.7\spring-boot-starter-jdbc-3.4.7.jar;C:\Users\colom\.m2\repository\com\zaxxer\HikariCP\5.1.0\HikariCP-5.1.0.jar;C:\Users\colom\.m2\repository\org\springframework\spring-jdbc\6.2.8\spring-jdbc-6.2.8.jar;C:\Users\colom\.m2\repository\org\springframework\data\spring-data-jdbc\3.4.7\spring-data-jdbc-3.4.7.jar;C:\Users\colom\.m2\repository\org\springframework\data\spring-data-relational\3.4.7\spring-data-relational-3.4.7.jar;C:\Users\colom\.m2\repository\org\springframework\data\spring-data-commons\3.4.7\spring-data-commons-3.4.7.jar;C:\Users\colom\.m2\repository\org\springframework\spring-tx\6.2.8\spring-tx-6.2.8.jar;C:\Users\colom\.m2\repository\org\springframework\spring-context\6.2.8\spring-context-6.2.8.jar;C:\Users\colom\.m2\repository\org\springframework\spring-beans\6.2.8\spring-beans-6.2.8.jar;C:\Users\colom\.m2\repository\org\springframework\boot\spring-boot-starter-data-jpa\3.4.7\spring-boot-starter-data-jpa-3.4.7.jar;C:\Users\colom\.m2\repository\org\springframework\boot\spring-boot-starter\3.4.7\spring-boot-starter-3.4.7.jar;C:\Users\colom\.m2\repository\org\springframework\boot\spring-boot\3.4.7\spring-boot-3.4.7.jar;C:\Users\colom\.m2\repository\org\springframework\boot\spring-boot-autoconfigure\3.4.7\spring-boot-autoconfigure-3.4.7.jar;C:\Users\colom\.m2\repository\org\springframework\boot\spring-boot-starter-logging\3.4.7\spring-boot-starter-logging-3.4.7.jar;C:\Users\colom\.m2\repository\ch\qos\logback\logback-classic\1.5.18\logback-classic-1.5.18.jar;C:\Users\colom\.m2\repository\ch\qos\logback\logback-core\1.5.18\logback-core-1.5.18.jar;C:\Users\colom\.m2\repository\org\apache\logging\log4j\log4j-to-slf4j\2.24.3\log4j-to-slf4j-2.24.3.jar;C:\Users\colom\.m2\repository\org\apache\logging\log4j\log4j-api\2.24.3\log4j-api-2.24.3.jar;C:\Users\colom\.m2\repository\org\slf4j\jul-to-slf4j\2.0.17\jul-to-slf4j-2.0.17.jar;C:\Users\colom\.m2\repository\jakarta\annotation\jakarta.annotation-api\2.1.1\jakarta.annotation-api-2.1.1.jar;C:\Users\colom\.m2\repository\org\yaml\snakeyaml\2.3\snakeyaml-2.3.jar;C:\Users\colom\.m2\repository\org\hibernate\orm\hibernate-core\6.6.18.Final\hibernate-core-6.6.18.Final.jar;C:\Users\colom\.m2\repository\jakarta\persistence\jakarta.persistence-api\3.1.0\jakarta.persistence-api-3.1.0.jar;C:\Users\colom\.m2\repository\jakarta\transaction\jakarta.transaction-api\2.0.1\jakarta.transaction-api-2.0.1.jar;C:\Users\colom\.m2\repository\org\jboss\logging\jboss-logging\3.6.1.Final\jboss-logging-3.6.1.Final.jar;C:\Users\colom\.m2\repository\org\hibernate\common\hibernate-commons-annotations\7.0.3.Final\hibernate-commons-annotations-7.0.3.Final.jar;C:\Users\colom\.m2\repository\io\smallrye\jandex\3.2.0\jandex-3.2.0.jar;C:\Users\colom\.m2\repository\com\fasterxml\classmate\1.7.0\classmate-1.7.0.jar;C:\Users\colom\.m2\repository\net\bytebuddy\byte-buddy\1.15.11\byte-buddy-1.15.11.jar;C:\Users\colom\.m2\repository\org\glassfish\jaxb\jaxb-runtime\4.0.5\jaxb-runtime-4.0.5.jar;C:\Users\colom\.m2\repository\org\glassfish\jaxb\jaxb-core\4.0.5\jaxb-core-4.0.5.jar;C:\Users\colom\.m2\repository\org\eclipse\angus\angus-activation\2.0.2\angus-activation-2.0.2.jar;C:\Users\colom\.m2\repository\org\glassfish\jaxb\txw2\4.0.5\txw2-4.0.5.jar;C:\Users\colom\.m2\repository\com\sun\istack\istack-commons-runtime\4.1.2\istack-commons-runtime-4.1.2.jar;C:\Users\colom\.m2\repository\jakarta\inject\jakarta.inject-api\2.0.1\jakarta.inject-api-2.0.1.jar;C:\Users\colom\.m2\repository\org\antlr\antlr4-runtime\4.13.0\antlr4-runtime-4.13.0.jar;C:\Users\colom\.m2\repository\org\springframework\data\spring-data-jpa\3.4.7\spring-data-jpa-3.4.7.jar;C:\Users\colom\.m2\repository\org\springframework\spring-orm\6.2.8\spring-orm-6.2.8.jar;C:\Users\colom\.m2\repository\org\springframework\spring-aop\6.2.8\spring-aop-6.2.8.jar;C:\Users\colom\.m2\repository\org\springframework\spring-aspects\6.2.8\spring-aspects-6.2.8.jar;C:\Users\colom\.m2\repository\org\aspectj\aspectjweaver\1.9.24\aspectjweaver-1.9.24.jar;C:\Users\colom\.m2\repository\org\springframework\boot\spring-boot-starter-hateoas\3.4.7\spring-boot-starter-hateoas-3.4.7.jar;C:\Users\colom\.m2\repository\org\springframework\hateoas\spring-hateoas\2.4.1\spring-hateoas-2.4.1.jar;C:\Users\colom\.m2\repository\org\springframework\plugin\spring-plugin-core\3.0.0\spring-plugin-core-3.0.0.jar;C:\Users\colom\.m2\repository\org\springframework\boot\spring-boot-starter-test\3.3.2\spring-boot-starter-test-3.3.2.jar;C:\Users\colom\.m2\repository\org\springframework\boot\spring-boot-test\3.4.7\spring-boot-test-3.4.7.jar;C:\Users\colom\.m2\repository\org\springframework\boot\spring-boot-test-autoconfigure\3.4.7\spring-boot-test-autoconfigure-3.4.7.jar;C:\Users\colom\.m2\repository\com\jayway\jsonpath\json-path\2.9.0\json-path-2.9.0.jar;C:\Users\colom\.m2\repository\jakarta\xml\bind\jakarta.xml.bind-api\4.0.2\jakarta.xml.bind-api-4.0.2.jar;C:\Users\colom\.m2\repository\jakarta\activation\jakarta.activation-api\2.1.3\jakarta.activation-api-2.1.3.jar;C:\Users\colom\.m2\repository\net\minidev\json-smart\2.5.2\json-smart-2.5.2.jar;C:\Users\colom\.m2\repository\net\minidev\accessors-smart\2.5.2\accessors-smart-2.5.2.jar;C:\Users\colom\.m2\repository\org\ow2\asm\asm\9.7.1\asm-9.7.1.jar;C:\Users\colom\.m2\repository\org\assertj\assertj-core\3.26.3\assertj-core-3.26.3.jar;C:\Users\colom\.m2\repository\org\awaitility\awaitility\4.2.2\awaitility-4.2.2.jar;C:\Users\colom\.m2\repository\org\hamcrest\hamcrest\2.2\hamcrest-2.2.jar;C:\Users\colom\.m2\repository\org\junit\jupiter\junit-jupiter\5.11.4\junit-jupiter-5.11.4.jar;C:\Users\colom\.m2\repository\org\junit\jupiter\junit-jupiter-api\5.11.4\junit-jupiter-api-5.11.4.jar;C:\Users\colom\.m2\repository\org\opentest4j\opentest4j\1.3.0\opentest4j-1.3.0.jar;C:\Users\colom\.m2\repository\org\junit\platform\junit-platform-commons\1.11.4\junit-platform-commons-1.11.4.jar;C:\Users\colom\.m2\repository\org\apiguardian\apiguardian-api\1.1.2\apiguardian-api-1.1.2.jar;C:\Users\colom\.m2\repository\org\junit\jupiter\junit-jupiter-params\5.11.4\junit-jupiter-params-5.11.4.jar;C:\Users\colom\.m2\repository\org\junit\jupiter\junit-jupiter-engine\5.11.4\junit-jupiter-engine-5.11.4.jar;C:\Users\colom\.m2\repository\org\junit\platform\junit-platform-engine\1.11.4\junit-platform-engine-1.11.4.jar;C:\Users\colom\.m2\repository\org\mockito\mockito-core\5.14.2\mockito-core-5.14.2.jar;C:\Users\colom\.m2\repository\net\bytebuddy\byte-buddy-
[...]
2025-06-26T23:30:51.652-04:00 DEBUG 11948 --- [hw] [           main] o.h.e.t.internal.TransactionImpl         : rolling back
]]></system-out>
  </testcase>
  <testcase name="listarPedidos" classname="com.pedidos.hw.repository.PedidoRepositoryUniTest" time="0.023">
    <system-out><![CDATA[2025-06-26T23:30:51.657-04:00 DEBUG 11948 --- [hw] [           main] o.h.e.t.internal.TransactionImpl         : On TransactionImpl creation, JpaCompliance#isJpaTransactionComplianceEnabled == false
2025-06-26T23:30:51.657-04:00 DEBUG 11948 --- [hw] [           main] o.h.e.t.internal.TransactionImpl         : begin
2025-06-26T23:30:51.658-04:00 DEBUG 11948 --- [hw] [           main] o.h.j.internal.PersistenceUnitUtilImpl   : jakarta.persistence.PersistenceUnitUtil.getIdentifier is only intended to work with enhanced entities (although Hibernate also adapts this support to its proxies); however the passed entity was not enhanced (nor a proxy).. may not be able to read identifier
2025-06-26T23:30:51.658-04:00 DEBUG 11948 --- [hw] [           main] org.hibernate.engine.spi.ActionQueue     : Executing identity-insert immediately
2025-06-26T23:30:51.659-04:00 DEBUG 11948 --- [hw] [           main] org.hibernate.SQL                        : 
    insert 
    into
        pedido
        (estado, fecha_pedido, id_usuario, id) 
    values
        (?, ?, ?, default)
Hibernate: 
    insert 
    into
        pedido
        (estado, fecha_pedido, id_usuario, id) 
    values
        (?, ?, ?, default)
2025-06-26T23:30:51.659-04:00 DEBUG 11948 --- [hw] [           main] org.hibernate.orm.results                : Initializer list is empty
2025-06-26T23:30:51.659-04:00 DEBUG 11948 --- [hw] [           main] o.h.id.IdentifierGeneratorHelper         : Extracted generated values [com.pedidos.hw.model.Pedido]: [Ljava.lang.Object;@7d2b2f3a
2025-06-26T23:30:51.660-04:00 DEBUG 11948 --- [hw] [           main] org.hibernate.engine.spi.ActionQueue     : Executing identity-insert immediately
2025-06-26T23:30:51.660-04:00 DEBUG 11948 --- [hw] [           main] org.hibernate.SQL                        : 
    insert 
    into
        detalle_pedido
        (cantidad, id_producto, id_pedido, id_detalle) 
    values
        (?, ?, ?, default)
Hibernate: 
    insert 
    into
        detalle_pedido
        (cantidad, id_producto, id_pedido, id_detalle) 
    values
        (?, ?, ?, default)
2025-06-26T23:30:51.661-04:00 DEBUG 11948 --- [hw] [           main] org.hibernate.orm.results                : Initializer list is empty
2025-06-26T23:30:51.661-04:00 DEBUG 11948 --- [hw] [           main] o.h.id.IdentifierGeneratorHelper         : Extracted generated values [com.pedidos.hw.model.DetallePedido]: [Ljava.lang.Object;@7ef4f2b0
2025-06-26T23:30:51.661-04:00 DEBUG 11948 --- [hw] [           main] o.h.j.internal.PersistenceUnitUtilImpl   : jakarta.persistence.PersistenceUnitUtil.getIdentifier is only intended to work with enhanced entities (although Hibernate also adapts this support to its proxies); however the passed entity was not enhanced (nor a proxy).. may not be able to read identifier
2025-06-26T23:30:51.661-04:00 DEBUG 11948 --- [hw] [           main] org.hibernate.engine.spi.ActionQueue     : Executing identity-insert immediately
2025-06-26T23:30:51.661-04:00 DEBUG 11948 --- [hw] [           main] org.hibernate.SQL                        : 
    insert 
    into
        pedido
        (estado, fecha_pedido, id_usuario, id) 
    values
        (?, ?, ?, default)
Hibernate: 
    insert 
    into
        pedido
        (estado, fecha_pedido, id_usuario, id) 
    values
        (?, ?, ?, default)
2025-06-26T23:30:51.662-04:00 DEBUG 11948 --- [hw] [           main] org.hibernate.orm.results                : Initializer list is empty
2025-06-26T23:30:51.662-04:00 DEBUG 11948 --- [hw] [           main] o.h.id.IdentifierGeneratorHelper         : Extracted generated values [com.pedidos.hw.model.Pedido]: [Ljava.lang.Object;@581242e1
2025-06-26T23:30:51.662-04:00 DEBUG 11948 --- [hw] [           main] org.hibernate.engine.spi.ActionQueue     : Executing identity-insert immediately
2025-06-26T23:30:51.662-04:00 DEBUG 11948 --- [hw] [           main] org.hibernate.SQL                        : 
    insert 
    into
        detalle_pedido
        (cantidad, id_producto, id_pedido, id_detalle) 
    values
        (?, ?, ?, default)
Hibernate: 
    insert 
    into
        detalle_pedido
        (cantidad, id_producto, id_pedido, id_detalle) 
    values
        (?, ?, ?, default)
2025-06-26T23:30:51.663-04:00 DEBUG 11948 --- [hw] [           main] org.hibernate.orm.results                : Initializer list is empty
2025-06-26T23:30:51.663-04:00 DEBUG 11948 --- [hw] [           main] o.h.id.IdentifierGeneratorHelper         : Extracted generated values [com.pedidos.hw.model.DetallePedido]: [Ljava.lang.Object;@2ff89271
2025-06-26T23:30:51.664-04:00 DEBUG 11948 --- [hw] [           main] o.h.e.i.AbstractFlushingEventListener    : Processing flush-time cascades
2025-06-26T23:30:51.664-04:00 DEBUG 11948 --- [hw] [           main] o.h.e.i.AbstractFlushingEventListener    : Dirty checking collections
2025-06-26T23:30:51.664-04:00 DEBUG 11948 --- [hw] [           main] org.hibernate.orm.sql.ast.create         : Created new SQL alias : p1_0
2025-06-26T23:30:51.664-04:00 DEBUG 11948 --- [hw] [           main] org.hibernate.orm.sql.ast.create         : Registration of TableGroup [StandardTableGroup(com.pedidos.hw.model.Pedido(2))] with identifierForTableGroup [com.pedidos.hw.model.Pedido] for NavigablePath [com.pedidos.hw.model.Pedido] 
2025-06-26T23:30:51.665-04:00 DEBUG 11948 --- [hw] [           main] org.hibernate.orm.results.graph.AST      : DomainResult Graph:
 \-EntityResultImpl [com.pedidos.hw.model.Pedido(2)]
 |  +-DelayedCollectionFetch [com.pedidos.hw.model.Pedido(2).detalles]
 |  +-BasicFetch [com.pedidos.hw.model.Pedido(2).estado]
 |  +-BasicFetch [com.pedidos.hw.model.Pedido(2).fecha_pedido]
 |  \-BasicFetch [com.pedidos.hw.model.Pedido(2).id_usuario]

2025-06-26T23:30:51.665-04:00 DEBUG 11948 --- [hw] [           main] org.hibernate.orm.sql.ast.tree           : SQL AST Tree:
    SelectStatement {
      FromClause {
        StandardTableGroup (p1 : com.pedidos.hw.model.Pedido(2)) {
          primaryTableReference : pedido as p1_0
        }
      }
    }

2025-06-26T23:30:51.665-04:00 DEBUG 11948 --- [hw] [           main] o.hibernate.engine.internal.Collections  : Collection found: [com.pedidos.hw.model.Pedido.detalles#2], was: [<unreferenced>] (initialized)
2025-06-26T23:30:51.665-04:00 DEBUG 11948 --- [hw] [           main] o.hibernate.engine.internal.Collections  : Collection found: [com.pedidos.hw.model.Pedido.detalles#3], was: [<unreferenced>] (initialized)
2025-06-26T23:30:51.665-04:00 DEBUG 11948 --- [hw] [           main] o.h.e.i.AbstractFlushingEventListener    : Flushed: 0 insertions, 0 updates, 0 deletions to 4 objects
2025-06-26T23:30:51.665-04:00 DEBUG 11948 --- [hw] [           main] o.h.e.i.AbstractFlushingEventListener    : Flushed: 2 (re)creations, 0 updates, 0 removals to 2 collections
2025-06-26T23:30:51.665-04:00 DEBUG 11948 --- [hw] [           main] o.hibernate.internal.util.EntityPrinter  : Listing entities:
2025-06-26T23:30:51.665-04:00 DEBUG 11948 --- [hw] [           main] o.hibernate.internal.util.EntityPrinter  : com.pedidos.hw.model.Pedido{estado=2, fecha_pedido=2025-06-22, id_usuario=11, detalles=[com.pedidos.hw.model.DetallePedido#2], id=2}
2025-06-26T23:30:51.665-04:00 DEBUG 11948 --- [hw] [           main] o.hibernate.internal.util.EntityPrinter  : com.pedidos.hw.model.Pedido{estado=1, fecha_pedido=2025-06-21, id_usuario=10, detalles=[com.pedidos.hw.model.DetallePedido#3], id=3}
2025-06-26T23:30:51.665-04:00 DEBUG 11948 --- [hw] [           main] o.hibernate.internal.util.EntityPrinter  : com.pedidos.hw.model.DetallePedido{id_detalle=2, pedido=com.pedidos.hw.model.Pedido#2, id_producto=9, cantidad=6}
2025-06-26T23:30:51.665-04:00 DEBUG 11948 --- [hw] [           main] o.hibernate.internal.util.EntityPrinter  : com.pedidos.hw.model.DetallePedido{id_detalle=3, pedido=com.pedidos.hw.model.Pedido#3, id_producto=2, cantidad=3}
2025-06-26T23:30:51.665-04:00 DEBUG 11948 --- [hw] [           main] org.hibernate.orm.sql.exec               : Skipping reading Query result cache data: cache-enabled = false, cache-mode = NORMAL
2025-06-26T23:30:51.665-04:00 DEBUG 11948 --- [hw] [           main] org.hibernate.SQL                        : 
    select
        p1_0.id,
        p1_0.estado,
        p1_0.fecha_pedido,
        p1_0.id_usuario 
    from
        pedido p1_0
Hibernate: 
    select
        p1_0.id,
        p1_0.estado,
        p1_0.fecha_pedido,
        p1_0.id_usuario 
    from
        pedido p1_0
2025-06-26T23:30:51.666-04:00 DEBUG 11948 --- [hw] [           main] org.hibernate.orm.results                : Initializer list:
	  com.pedidos.hw.model.Pedido(2) -> EntityJoinedFetchInitializer(com.pedidos.hw.model.Pedido(2))@1302369269 (SingleTableEntityPersister(com.pedidos.hw.model.Pedido))
	  com.pedidos.hw.model.Pedido(2).detalles -> DelayedCollectionInitializer(com.pedidos.hw.model.Pedido(2).detalles)@2871612 (PluralAttribute(com.pedidos.hw.model.Pedido.detalles))

2025-06-26T23:30:51.678-04:00 DEBUG 11948 --- [hw] [           main] o.h.e.t.internal.TransactionImpl         : rolling back
]]></system-out>
  </testcase>
  <testcase name="buscarPedidoPorUsuario" classname="com.pedidos.hw.repository.PedidoRepositoryUniTest" time="0.013">
    <system-out><![CDATA[2025-06-26T23:30:51.680-04:00 DEBUG 11948 --- [hw] [           main] o.h.e.t.internal.TransactionImpl         : On TransactionImpl creation, JpaCompliance#isJpaTransactionComplianceEnabled == false
2025-06-26T23:30:51.680-04:00 DEBUG 11948 --- [hw] [           main] o.h.e.t.internal.TransactionImpl         : begin
2025-06-26T23:30:51.681-04:00 DEBUG 11948 --- [hw] [           main] o.h.j.internal.PersistenceUnitUtilImpl   : jakarta.persistence.PersistenceUnitUtil.getIdentifier is only intended to work with enhanced entities (although Hibernate also adapts this support to its proxies); however the passed entity was not enhanced (nor a proxy).. may not be able to read identifier
2025-06-26T23:30:51.682-04:00 DEBUG 11948 --- [hw] [           main] org.hibernate.engine.spi.ActionQueue     : Executing identity-insert immediately
2025-06-26T23:30:51.682-04:00 DEBUG 11948 --- [hw] [           main] org.hibernate.SQL                        : 
    insert 
    into
        pedido
        (estado, fecha_pedido, id_usuario, id) 
    values
        (?, ?, ?, default)
Hibernate: 
    insert 
    into
        pedido
        (estado, fecha_pedido, id_usuario, id) 
    values
        (?, ?, ?, default)
2025-06-26T23:30:51.683-04:00 DEBUG 11948 --- [hw] [           main] org.hibernate.orm.results                : Initializer list is empty
2025-06-26T23:30:51.683-04:00 DEBUG 11948 --- [hw] [           main] o.h.id.IdentifierGeneratorHelper         : Extracted generated values [com.pedidos.hw.model.Pedido]: [Ljava.lang.Object;@b439e50
2025-06-26T23:30:51.684-04:00 DEBUG 11948 --- [hw] [           main] org.hibernate.engine.spi.ActionQueue     : Executing identity-insert immediately
2025-06-26T23:30:51.684-04:00 DEBUG 11948 --- [hw] [           main] org.hibernate.SQL                        : 
    insert 
    into
        detalle_pedido
        (cantidad, id_producto, id_pedido, id_detalle) 
    values
        (?, ?, ?, default)
Hibernate: 
    insert 
    into
        detalle_pedido
        (cantidad, id_producto, id_pedido, id_detalle) 
    values
        (?, ?, ?, default)
2025-06-26T23:30:51.685-04:00 DEBUG 11948 --- [hw] [           main] org.hibernate.orm.results                : Initializer list is empty
2025-06-26T23:30:51.685-04:00 DEBUG 11948 --- [hw] [           main] o.h.id.IdentifierGeneratorHelper         : Extracted generated values [com.pedidos.hw.model.DetallePedido]: [Ljava.lang.Object;@622eee0b
2025-06-26T23:30:51.686-04:00 DEBUG 11948 --- [hw] [           main] org.hibernate.orm.query.plan.cache       : Creating and caching NativeQuery ParameterInterpretation - ParameterInterpretationImpl (SELECT * FROM pedido WHERE id_usuario = ?) : {
    
}
2025-06-26T23:30:51.686-04:00 DEBUG 11948 --- [hw] [           main] o.h.e.i.AbstractFlushingEventListener    : Processing flush-time cascades
2025-06-26T23:30:51.686-04:00 DEBUG 11948 --- [hw] [           main] o.h.e.i.AbstractFlushingEventListener    : Dirty checking collections
2025-06-26T23:30:51.686-04:00 DEBUG 11948 --- [hw] [           main] o.hibernate.engine.internal.Collections  : Collection found: [com.pedidos.hw.model.Pedido.detalles#4], was: [<unreferenced>] (initialized)
2025-06-26T23:30:51.686-04:00 DEBUG 11948 --- [hw] [           main] o.h.e.i.AbstractFlushingEventListener    : Flushed: 0 insertions, 0 updates, 0 deletions to 2 objects
2025-06-26T23:30:51.686-04:00 DEBUG 11948 --- [hw] [           main] o.h.e.i.AbstractFlushingEventListener    : Flushed: 1 (re)creations, 0 updates, 0 removals to 1 collections
2025-06-26T23:30:51.686-04:00 DEBUG 11948 --- [hw] [           main] o.hibernate.internal.util.EntityPrinter  : Listing entities:
2025-06-26T23:30:51.686-04:00 DEBUG 11948 --- [hw] [           main] o.hibernate.internal.util.EntityPrinter  : com.pedidos.hw.model.Pedido{estado=2, fecha_pedido=2025-06-22, id_usuario=22, detalles=[com.pedidos.hw.model.DetallePedido#4], id=4}
2025-06-26T23:30:51.686-04:00 DEBUG 11948 --- [hw] [           main] o.hibernate.internal.util.EntityPrinter  : com.pedidos.hw.model.DetallePedido{id_detalle=4, pedido=com.pedidos.hw.model.Pedido#4, id_producto=7, cantidad=6}
2025-06-26T23:30:51.687-04:00 DEBUG 11948 --- [hw] [           main] o.h.e.i.AbstractFlushingEventListener    : Processing flush-time cascades
2025-06-26T23:30:51.687-04:00 DEBUG 11948 --- [hw] [           main] o.h.e.i.AbstractFlushingEventListener    : Dirty checking collections
2025-06-26T23:30:51.687-04:00 DEBUG 11948 --- [hw] [           main] o.hibernate.engine.internal.Collections  : Collection found: [com.pedidos.hw.model.Pedido.detalles#4], was: [com.pedidos.hw.model.Pedido.detalles#4] (initialized)
2025-06-26T23:30:51.688-04:00 DEBUG 11948 --- [hw] [           main] o.h.e.i.AbstractFlushingEventListener    : Flushed: 0 insertions, 0 updates, 0 deletions to 2 objects
2025-06-26T23:30:51.688-04:00 DEBUG 11948 --- [hw] [           main] o.h.e.i.AbstractFlushingEventListener    : Flushed: 0 (re)creations, 0 updates, 0 removals to 1 collections
2025-06-26T23:30:51.688-04:00 DEBUG 11948 --- [hw] [           main] o.hibernate.internal.util.EntityPrinter  : Listing entities:
2025-06-26T23:30:51.688-04:00 DEBUG 11948 --- [hw] [           main] o.hibernate.internal.util.EntityPrinter  : com.pedidos.hw.model.Pedido{estado=2, fecha_pedido=2025-06-22, id_usuario=22, detalles=[com.pedidos.hw.model.DetallePedido#4], id=4}
2025-06-26T23:30:51.688-04:00 DEBUG 11948 --- [hw] [           main] o.hibernate.internal.util.EntityPrinter  : com.pedidos.hw.model.DetallePedido{id_detalle=4, pedido=com.pedidos.hw.model.Pedido#4, id_producto=7, cantidad=6}
2025-06-26T23:30:51.688-04:00 DEBUG 11948 --- [hw] [           main] org.hibernate.orm.sql.exec               : Skipping reading Query result cache data: cache-enabled = false, cache-mode = NORMAL
2025-06-26T23:30:51.688-04:00 DEBUG 11948 --- [hw] [           main] org.hibernate.SQL                        : 
    SELECT
        * 
    FROM
        pedido 
    WHERE
        id_usuario = ?
Hibernate: 
    SELECT
        * 
    FROM
        pedido 
    WHERE
        id_usuario = ?
2025-06-26T23:30:51.689-04:00 DEBUG 11948 --- [hw] [           main] org.hibernate.orm.results                : Disallowing positional selections : SELECT * FROM pedido WHERE id_usuario = :id_usuario
2025-06-26T23:30:51.690-04:00 DEBUG 11948 --- [hw] [           main] org.hibernate.orm.results                : Initializer list:
	  com.pedidos.hw.model.Pedido -> EntityJoinedFetchInitializer(com.pedidos.hw.model.Pedido)@867343513 (SingleTableEntityPersister(com.pedidos.hw.model.Pedido))
	  com.pedidos.hw.model.Pedido.detalles -> DelayedCollectionInitializer(com.pedidos.hw.model.Pedido.detalles)@1855035345 (PluralAttribute(com.pedidos.hw.model.Pedido.detalles))

2025-06-26T23:30:51.691-04:00 DEBUG 11948 --- [hw] [           main] o.h.e.t.internal.TransactionImpl         : rolling back
]]></system-out>
  </testcase>
  <testcase name="guardarPedido" classname="com.pedidos.hw.repository.PedidoRepositoryUniTest" time="0.008">
    <system-out><![CDATA[2025-06-26T23:30:51.694-04:00 DEBUG 11948 --- [hw] [           main] o.h.e.t.internal.TransactionImpl         : On TransactionImpl creation, JpaCompliance#isJpaTransactionComplianceEnabled == false
2025-06-26T23:30:51.694-04:00 DEBUG 11948 --- [hw] [           main] o.h.e.t.internal.TransactionImpl         : begin
2025-06-26T23:30:51.696-04:00 DEBUG 11948 --- [hw] [           main] o.h.j.internal.PersistenceUnitUtilImpl   : jakarta.persistence.PersistenceUnitUtil.getIdentifier is only intended to work with enhanced entities (although Hibernate also adapts this support to its proxies); however the passed entity was not enhanced (nor a proxy).. may not be able to read identifier
2025-06-26T23:30:51.696-04:00 DEBUG 11948 --- [hw] [           main] org.hibernate.engine.spi.ActionQueue     : Executing identity-insert immediately
2025-06-26T23:30:51.696-04:00 DEBUG 11948 --- [hw] [           main] org.hibernate.SQL                        : 
    insert 
    into
        pedido
        (estado, fecha_pedido, id_usuario, id) 
    values
        (?, ?, ?, default)
Hibernate: 
    insert 
    into
        pedido
        (estado, fecha_pedido, id_usuario, id) 
    values
        (?, ?, ?, default)
2025-06-26T23:30:51.697-04:00 DEBUG 11948 --- [hw] [           main] org.hibernate.orm.results                : Initializer list is empty
2025-06-26T23:30:51.697-04:00 DEBUG 11948 --- [hw] [           main] o.h.id.IdentifierGeneratorHelper         : Extracted generated values [com.pedidos.hw.model.Pedido]: [Ljava.lang.Object;@2a74149d
2025-06-26T23:30:51.698-04:00 DEBUG 11948 --- [hw] [           main] org.hibernate.engine.spi.ActionQueue     : Executing identity-insert immediately
2025-06-26T23:30:51.698-04:00 DEBUG 11948 --- [hw] [           main] org.hibernate.SQL                        : 
    insert 
    into
        detalle_pedido
        (cantidad, id_producto, id_pedido, id_detalle) 
    values
        (?, ?, ?, default)
Hibernate: 
    insert 
    into
        detalle_pedido
        (cantidad, id_producto, id_pedido, id_detalle) 
    values
        (?, ?, ?, default)
2025-06-26T23:30:51.699-04:00 DEBUG 11948 --- [hw] [           main] org.hibernate.orm.results                : Initializer list is empty
2025-06-26T23:30:51.699-04:00 DEBUG 11948 --- [hw] [           main] o.h.id.IdentifierGeneratorHelper         : Extracted generated values [com.pedidos.hw.model.DetallePedido]: [Ljava.lang.Object;@4a31924e
2025-06-26T23:30:51.700-04:00 DEBUG 11948 --- [hw] [           main] o.h.e.t.internal.TransactionImpl         : rolling back
]]></system-out>
  </testcase>
  <testcase name="contextLoads" classname="com.pedidos.hw.repository.PedidoRepositoryUniTest" time="0.004">
    <system-out><![CDATA[2025-06-26T23:30:51.703-04:00 DEBUG 11948 --- [hw] [           main] o.h.e.t.internal.TransactionImpl         : On TransactionImpl creation, JpaCompliance#isJpaTransactionComplianceEnabled == false
2025-06-26T23:30:51.703-04:00 DEBUG 11948 --- [hw] [           main] o.h.e.t.internal.TransactionImpl         : begin
2025-06-26T23:30:51.705-04:00 DEBUG 11948 --- [hw] [           main] o.h.e.t.internal.TransactionImpl         : rolling back
]]></system-out>
  </testcase>
</testsuite>